-- Journal begins at Fri 2022-06-03 06:08:08 UTC, ends at Fri 2022-06-03 06:08:57 UTC. --
Jun 03 06:08:08 kind-worker systemd[1]: Starting containerd container runtime...
Jun 03 06:08:08 kind-worker systemd[1]: Started containerd container runtime.
Jun 03 06:08:08 kind-worker containerd[215]: time="2022-06-03T06:08:08.816356555Z" level=info msg="starting containerd" revision=212e8b6fa2f44b9c21b2798135fc6fb7c53efc16 version=v1.6.4
Jun 03 06:08:08 kind-worker containerd[215]: time="2022-06-03T06:08:08.841053926Z" level=info msg="loading plugin \"io.containerd.content.v1.content\"..." type=io.containerd.content.v1
Jun 03 06:08:08 kind-worker containerd[215]: time="2022-06-03T06:08:08.841132433Z" level=info msg="loading plugin \"io.containerd.snapshotter.v1.aufs\"..." type=io.containerd.snapshotter.v1
Jun 03 06:08:08 kind-worker containerd[215]: time="2022-06-03T06:08:08.843611837Z" level=info msg="loading plugin \"io.containerd.snapshotter.v1.btrfs\"..." type=io.containerd.snapshotter.v1
Jun 03 06:08:08 kind-worker containerd[215]: time="2022-06-03T06:08:08.844071105Z" level=info msg="skip loading plugin \"io.containerd.snapshotter.v1.btrfs\"..." error="path /var/lib/containerd/io.containerd.snapshotter.v1.btrfs (ext4) must be a btrfs filesystem to be used with the btrfs snapshotter: skip plugin" type=io.containerd.snapshotter.v1
Jun 03 06:08:08 kind-worker containerd[215]: time="2022-06-03T06:08:08.844116123Z" level=info msg="loading plugin \"io.containerd.snapshotter.v1.devmapper\"..." type=io.containerd.snapshotter.v1
Jun 03 06:08:08 kind-worker containerd[215]: time="2022-06-03T06:08:08.844135070Z" level=warning msg="failed to load plugin io.containerd.snapshotter.v1.devmapper" error="devmapper not configured"
Jun 03 06:08:08 kind-worker containerd[215]: time="2022-06-03T06:08:08.844147567Z" level=info msg="loading plugin \"io.containerd.snapshotter.v1.native\"..." type=io.containerd.snapshotter.v1
Jun 03 06:08:08 kind-worker containerd[215]: time="2022-06-03T06:08:08.844179665Z" level=info msg="loading plugin \"io.containerd.snapshotter.v1.overlayfs\"..." type=io.containerd.snapshotter.v1
Jun 03 06:08:08 kind-worker containerd[215]: time="2022-06-03T06:08:08.844383288Z" level=info msg="loading plugin \"io.containerd.snapshotter.v1.zfs\"..." type=io.containerd.snapshotter.v1
Jun 03 06:08:08 kind-worker containerd[215]: time="2022-06-03T06:08:08.844737288Z" level=info msg="skip loading plugin \"io.containerd.snapshotter.v1.zfs\"..." error="path /var/lib/containerd/io.containerd.snapshotter.v1.zfs must be a zfs filesystem to be used with the zfs snapshotter: skip plugin" type=io.containerd.snapshotter.v1
Jun 03 06:08:08 kind-worker containerd[215]: time="2022-06-03T06:08:08.844780087Z" level=info msg="loading plugin \"io.containerd.snapshotter.v1.fuse-overlayfs\"..." type=io.containerd.snapshotter.v1
Jun 03 06:08:08 kind-worker containerd[215]: time="2022-06-03T06:08:08.844921788Z" level=info msg="loading plugin \"io.containerd.metadata.v1.bolt\"..." type=io.containerd.metadata.v1
Jun 03 06:08:08 kind-worker containerd[215]: time="2022-06-03T06:08:08.845114643Z" level=warning msg="could not use snapshotter devmapper in metadata plugin" error="devmapper not configured"
Jun 03 06:08:08 kind-worker containerd[215]: time="2022-06-03T06:08:08.845145816Z" level=info msg="metadata content store policy set" policy=shared
Jun 03 06:08:08 kind-worker containerd[215]: time="2022-06-03T06:08:08.845260593Z" level=info msg="loading plugin \"io.containerd.differ.v1.walking\"..." type=io.containerd.differ.v1
Jun 03 06:08:08 kind-worker containerd[215]: time="2022-06-03T06:08:08.845320429Z" level=info msg="loading plugin \"io.containerd.event.v1.exchange\"..." type=io.containerd.event.v1
Jun 03 06:08:08 kind-worker containerd[215]: time="2022-06-03T06:08:08.845337529Z" level=info msg="loading plugin \"io.containerd.gc.v1.scheduler\"..." type=io.containerd.gc.v1
Jun 03 06:08:08 kind-worker containerd[215]: time="2022-06-03T06:08:08.845375557Z" level=info msg="loading plugin \"io.containerd.service.v1.introspection-service\"..." type=io.containerd.service.v1
Jun 03 06:08:08 kind-worker containerd[215]: time="2022-06-03T06:08:08.845399427Z" level=info msg="loading plugin \"io.containerd.service.v1.containers-service\"..." type=io.containerd.service.v1
Jun 03 06:08:08 kind-worker containerd[215]: time="2022-06-03T06:08:08.845416653Z" level=info msg="loading plugin \"io.containerd.service.v1.content-service\"..." type=io.containerd.service.v1
Jun 03 06:08:08 kind-worker containerd[215]: time="2022-06-03T06:08:08.845442731Z" level=info msg="loading plugin \"io.containerd.service.v1.diff-service\"..." type=io.containerd.service.v1
Jun 03 06:08:08 kind-worker containerd[215]: time="2022-06-03T06:08:08.845469300Z" level=info msg="loading plugin \"io.containerd.service.v1.images-service\"..." type=io.containerd.service.v1
Jun 03 06:08:08 kind-worker containerd[215]: time="2022-06-03T06:08:08.845486912Z" level=info msg="loading plugin \"io.containerd.service.v1.leases-service\"..." type=io.containerd.service.v1
Jun 03 06:08:08 kind-worker containerd[215]: time="2022-06-03T06:08:08.845501610Z" level=info msg="loading plugin \"io.containerd.service.v1.namespaces-service\"..." type=io.containerd.service.v1
Jun 03 06:08:08 kind-worker containerd[215]: time="2022-06-03T06:08:08.845516311Z" level=info msg="loading plugin \"io.containerd.service.v1.snapshots-service\"..." type=io.containerd.service.v1
Jun 03 06:08:08 kind-worker containerd[215]: time="2022-06-03T06:08:08.845531908Z" level=info msg="loading plugin \"io.containerd.runtime.v1.linux\"..." type=io.containerd.runtime.v1
Jun 03 06:08:08 kind-worker containerd[215]: time="2022-06-03T06:08:08.845585002Z" level=info msg="loading plugin \"io.containerd.runtime.v2.task\"..." type=io.containerd.runtime.v2
Jun 03 06:08:08 kind-worker containerd[215]: time="2022-06-03T06:08:08.845637712Z" level=info msg="loading plugin \"io.containerd.monitor.v1.cgroups\"..." type=io.containerd.monitor.v1
Jun 03 06:08:08 kind-worker containerd[215]: time="2022-06-03T06:08:08.845995594Z" level=info msg="loading plugin \"io.containerd.service.v1.tasks-service\"..." type=io.containerd.service.v1
Jun 03 06:08:08 kind-worker containerd[215]: time="2022-06-03T06:08:08.846042363Z" level=info msg="loading plugin \"io.containerd.grpc.v1.introspection\"..." type=io.containerd.grpc.v1
Jun 03 06:08:08 kind-worker containerd[215]: time="2022-06-03T06:08:08.846060082Z" level=info msg="loading plugin \"io.containerd.internal.v1.restart\"..." type=io.containerd.internal.v1
Jun 03 06:08:08 kind-worker containerd[215]: time="2022-06-03T06:08:08.846106412Z" level=info msg="loading plugin \"io.containerd.grpc.v1.containers\"..." type=io.containerd.grpc.v1
Jun 03 06:08:08 kind-worker containerd[215]: time="2022-06-03T06:08:08.846122362Z" level=info msg="loading plugin \"io.containerd.grpc.v1.content\"..." type=io.containerd.grpc.v1
Jun 03 06:08:08 kind-worker containerd[215]: time="2022-06-03T06:08:08.846146177Z" level=info msg="loading plugin \"io.containerd.grpc.v1.diff\"..." type=io.containerd.grpc.v1
Jun 03 06:08:08 kind-worker containerd[215]: time="2022-06-03T06:08:08.846160685Z" level=info msg="loading plugin \"io.containerd.grpc.v1.events\"..." type=io.containerd.grpc.v1
Jun 03 06:08:08 kind-worker containerd[215]: time="2022-06-03T06:08:08.846186146Z" level=info msg="loading plugin \"io.containerd.grpc.v1.healthcheck\"..." type=io.containerd.grpc.v1
Jun 03 06:08:08 kind-worker containerd[215]: time="2022-06-03T06:08:08.846207245Z" level=info msg="loading plugin \"io.containerd.grpc.v1.images\"..." type=io.containerd.grpc.v1
Jun 03 06:08:08 kind-worker containerd[215]: time="2022-06-03T06:08:08.846231244Z" level=info msg="loading plugin \"io.containerd.grpc.v1.leases\"..." type=io.containerd.grpc.v1
Jun 03 06:08:08 kind-worker containerd[215]: time="2022-06-03T06:08:08.846250547Z" level=info msg="loading plugin \"io.containerd.grpc.v1.namespaces\"..." type=io.containerd.grpc.v1
Jun 03 06:08:08 kind-worker containerd[215]: time="2022-06-03T06:08:08.846266536Z" level=info msg="loading plugin \"io.containerd.internal.v1.opt\"..." type=io.containerd.internal.v1
Jun 03 06:08:08 kind-worker containerd[215]: time="2022-06-03T06:08:08.846347999Z" level=info msg="loading plugin \"io.containerd.grpc.v1.snapshots\"..." type=io.containerd.grpc.v1
Jun 03 06:08:08 kind-worker containerd[215]: time="2022-06-03T06:08:08.846373948Z" level=info msg="loading plugin \"io.containerd.grpc.v1.tasks\"..." type=io.containerd.grpc.v1
Jun 03 06:08:08 kind-worker containerd[215]: time="2022-06-03T06:08:08.846388455Z" level=info msg="loading plugin \"io.containerd.grpc.v1.version\"..." type=io.containerd.grpc.v1
Jun 03 06:08:08 kind-worker containerd[215]: time="2022-06-03T06:08:08.846401504Z" level=info msg="loading plugin \"io.containerd.tracing.processor.v1.otlp\"..." type=io.containerd.tracing.processor.v1
Jun 03 06:08:08 kind-worker containerd[215]: time="2022-06-03T06:08:08.846418134Z" level=info msg="skip loading plugin \"io.containerd.tracing.processor.v1.otlp\"..." error="no OpenTelemetry endpoint: skip plugin" type=io.containerd.tracing.processor.v1
Jun 03 06:08:08 kind-worker containerd[215]: time="2022-06-03T06:08:08.846436843Z" level=info msg="loading plugin \"io.containerd.internal.v1.tracing\"..." type=io.containerd.internal.v1
Jun 03 06:08:08 kind-worker containerd[215]: time="2022-06-03T06:08:08.846463279Z" level=error msg="failed to initialize a tracing processor \"otlp\"" error="no OpenTelemetry endpoint: skip plugin"
Jun 03 06:08:08 kind-worker containerd[215]: time="2022-06-03T06:08:08.846504863Z" level=info msg="loading plugin \"io.containerd.grpc.v1.cri\"..." type=io.containerd.grpc.v1
Jun 03 06:08:08 kind-worker containerd[215]: time="2022-06-03T06:08:08.846728366Z" level=warning msg="`mirrors` is deprecated, please use `config_path` instead"
Jun 03 06:08:08 kind-worker containerd[215]: time="2022-06-03T06:08:08.846861320Z" level=info msg="Start cri plugin with config {PluginConfig:{ContainerdConfig:{Snapshotter:overlayfs DefaultRuntimeName:runc DefaultRuntime:{Type: Path: Engine: PodAnnotations:[] ContainerAnnotations:[] Root: Options:map[] PrivilegedWithoutHostDevices:false BaseRuntimeSpec: NetworkPluginConfDir: NetworkPluginMaxConfNum:0} UntrustedWorkloadRuntime:{Type: Path: Engine: PodAnnotations:[] ContainerAnnotations:[] Root: Options:map[] PrivilegedWithoutHostDevices:false BaseRuntimeSpec: NetworkPluginConfDir: NetworkPluginMaxConfNum:0} Runtimes:map[runc:{Type:io.containerd.runc.v2 Path: Engine: PodAnnotations:[] ContainerAnnotations:[] Root: Options:map[SystemdCgroup:true] PrivilegedWithoutHostDevices:false BaseRuntimeSpec:/etc/containerd/cri-base.json NetworkPluginConfDir: NetworkPluginMaxConfNum:0} test-handler:{Type:io.containerd.runc.v2 Path: Engine: PodAnnotations:[] ContainerAnnotations:[] Root: Options:map[SystemdCgroup:true] PrivilegedWithoutHostDevices:false BaseRuntimeSpec:/etc/containerd/cri-base.json NetworkPluginConfDir: NetworkPluginMaxConfNum:0}] NoPivot:false DisableSnapshotAnnotations:true DiscardUnpackedLayers:true IgnoreRdtNotEnabledErrors:false} CniConfig:{NetworkPluginBinDir:/opt/cni/bin NetworkPluginConfDir:/etc/cni/net.d NetworkPluginMaxConfNum:1 NetworkPluginConfTemplate: IPPreference:} Registry:{ConfigPath: Mirrors:map[k8s.gcr.io:{Endpoints:[https://registry.k8s.io https://k8s.gcr.io]}] Configs:map[] Auths:map[] Headers:map[]} ImageDecryption:{KeyModel:node} DisableTCPService:true StreamServerAddress:127.0.0.1 StreamServerPort:0 StreamIdleTimeout:4h0m0s EnableSelinux:false SelinuxCategoryRange:1024 SandboxImage:k8s.gcr.io/pause:3.6 StatsCollectPeriod:10 SystemdCgroup:false EnableTLSStreaming:false X509KeyPairStreaming:{TLSCertFile: TLSKeyFile:} MaxContainerLogLineSize:16384 DisableCgroup:false DisableApparmor:false RestrictOOMScoreAdj:false MaxConcurrentDownloads:3 DisableProcMount:false UnsetSeccompProfile: TolerateMissingHugetlbController:true DisableHugetlbController:true DeviceOwnershipFromSecurityContext:false IgnoreImageDefinedVolumes:false NetNSMountsUnderStateDir:false EnableUnprivilegedPorts:false EnableUnprivilegedICMP:false} ContainerdRootDir:/var/lib/containerd ContainerdEndpoint:/run/containerd/containerd.sock RootDir:/var/lib/containerd/io.containerd.grpc.v1.cri StateDir:/run/containerd/io.containerd.grpc.v1.cri}"
Jun 03 06:08:08 kind-worker containerd[215]: time="2022-06-03T06:08:08.846959285Z" level=info msg="Connect containerd service"
Jun 03 06:08:08 kind-worker containerd[215]: time="2022-06-03T06:08:08.847012206Z" level=info msg="Get image filesystem path \"/var/lib/containerd/io.containerd.snapshotter.v1.overlayfs\""
Jun 03 06:08:08 kind-worker containerd[215]: time="2022-06-03T06:08:08.847447776Z" level=error msg="failed to load cni during init, please check CRI plugin status before setting up network for pods" error="cni config load failed: no network config found in /etc/cni/net.d: cni plugin not initialized: failed to load cni config"
Jun 03 06:08:08 kind-worker containerd[215]: time="2022-06-03T06:08:08.848548637Z" level=info msg=serving... address=/run/containerd/containerd.sock.ttrpc
Jun 03 06:08:08 kind-worker containerd[215]: time="2022-06-03T06:08:08.848616144Z" level=info msg=serving... address=/run/containerd/containerd.sock
Jun 03 06:08:08 kind-worker containerd[215]: time="2022-06-03T06:08:08.848648799Z" level=info msg="containerd successfully booted in 0.033478s"
Jun 03 06:08:08 kind-worker containerd[215]: time="2022-06-03T06:08:08.853868324Z" level=info msg="Start subscribing containerd event"
Jun 03 06:08:08 kind-worker containerd[215]: time="2022-06-03T06:08:08.854235247Z" level=info msg="Start recovering state"
Jun 03 06:08:08 kind-worker containerd[215]: time="2022-06-03T06:08:08.856409412Z" level=warning msg="The image docker.io/kindest/kindnetd:v20220510-4929dd75 is not unpacked."
Jun 03 06:08:08 kind-worker containerd[215]: time="2022-06-03T06:08:08.859086790Z" level=warning msg="The image docker.io/kindest/local-path-helper:v20220512-507ff70b is not unpacked."
Jun 03 06:08:08 kind-worker containerd[215]: time="2022-06-03T06:08:08.860172363Z" level=warning msg="The image docker.io/kindest/local-path-provisioner:v0.0.22-kind.0 is not unpacked."
Jun 03 06:08:08 kind-worker containerd[215]: time="2022-06-03T06:08:08.861024737Z" level=warning msg="The image import-2022-05-19@sha256:289df0671b753c90e6b717b92ada9af9bcb48678d59affc8cc27eef4f01e9251 is not unpacked."
Jun 03 06:08:08 kind-worker containerd[215]: time="2022-06-03T06:08:08.861661413Z" level=warning msg="The image import-2022-05-19@sha256:5611470386fb81d6d169bb37667ae1f9fa884631b265b54d8d9601d9338aad18 is not unpacked."
Jun 03 06:08:08 kind-worker containerd[215]: time="2022-06-03T06:08:08.862268309Z" level=warning msg="The image import-2022-05-19@sha256:654122cbd980cb4a8417347b8c84ecdbc81a735d3d01409bec6f37ef293511ca is not unpacked."
Jun 03 06:08:08 kind-worker containerd[215]: time="2022-06-03T06:08:08.862837902Z" level=warning msg="The image import-2022-05-19@sha256:948ca7c1da4b6108193f4dae34f2e94cfdaa901ab8876ba4009cc024673d2af4 is not unpacked."
Jun 03 06:08:08 kind-worker containerd[215]: time="2022-06-03T06:08:08.863610708Z" level=warning msg="The image k8s.gcr.io/coredns/coredns:v1.8.6 is not unpacked."
Jun 03 06:08:08 kind-worker containerd[215]: time="2022-06-03T06:08:08.865206340Z" level=warning msg="The image k8s.gcr.io/etcd:3.5.3-0 is not unpacked."
Jun 03 06:08:08 kind-worker containerd[215]: time="2022-06-03T06:08:08.866468996Z" level=warning msg="The image k8s.gcr.io/kube-apiserver:v1.24.0 is not unpacked."
Jun 03 06:08:08 kind-worker containerd[215]: time="2022-06-03T06:08:08.867211466Z" level=warning msg="The image k8s.gcr.io/kube-controller-manager:v1.24.0 is not unpacked."
Jun 03 06:08:08 kind-worker containerd[215]: time="2022-06-03T06:08:08.867882769Z" level=warning msg="The image k8s.gcr.io/kube-proxy:v1.24.0 is not unpacked."
Jun 03 06:08:08 kind-worker containerd[215]: time="2022-06-03T06:08:08.868446854Z" level=warning msg="The image k8s.gcr.io/kube-scheduler:v1.24.0 is not unpacked."
Jun 03 06:08:08 kind-worker containerd[215]: time="2022-06-03T06:08:08.869267631Z" level=warning msg="The image k8s.gcr.io/pause:3.6 is not unpacked."
Jun 03 06:08:08 kind-worker containerd[215]: time="2022-06-03T06:08:08.870253518Z" level=warning msg="The image sha256:41f5241e3396e516b754fd924d12444525720850c86aeac1b4bfd33616233b91 is not unpacked."
Jun 03 06:08:08 kind-worker containerd[215]: time="2022-06-03T06:08:08.871032270Z" level=warning msg="The image sha256:4c1e997385b8fb4ad4d1d3c7e5af7ff3f882e94d07cf5b78de9e889bc60830e6 is not unpacked."
Jun 03 06:08:08 kind-worker containerd[215]: time="2022-06-03T06:08:08.872166655Z" level=warning msg="The image sha256:6270bb605e12e581514ada5fd5b3216f727db55dc87d5889c790e4c760683fee is not unpacked."
Jun 03 06:08:08 kind-worker containerd[215]: time="2022-06-03T06:08:08.873337421Z" level=warning msg="The image sha256:64623e9d887d3ee33e56df43874531bf48391818f508505f21d6a5c5e4fa0da7 is not unpacked."
Jun 03 06:08:08 kind-worker containerd[215]: time="2022-06-03T06:08:08.874208594Z" level=warning msg="The image sha256:6960c0e47829dde050fa5a480f69ccca6bfbbdd1bab831aeed9040671b9dc30c is not unpacked."
Jun 03 06:08:08 kind-worker containerd[215]: time="2022-06-03T06:08:08.875127797Z" level=warning msg="The image sha256:6fb66cd78abfe9e0735a9a751f2586b7984e0d279e87fa8dd175781de6595627 is not unpacked."
Jun 03 06:08:08 kind-worker containerd[215]: time="2022-06-03T06:08:08.876094821Z" level=warning msg="The image sha256:9ef4b1de3be49aa0aa77d434a3c38e35c67c007b92a1c522825a46fc579ac998 is not unpacked."
Jun 03 06:08:08 kind-worker containerd[215]: time="2022-06-03T06:08:08.876975046Z" level=warning msg="The image sha256:a4ca41631cc7ac19ce1be3ebf0314ac5f47af7c711f17066006db82ee3b75b03 is not unpacked."
Jun 03 06:08:08 kind-worker containerd[215]: time="2022-06-03T06:08:08.878596679Z" level=warning msg="The image sha256:aebe758cef4cd05b9f8cee39758227714d02f42ef3088023c1e3cd454f927a2b is not unpacked."
Jun 03 06:08:08 kind-worker containerd[215]: time="2022-06-03T06:08:08.880083665Z" level=warning msg="The image sha256:efa8a439d146031cd20318ad4cb2eb712a2d638d503420212158ee737805e95a is not unpacked."
Jun 03 06:08:08 kind-worker containerd[215]: time="2022-06-03T06:08:08.880678775Z" level=info msg="Start event monitor"
Jun 03 06:08:08 kind-worker containerd[215]: time="2022-06-03T06:08:08.880800436Z" level=info msg="Start snapshots syncer"
Jun 03 06:08:08 kind-worker containerd[215]: time="2022-06-03T06:08:08.880927204Z" level=info msg="Start cni network conf syncer for default"
Jun 03 06:08:08 kind-worker containerd[215]: time="2022-06-03T06:08:08.881054399Z" level=info msg="Start streaming server"
Jun 03 06:08:57 kind-worker containerd[215]: time="2022-06-03T06:08:57.919644656Z" level=info msg="No cni config template is specified, wait for other system components to drop the config."
