2022-06-06T15:34:05.19718334Z stderr F I0606 15:34:05.197036       1 server.go:558] external host was not specified, using 172.19.0.4
2022-06-06T15:34:05.197677132Z stderr F I0606 15:34:05.197591       1 server.go:158] Version: v1.24.0
2022-06-06T15:34:05.197696746Z stderr F I0606 15:34:05.197619       1 server.go:160] "Golang settings" GOGC="" GOMAXPROCS="" GOTRACEBACK=""
2022-06-06T15:34:05.499894875Z stderr F I0606 15:34:05.499771       1 shared_informer.go:255] Waiting for caches to sync for node_authorizer
2022-06-06T15:34:05.5020771Z stderr F I0606 15:34:05.501983       1 plugins.go:158] Loaded 12 mutating admission controller(s) successfully in the following order: NamespaceLifecycle,LimitRanger,ServiceAccount,NodeRestriction,TaintNodesByCondition,Priority,DefaultTolerationSeconds,DefaultStorageClass,StorageObjectInUseProtection,RuntimeClass,DefaultIngressClass,MutatingAdmissionWebhook.
2022-06-06T15:34:05.502130831Z stderr F I0606 15:34:05.502006       1 plugins.go:161] Loaded 11 validating admission controller(s) successfully in the following order: LimitRanger,ServiceAccount,PodSecurity,Priority,PersistentVolumeClaimResize,RuntimeClass,CertificateApproval,CertificateSigning,CertificateSubjectRestriction,ValidatingAdmissionWebhook,ResourceQuota.
2022-06-06T15:34:05.503344815Z stderr F I0606 15:34:05.503261       1 plugins.go:158] Loaded 12 mutating admission controller(s) successfully in the following order: NamespaceLifecycle,LimitRanger,ServiceAccount,NodeRestriction,TaintNodesByCondition,Priority,DefaultTolerationSeconds,DefaultStorageClass,StorageObjectInUseProtection,RuntimeClass,DefaultIngressClass,MutatingAdmissionWebhook.
2022-06-06T15:34:05.503354863Z stderr F I0606 15:34:05.503277       1 plugins.go:161] Loaded 11 validating admission controller(s) successfully in the following order: LimitRanger,ServiceAccount,PodSecurity,Priority,PersistentVolumeClaimResize,RuntimeClass,CertificateApproval,CertificateSigning,CertificateSubjectRestriction,ValidatingAdmissionWebhook,ResourceQuota.
2022-06-06T15:34:05.506126416Z stderr F W0606 15:34:05.506045       1 clientconn.go:1331] [core] grpc: addrConn.createTransport failed to connect to {127.0.0.1:2379 127.0.0.1 <nil> 0 <nil>}. Err: connection error: desc = "transport: Error while dialing dial tcp 127.0.0.1:2379: connect: connection refused". Reconnecting...
2022-06-06T15:34:06.500418034Z stderr F W0606 15:34:06.500328       1 clientconn.go:1331] [core] grpc: addrConn.createTransport failed to connect to {127.0.0.1:2379 127.0.0.1 <nil> 0 <nil>}. Err: connection error: desc = "transport: Error while dialing dial tcp 127.0.0.1:2379: connect: connection refused". Reconnecting...
2022-06-06T15:34:06.507159693Z stderr F W0606 15:34:06.507090       1 clientconn.go:1331] [core] grpc: addrConn.createTransport failed to connect to {127.0.0.1:2379 127.0.0.1 <nil> 0 <nil>}. Err: connection error: desc = "transport: Error while dialing dial tcp 127.0.0.1:2379: connect: connection refused". Reconnecting...
2022-06-06T15:34:08.447545544Z stderr F W0606 15:34:08.447417       1 genericapiserver.go:557] Skipping API apiextensions.k8s.io/v1beta1 because it has no resources.
2022-06-06T15:34:08.448457082Z stderr F I0606 15:34:08.448386       1 instance.go:274] Using reconciler: lease
2022-06-06T15:34:08.696015572Z stderr F I0606 15:34:08.695884       1 instance.go:586] API group "internal.apiserver.k8s.io" is not enabled, skipping.
2022-06-06T15:34:09.235808969Z stderr F W0606 15:34:09.235675       1 genericapiserver.go:557] Skipping API authentication.k8s.io/v1beta1 because it has no resources.
2022-06-06T15:34:09.237657662Z stderr F W0606 15:34:09.237560       1 genericapiserver.go:557] Skipping API authorization.k8s.io/v1beta1 because it has no resources.
2022-06-06T15:34:09.253716779Z stderr F W0606 15:34:09.253597       1 genericapiserver.go:557] Skipping API certificates.k8s.io/v1beta1 because it has no resources.
2022-06-06T15:34:09.255630196Z stderr F W0606 15:34:09.255521       1 genericapiserver.go:557] Skipping API coordination.k8s.io/v1beta1 because it has no resources.
2022-06-06T15:34:09.264190319Z stderr F W0606 15:34:09.264070       1 genericapiserver.go:557] Skipping API networking.k8s.io/v1beta1 because it has no resources.
2022-06-06T15:34:09.268370051Z stderr F W0606 15:34:09.268278       1 genericapiserver.go:557] Skipping API node.k8s.io/v1alpha1 because it has no resources.
2022-06-06T15:34:09.277895286Z stderr F W0606 15:34:09.277762       1 genericapiserver.go:557] Skipping API rbac.authorization.k8s.io/v1beta1 because it has no resources.
2022-06-06T15:34:09.277920373Z stderr F W0606 15:34:09.277786       1 genericapiserver.go:557] Skipping API rbac.authorization.k8s.io/v1alpha1 because it has no resources.
2022-06-06T15:34:09.280276386Z stderr F W0606 15:34:09.280192       1 genericapiserver.go:557] Skipping API scheduling.k8s.io/v1beta1 because it has no resources.
2022-06-06T15:34:09.280288856Z stderr F W0606 15:34:09.280211       1 genericapiserver.go:557] Skipping API scheduling.k8s.io/v1alpha1 because it has no resources.
2022-06-06T15:34:09.286787909Z stderr F W0606 15:34:09.286707       1 genericapiserver.go:557] Skipping API storage.k8s.io/v1alpha1 because it has no resources.
2022-06-06T15:34:09.293084499Z stderr F W0606 15:34:09.292974       1 genericapiserver.go:557] Skipping API flowcontrol.apiserver.k8s.io/v1alpha1 because it has no resources.
2022-06-06T15:34:09.299487663Z stderr F W0606 15:34:09.299392       1 genericapiserver.go:557] Skipping API apps/v1beta2 because it has no resources.
2022-06-06T15:34:09.299502658Z stderr F W0606 15:34:09.299412       1 genericapiserver.go:557] Skipping API apps/v1beta1 because it has no resources.
2022-06-06T15:34:09.3022427Z stderr F W0606 15:34:09.302148       1 genericapiserver.go:557] Skipping API admissionregistration.k8s.io/v1beta1 because it has no resources.
2022-06-06T15:34:09.307855591Z stderr F I0606 15:34:09.307749       1 plugins.go:158] Loaded 12 mutating admission controller(s) successfully in the following order: NamespaceLifecycle,LimitRanger,ServiceAccount,NodeRestriction,TaintNodesByCondition,Priority,DefaultTolerationSeconds,DefaultStorageClass,StorageObjectInUseProtection,RuntimeClass,DefaultIngressClass,MutatingAdmissionWebhook.
2022-06-06T15:34:09.307874569Z stderr F I0606 15:34:09.307768       1 plugins.go:161] Loaded 11 validating admission controller(s) successfully in the following order: LimitRanger,ServiceAccount,PodSecurity,Priority,PersistentVolumeClaimResize,RuntimeClass,CertificateApproval,CertificateSigning,CertificateSubjectRestriction,ValidatingAdmissionWebhook,ResourceQuota.
2022-06-06T15:34:09.340159141Z stderr F W0606 15:34:09.340031       1 genericapiserver.go:557] Skipping API apiregistration.k8s.io/v1beta1 because it has no resources.
2022-06-06T15:34:10.924266041Z stderr F I0606 15:34:10.924131       1 dynamic_cafile_content.go:157] "Starting controller" name="request-header::/etc/kubernetes/pki/front-proxy-ca.crt"
2022-06-06T15:34:10.924303629Z stderr F I0606 15:34:10.924142       1 dynamic_cafile_content.go:157] "Starting controller" name="client-ca-bundle::/etc/kubernetes/pki/ca.crt"
2022-06-06T15:34:10.924460206Z stderr F I0606 15:34:10.924379       1 dynamic_serving_content.go:132] "Starting controller" name="serving-cert::/etc/kubernetes/pki/apiserver.crt::/etc/kubernetes/pki/apiserver.key"
2022-06-06T15:34:10.92462369Z stderr F I0606 15:34:10.924540       1 secure_serving.go:210] Serving securely on [::]:6443
2022-06-06T15:34:10.924642756Z stderr F I0606 15:34:10.924605       1 tlsconfig.go:240] "Starting DynamicServingCertificateController"
2022-06-06T15:34:10.924713128Z stderr F I0606 15:34:10.924645       1 autoregister_controller.go:141] Starting autoregister controller
2022-06-06T15:34:10.924722219Z stderr F I0606 15:34:10.924659       1 cache.go:32] Waiting for caches to sync for autoregister controller
2022-06-06T15:34:10.924725508Z stderr F I0606 15:34:10.924659       1 apiservice_controller.go:97] Starting APIServiceRegistrationController
2022-06-06T15:34:10.924729093Z stderr F I0606 15:34:10.924674       1 cache.go:32] Waiting for caches to sync for APIServiceRegistrationController controller
2022-06-06T15:34:10.924751492Z stderr F I0606 15:34:10.924711       1 controller.go:83] Starting OpenAPI AggregationController
2022-06-06T15:34:10.924754978Z stderr F I0606 15:34:10.924728       1 customresource_discovery_controller.go:209] Starting DiscoveryController
2022-06-06T15:34:10.925032487Z stderr F I0606 15:34:10.924929       1 available_controller.go:491] Starting AvailableConditionController
2022-06-06T15:34:10.925041916Z stderr F I0606 15:34:10.924949       1 cache.go:32] Waiting for caches to sync for AvailableConditionController controller
2022-06-06T15:34:10.925067918Z stderr F I0606 15:34:10.925032       1 controller.go:80] Starting OpenAPI V3 AggregationController
2022-06-06T15:34:10.925141493Z stderr F I0606 15:34:10.925060       1 cluster_authentication_trust_controller.go:440] Starting cluster_authentication_trust_controller controller
2022-06-06T15:34:10.925150232Z stderr F I0606 15:34:10.925077       1 shared_informer.go:255] Waiting for caches to sync for cluster_authentication_trust_controller
2022-06-06T15:34:10.925153798Z stderr F I0606 15:34:10.925094       1 crdregistration_controller.go:111] Starting crd-autoregister controller
2022-06-06T15:34:10.925156748Z stderr F I0606 15:34:10.925099       1 shared_informer.go:255] Waiting for caches to sync for crd-autoregister
2022-06-06T15:34:10.925197851Z stderr F I0606 15:34:10.925141       1 dynamic_serving_content.go:132] "Starting controller" name="aggregator-proxy-cert::/etc/kubernetes/pki/front-proxy-client.crt::/etc/kubernetes/pki/front-proxy-client.key"
2022-06-06T15:34:10.926045153Z stderr F I0606 15:34:10.925947       1 dynamic_cafile_content.go:157] "Starting controller" name="client-ca-bundle::/etc/kubernetes/pki/ca.crt"
2022-06-06T15:34:10.93294929Z stderr F I0606 15:34:10.932863       1 controller.go:85] Starting OpenAPI controller
2022-06-06T15:34:10.932960725Z stderr F I0606 15:34:10.932892       1 controller.go:85] Starting OpenAPI V3 controller
2022-06-06T15:34:10.932964465Z stderr F I0606 15:34:10.932906       1 naming_controller.go:291] Starting NamingConditionController
2022-06-06T15:34:10.932972712Z stderr F I0606 15:34:10.932919       1 establishing_controller.go:76] Starting EstablishingController
2022-06-06T15:34:10.933001191Z stderr F I0606 15:34:10.932935       1 nonstructuralschema_controller.go:192] Starting NonStructuralSchemaConditionController
2022-06-06T15:34:10.933010622Z stderr F I0606 15:34:10.932949       1 apiapproval_controller.go:186] Starting KubernetesAPIApprovalPolicyConformantConditionController
2022-06-06T15:34:10.933014185Z stderr F I0606 15:34:10.932969       1 crd_finalizer.go:266] Starting CRDFinalizer
2022-06-06T15:34:10.941329599Z stderr F I0606 15:34:10.939018       1 dynamic_cafile_content.go:157] "Starting controller" name="request-header::/etc/kubernetes/pki/front-proxy-ca.crt"
2022-06-06T15:34:10.941344442Z stderr F I0606 15:34:10.925068       1 apf_controller.go:317] Starting API Priority and Fairness config controller
2022-06-06T15:34:10.968418303Z stderr F I0606 15:34:10.968316       1 controller.go:611] quota admission added evaluator for: namespaces
2022-06-06T15:34:10.999959107Z stderr F I0606 15:34:10.999839       1 shared_informer.go:262] Caches are synced for node_authorizer
2022-06-06T15:34:11.024931297Z stderr F I0606 15:34:11.024812       1 cache.go:39] Caches are synced for APIServiceRegistrationController controller
2022-06-06T15:34:11.024960361Z stderr F I0606 15:34:11.024897       1 cache.go:39] Caches are synced for autoregister controller
2022-06-06T15:34:11.025207582Z stderr F I0606 15:34:11.025120       1 shared_informer.go:262] Caches are synced for cluster_authentication_trust_controller
2022-06-06T15:34:11.025217607Z stderr F I0606 15:34:11.025159       1 shared_informer.go:262] Caches are synced for crd-autoregister
2022-06-06T15:34:11.026374495Z stderr F I0606 15:34:11.026216       1 cache.go:39] Caches are synced for AvailableConditionController controller
2022-06-06T15:34:11.039514815Z stderr F I0606 15:34:11.039408       1 apf_controller.go:322] Running API Priority and Fairness config worker
2022-06-06T15:34:11.585521642Z stderr F I0606 15:34:11.585349       1 controller.go:132] OpenAPI AggregationController: action for item : Nothing (removed from the queue).
2022-06-06T15:34:11.585553043Z stderr F I0606 15:34:11.585382       1 controller.go:132] OpenAPI AggregationController: action for item k8s_internal_local_delegation_chain_0000000000: Nothing (removed from the queue).
2022-06-06T15:34:11.92475155Z stderr F E0606 15:34:11.924628       1 controller.go:113] loading OpenAPI spec for "" failed with: APIService  does not exist for update
2022-06-06T15:34:11.924779491Z stderr F I0606 15:34:11.924656       1 controller.go:126] OpenAPI AggregationController: action for item : Rate Limited Requeue.
2022-06-06T15:34:11.92864906Z stderr F I0606 15:34:11.928532       1 storage_scheduling.go:95] created PriorityClass system-node-critical with value 2000001000
2022-06-06T15:34:11.93117201Z stderr F I0606 15:34:11.931074       1 storage_scheduling.go:95] created PriorityClass system-cluster-critical with value 2000000000
2022-06-06T15:34:11.931184963Z stderr F I0606 15:34:11.931094       1 storage_scheduling.go:111] all system priority classes are created successfully or already exist.
2022-06-06T15:34:12.255993558Z stderr F I0606 15:34:12.255857       1 controller.go:611] quota admission added evaluator for: roles.rbac.authorization.k8s.io
2022-06-06T15:34:12.287087577Z stderr F I0606 15:34:12.286960       1 controller.go:611] quota admission added evaluator for: rolebindings.rbac.authorization.k8s.io
2022-06-06T15:34:12.381981538Z stderr F I0606 15:34:12.381864       1 alloc.go:327] "allocated clusterIPs" service="default/kubernetes" clusterIPs=map[IPv4:10.96.0.1]
2022-06-06T15:34:12.386602284Z stderr F W0606 15:34:12.386510       1 lease.go:234] Resetting endpoints for master service "kubernetes" to [172.19.0.4]
2022-06-06T15:34:12.387414219Z stderr F I0606 15:34:12.387322       1 controller.go:611] quota admission added evaluator for: endpoints
2022-06-06T15:34:12.390628779Z stderr F I0606 15:34:12.390530       1 controller.go:611] quota admission added evaluator for: endpointslices.discovery.k8s.io
2022-06-06T15:34:13.968453233Z stderr F I0606 15:34:13.968321       1 controller.go:611] quota admission added evaluator for: serviceaccounts
2022-06-06T15:34:13.973948828Z stderr F I0606 15:34:13.973822       1 controller.go:611] quota admission added evaluator for: deployments.apps
2022-06-06T15:34:13.981544713Z stderr F I0606 15:34:13.981404       1 alloc.go:327] "allocated clusterIPs" service="kube-system/kube-dns" clusterIPs=map[IPv4:10.96.0.10]
2022-06-06T15:34:13.989770873Z stderr F I0606 15:34:13.989660       1 controller.go:611] quota admission added evaluator for: daemonsets.apps
2022-06-06T15:34:14.05944426Z stderr F I0606 15:34:14.059362       1 controller.go:611] quota admission added evaluator for: leases.coordination.k8s.io
2022-06-06T15:34:27.706053913Z stderr F I0606 15:34:27.705864       1 controller.go:611] quota admission added evaluator for: controllerrevisions.apps
2022-06-06T15:34:27.955500397Z stderr F I0606 15:34:27.955341       1 controller.go:611] quota admission added evaluator for: replicasets.apps
2022-06-06T15:34:30.451648717Z stderr F I0606 15:34:30.435145       1 controller.go:611] quota admission added evaluator for: events.events.k8s.io
