2022-06-03T06:08:16.844705906Z stderr F I0603 06:08:16.844521       1 server.go:558] external host was not specified, using 172.19.0.2
2022-06-03T06:08:16.850573314Z stderr F I0603 06:08:16.845346       1 server.go:158] Version: v1.24.0
2022-06-03T06:08:16.850591782Z stderr F I0603 06:08:16.845372       1 server.go:160] "Golang settings" GOGC="" GOMAXPROCS="" GOTRACEBACK=""
2022-06-03T06:08:17.758349925Z stderr F I0603 06:08:17.758155       1 shared_informer.go:255] Waiting for caches to sync for node_authorizer
2022-06-03T06:08:17.760533029Z stderr F I0603 06:08:17.760435       1 plugins.go:158] Loaded 12 mutating admission controller(s) successfully in the following order: NamespaceLifecycle,LimitRanger,ServiceAccount,NodeRestriction,TaintNodesByCondition,Priority,DefaultTolerationSeconds,DefaultStorageClass,StorageObjectInUseProtection,RuntimeClass,DefaultIngressClass,MutatingAdmissionWebhook.
2022-06-03T06:08:17.760579567Z stderr F I0603 06:08:17.760462       1 plugins.go:161] Loaded 11 validating admission controller(s) successfully in the following order: LimitRanger,ServiceAccount,PodSecurity,Priority,PersistentVolumeClaimResize,RuntimeClass,CertificateApproval,CertificateSigning,CertificateSubjectRestriction,ValidatingAdmissionWebhook,ResourceQuota.
2022-06-03T06:08:17.761991429Z stderr F I0603 06:08:17.761838       1 plugins.go:158] Loaded 12 mutating admission controller(s) successfully in the following order: NamespaceLifecycle,LimitRanger,ServiceAccount,NodeRestriction,TaintNodesByCondition,Priority,DefaultTolerationSeconds,DefaultStorageClass,StorageObjectInUseProtection,RuntimeClass,DefaultIngressClass,MutatingAdmissionWebhook.
2022-06-03T06:08:17.762006006Z stderr F I0603 06:08:17.761863       1 plugins.go:161] Loaded 11 validating admission controller(s) successfully in the following order: LimitRanger,ServiceAccount,PodSecurity,Priority,PersistentVolumeClaimResize,RuntimeClass,CertificateApproval,CertificateSigning,CertificateSubjectRestriction,ValidatingAdmissionWebhook,ResourceQuota.
2022-06-03T06:08:17.764789443Z stderr F W0603 06:08:17.764713       1 clientconn.go:1331] [core] grpc: addrConn.createTransport failed to connect to {127.0.0.1:2379 127.0.0.1 <nil> 0 <nil>}. Err: connection error: desc = "transport: Error while dialing dial tcp 127.0.0.1:2379: connect: connection refused". Reconnecting...
2022-06-03T06:08:18.761553767Z stderr F W0603 06:08:18.759994       1 clientconn.go:1331] [core] grpc: addrConn.createTransport failed to connect to {127.0.0.1:2379 127.0.0.1 <nil> 0 <nil>}. Err: connection error: desc = "transport: Error while dialing dial tcp 127.0.0.1:2379: connect: connection refused". Reconnecting...
2022-06-03T06:08:18.766020798Z stderr F W0603 06:08:18.765926       1 clientconn.go:1331] [core] grpc: addrConn.createTransport failed to connect to {127.0.0.1:2379 127.0.0.1 <nil> 0 <nil>}. Err: connection error: desc = "transport: Error while dialing dial tcp 127.0.0.1:2379: connect: connection refused". Reconnecting...
2022-06-03T06:08:20.469833543Z stderr F W0603 06:08:20.469694       1 genericapiserver.go:557] Skipping API apiextensions.k8s.io/v1beta1 because it has no resources.
2022-06-03T06:08:20.470873713Z stderr F I0603 06:08:20.470780       1 instance.go:274] Using reconciler: lease
2022-06-03T06:08:20.716874378Z stderr F I0603 06:08:20.716724       1 instance.go:586] API group "internal.apiserver.k8s.io" is not enabled, skipping.
2022-06-03T06:08:21.243503584Z stderr F W0603 06:08:21.243360       1 genericapiserver.go:557] Skipping API authentication.k8s.io/v1beta1 because it has no resources.
2022-06-03T06:08:21.245421634Z stderr F W0603 06:08:21.245344       1 genericapiserver.go:557] Skipping API authorization.k8s.io/v1beta1 because it has no resources.
2022-06-03T06:08:21.261756105Z stderr F W0603 06:08:21.261656       1 genericapiserver.go:557] Skipping API certificates.k8s.io/v1beta1 because it has no resources.
2022-06-03T06:08:21.263663782Z stderr F W0603 06:08:21.263597       1 genericapiserver.go:557] Skipping API coordination.k8s.io/v1beta1 because it has no resources.
2022-06-03T06:08:21.27112728Z stderr F W0603 06:08:21.271040       1 genericapiserver.go:557] Skipping API networking.k8s.io/v1beta1 because it has no resources.
2022-06-03T06:08:21.274788149Z stderr F W0603 06:08:21.274707       1 genericapiserver.go:557] Skipping API node.k8s.io/v1alpha1 because it has no resources.
2022-06-03T06:08:21.287671265Z stderr F W0603 06:08:21.287515       1 genericapiserver.go:557] Skipping API rbac.authorization.k8s.io/v1beta1 because it has no resources.
2022-06-03T06:08:21.287688619Z stderr F W0603 06:08:21.287548       1 genericapiserver.go:557] Skipping API rbac.authorization.k8s.io/v1alpha1 because it has no resources.
2022-06-03T06:08:21.291032355Z stderr F W0603 06:08:21.290947       1 genericapiserver.go:557] Skipping API scheduling.k8s.io/v1beta1 because it has no resources.
2022-06-03T06:08:21.291041268Z stderr F W0603 06:08:21.290974       1 genericapiserver.go:557] Skipping API scheduling.k8s.io/v1alpha1 because it has no resources.
2022-06-03T06:08:21.300987158Z stderr F W0603 06:08:21.300862       1 genericapiserver.go:557] Skipping API storage.k8s.io/v1alpha1 because it has no resources.
2022-06-03T06:08:21.307708118Z stderr F W0603 06:08:21.307579       1 genericapiserver.go:557] Skipping API flowcontrol.apiserver.k8s.io/v1alpha1 because it has no resources.
2022-06-03T06:08:21.314996926Z stderr F W0603 06:08:21.314855       1 genericapiserver.go:557] Skipping API apps/v1beta2 because it has no resources.
2022-06-03T06:08:21.315017041Z stderr F W0603 06:08:21.314875       1 genericapiserver.go:557] Skipping API apps/v1beta1 because it has no resources.
2022-06-03T06:08:21.317718517Z stderr F W0603 06:08:21.317599       1 genericapiserver.go:557] Skipping API admissionregistration.k8s.io/v1beta1 because it has no resources.
2022-06-03T06:08:21.323644871Z stderr F I0603 06:08:21.323501       1 plugins.go:158] Loaded 12 mutating admission controller(s) successfully in the following order: NamespaceLifecycle,LimitRanger,ServiceAccount,NodeRestriction,TaintNodesByCondition,Priority,DefaultTolerationSeconds,DefaultStorageClass,StorageObjectInUseProtection,RuntimeClass,DefaultIngressClass,MutatingAdmissionWebhook.
2022-06-03T06:08:21.323659685Z stderr F I0603 06:08:21.323520       1 plugins.go:161] Loaded 11 validating admission controller(s) successfully in the following order: LimitRanger,ServiceAccount,PodSecurity,Priority,PersistentVolumeClaimResize,RuntimeClass,CertificateApproval,CertificateSigning,CertificateSubjectRestriction,ValidatingAdmissionWebhook,ResourceQuota.
2022-06-03T06:08:21.353039566Z stderr F W0603 06:08:21.352755       1 genericapiserver.go:557] Skipping API apiregistration.k8s.io/v1beta1 because it has no resources.
2022-06-03T06:08:22.984221642Z stderr F I0603 06:08:22.984103       1 dynamic_cafile_content.go:157] "Starting controller" name="request-header::/etc/kubernetes/pki/front-proxy-ca.crt"
2022-06-03T06:08:22.984245348Z stderr F I0603 06:08:22.984165       1 dynamic_cafile_content.go:157] "Starting controller" name="client-ca-bundle::/etc/kubernetes/pki/ca.crt"
2022-06-03T06:08:22.984436609Z stderr F I0603 06:08:22.984339       1 dynamic_serving_content.go:132] "Starting controller" name="serving-cert::/etc/kubernetes/pki/apiserver.crt::/etc/kubernetes/pki/apiserver.key"
2022-06-03T06:08:22.984578356Z stderr F I0603 06:08:22.984489       1 secure_serving.go:210] Serving securely on [::]:6443
2022-06-03T06:08:22.984590313Z stderr F I0603 06:08:22.984526       1 tlsconfig.go:240] "Starting DynamicServingCertificateController"
2022-06-03T06:08:22.984641807Z stderr F I0603 06:08:22.984594       1 controller.go:80] Starting OpenAPI V3 AggregationController
2022-06-03T06:08:22.984722689Z stderr F I0603 06:08:22.984678       1 apf_controller.go:317] Starting API Priority and Fairness config controller
2022-06-03T06:08:22.984730072Z stderr F I0603 06:08:22.984688       1 customresource_discovery_controller.go:209] Starting DiscoveryController
2022-06-03T06:08:22.984744494Z stderr F I0603 06:08:22.984715       1 controller.go:83] Starting OpenAPI AggregationController
2022-06-03T06:08:22.984770243Z stderr F I0603 06:08:22.984728       1 crdregistration_controller.go:111] Starting crd-autoregister controller
2022-06-03T06:08:22.984779585Z stderr F I0603 06:08:22.984736       1 shared_informer.go:255] Waiting for caches to sync for crd-autoregister
2022-06-03T06:08:22.985153204Z stderr F I0603 06:08:22.985085       1 cluster_authentication_trust_controller.go:440] Starting cluster_authentication_trust_controller controller
2022-06-03T06:08:22.985162827Z stderr F I0603 06:08:22.985103       1 shared_informer.go:255] Waiting for caches to sync for cluster_authentication_trust_controller
2022-06-03T06:08:22.985833579Z stderr F I0603 06:08:22.985759       1 apiservice_controller.go:97] Starting APIServiceRegistrationController
2022-06-03T06:08:22.985841603Z stderr F I0603 06:08:22.985801       1 cache.go:32] Waiting for caches to sync for APIServiceRegistrationController controller
2022-06-03T06:08:22.991032265Z stderr F I0603 06:08:22.990957       1 controller.go:85] Starting OpenAPI controller
2022-06-03T06:08:22.991049162Z stderr F I0603 06:08:22.991016       1 controller.go:85] Starting OpenAPI V3 controller
2022-06-03T06:08:22.99105936Z stderr F I0603 06:08:22.991040       1 naming_controller.go:291] Starting NamingConditionController
2022-06-03T06:08:22.991117723Z stderr F I0603 06:08:22.991067       1 establishing_controller.go:76] Starting EstablishingController
2022-06-03T06:08:22.991183855Z stderr F I0603 06:08:22.991137       1 nonstructuralschema_controller.go:192] Starting NonStructuralSchemaConditionController
2022-06-03T06:08:22.991189213Z stderr F I0603 06:08:22.991163       1 apiapproval_controller.go:186] Starting KubernetesAPIApprovalPolicyConformantConditionController
2022-06-03T06:08:22.991229387Z stderr F I0603 06:08:22.991180       1 crd_finalizer.go:266] Starting CRDFinalizer
2022-06-03T06:08:22.993881231Z stderr F I0603 06:08:22.993807       1 available_controller.go:491] Starting AvailableConditionController
2022-06-03T06:08:22.993892806Z stderr F I0603 06:08:22.993825       1 cache.go:32] Waiting for caches to sync for AvailableConditionController controller
2022-06-03T06:08:23.000781513Z stderr F I0603 06:08:22.984677       1 dynamic_serving_content.go:132] "Starting controller" name="aggregator-proxy-cert::/etc/kubernetes/pki/front-proxy-client.crt::/etc/kubernetes/pki/front-proxy-client.key"
2022-06-03T06:08:23.003792269Z stderr F I0603 06:08:22.984717       1 autoregister_controller.go:141] Starting autoregister controller
2022-06-03T06:08:23.003986514Z stderr F I0603 06:08:23.003917       1 cache.go:32] Waiting for caches to sync for autoregister controller
2022-06-03T06:08:23.008471706Z stderr F I0603 06:08:23.003849       1 dynamic_cafile_content.go:157] "Starting controller" name="request-header::/etc/kubernetes/pki/front-proxy-ca.crt"
2022-06-03T06:08:23.008990556Z stderr F I0603 06:08:23.003874       1 dynamic_cafile_content.go:157] "Starting controller" name="client-ca-bundle::/etc/kubernetes/pki/ca.crt"
2022-06-03T06:08:23.039702609Z stderr F I0603 06:08:23.039524       1 controller.go:611] quota admission added evaluator for: namespaces
2022-06-03T06:08:23.059094064Z stderr F I0603 06:08:23.058977       1 shared_informer.go:262] Caches are synced for node_authorizer
2022-06-03T06:08:23.08585171Z stderr F I0603 06:08:23.085694       1 shared_informer.go:262] Caches are synced for cluster_authentication_trust_controller
2022-06-03T06:08:23.085874786Z stderr F I0603 06:08:23.085755       1 apf_controller.go:322] Running API Priority and Fairness config worker
2022-06-03T06:08:23.085884903Z stderr F I0603 06:08:23.085807       1 shared_informer.go:262] Caches are synced for crd-autoregister
2022-06-03T06:08:23.085888126Z stderr F I0603 06:08:23.085845       1 cache.go:39] Caches are synced for APIServiceRegistrationController controller
2022-06-03T06:08:23.09417677Z stderr F I0603 06:08:23.094063       1 cache.go:39] Caches are synced for AvailableConditionController controller
2022-06-03T06:08:23.104247834Z stderr F I0603 06:08:23.104138       1 cache.go:39] Caches are synced for autoregister controller
2022-06-03T06:08:23.636166326Z stderr F I0603 06:08:23.636015       1 controller.go:132] OpenAPI AggregationController: action for item : Nothing (removed from the queue).
2022-06-03T06:08:23.636197053Z stderr F I0603 06:08:23.636044       1 controller.go:132] OpenAPI AggregationController: action for item k8s_internal_local_delegation_chain_0000000000: Nothing (removed from the queue).
2022-06-03T06:08:23.984199963Z stderr F E0603 06:08:23.984059       1 controller.go:113] loading OpenAPI spec for "" failed with: APIService  does not exist for update
2022-06-03T06:08:23.984225611Z stderr F I0603 06:08:23.984087       1 controller.go:126] OpenAPI AggregationController: action for item : Rate Limited Requeue.
2022-06-03T06:08:23.990113849Z stderr F I0603 06:08:23.990011       1 storage_scheduling.go:95] created PriorityClass system-node-critical with value 2000001000
2022-06-03T06:08:23.993124511Z stderr F I0603 06:08:23.993014       1 storage_scheduling.go:95] created PriorityClass system-cluster-critical with value 2000000000
2022-06-03T06:08:23.993139399Z stderr F I0603 06:08:23.993045       1 storage_scheduling.go:111] all system priority classes are created successfully or already exist.
2022-06-03T06:08:24.324740843Z stderr F I0603 06:08:24.324623       1 controller.go:611] quota admission added evaluator for: roles.rbac.authorization.k8s.io
2022-06-03T06:08:24.353036176Z stderr F I0603 06:08:24.352919       1 controller.go:611] quota admission added evaluator for: rolebindings.rbac.authorization.k8s.io
2022-06-03T06:08:24.449046262Z stderr F I0603 06:08:24.448928       1 alloc.go:327] "allocated clusterIPs" service="default/kubernetes" clusterIPs=map[IPv4:10.96.0.1]
2022-06-03T06:08:24.454110189Z stderr F W0603 06:08:24.454013       1 lease.go:234] Resetting endpoints for master service "kubernetes" to [172.19.0.2]
2022-06-03T06:08:24.454962594Z stderr F I0603 06:08:24.454872       1 controller.go:611] quota admission added evaluator for: endpoints
2022-06-03T06:08:24.458068351Z stderr F I0603 06:08:24.457928       1 controller.go:611] quota admission added evaluator for: endpointslices.discovery.k8s.io
2022-06-03T06:08:24.96395876Z stderr F I0603 06:08:24.963839       1 controller.go:611] quota admission added evaluator for: leases.coordination.k8s.io
2022-06-03T06:08:25.075690825Z stderr F I0603 06:08:25.075565       1 controller.go:611] quota admission added evaluator for: serviceaccounts
2022-06-03T06:08:25.951861058Z stderr F I0603 06:08:25.951745       1 controller.go:611] quota admission added evaluator for: deployments.apps
2022-06-03T06:08:25.960041139Z stderr F I0603 06:08:25.959926       1 alloc.go:327] "allocated clusterIPs" service="kube-system/kube-dns" clusterIPs=map[IPv4:10.96.0.10]
2022-06-03T06:08:25.969195Z stderr F I0603 06:08:25.969080       1 controller.go:611] quota admission added evaluator for: daemonsets.apps
2022-06-03T06:08:38.682267155Z stderr F I0603 06:08:38.682156       1 controller.go:611] quota admission added evaluator for: controllerrevisions.apps
2022-06-03T06:08:38.682288307Z stderr F I0603 06:08:38.682156       1 controller.go:611] quota admission added evaluator for: controllerrevisions.apps
2022-06-03T06:08:38.734227881Z stderr F I0603 06:08:38.733911       1 controller.go:611] quota admission added evaluator for: replicasets.apps
2022-06-03T06:08:40.594865017Z stderr F I0603 06:08:40.594786       1 controller.go:611] quota admission added evaluator for: events.events.k8s.io
