-- Journal begins at Mon 2022-06-06 15:33:56 UTC, ends at Mon 2022-06-06 15:34:36 UTC. --
Jun 06 15:33:56 kind-control-plane systemd[1]: Starting containerd container runtime...
Jun 06 15:33:56 kind-control-plane systemd[1]: Started containerd container runtime.
Jun 06 15:33:56 kind-control-plane containerd[215]: time="2022-06-06T15:33:56.664647354Z" level=info msg="starting containerd" revision=212e8b6fa2f44b9c21b2798135fc6fb7c53efc16 version=v1.6.4
Jun 06 15:33:56 kind-control-plane containerd[215]: time="2022-06-06T15:33:56.684523155Z" level=info msg="loading plugin \"io.containerd.content.v1.content\"..." type=io.containerd.content.v1
Jun 06 15:33:56 kind-control-plane containerd[215]: time="2022-06-06T15:33:56.684940288Z" level=info msg="loading plugin \"io.containerd.snapshotter.v1.aufs\"..." type=io.containerd.snapshotter.v1
Jun 06 15:33:56 kind-control-plane containerd[215]: time="2022-06-06T15:33:56.687160442Z" level=info msg="loading plugin \"io.containerd.snapshotter.v1.btrfs\"..." type=io.containerd.snapshotter.v1
Jun 06 15:33:56 kind-control-plane containerd[215]: time="2022-06-06T15:33:56.687602898Z" level=info msg="skip loading plugin \"io.containerd.snapshotter.v1.btrfs\"..." error="path /var/lib/containerd/io.containerd.snapshotter.v1.btrfs (ext4) must be a btrfs filesystem to be used with the btrfs snapshotter: skip plugin" type=io.containerd.snapshotter.v1
Jun 06 15:33:56 kind-control-plane containerd[215]: time="2022-06-06T15:33:56.687639660Z" level=info msg="loading plugin \"io.containerd.snapshotter.v1.devmapper\"..." type=io.containerd.snapshotter.v1
Jun 06 15:33:56 kind-control-plane containerd[215]: time="2022-06-06T15:33:56.687657420Z" level=warning msg="failed to load plugin io.containerd.snapshotter.v1.devmapper" error="devmapper not configured"
Jun 06 15:33:56 kind-control-plane containerd[215]: time="2022-06-06T15:33:56.687670073Z" level=info msg="loading plugin \"io.containerd.snapshotter.v1.native\"..." type=io.containerd.snapshotter.v1
Jun 06 15:33:56 kind-control-plane containerd[215]: time="2022-06-06T15:33:56.687697733Z" level=info msg="loading plugin \"io.containerd.snapshotter.v1.overlayfs\"..." type=io.containerd.snapshotter.v1
Jun 06 15:33:56 kind-control-plane containerd[215]: time="2022-06-06T15:33:56.687852206Z" level=info msg="loading plugin \"io.containerd.snapshotter.v1.zfs\"..." type=io.containerd.snapshotter.v1
Jun 06 15:33:56 kind-control-plane containerd[215]: time="2022-06-06T15:33:56.688190244Z" level=info msg="skip loading plugin \"io.containerd.snapshotter.v1.zfs\"..." error="path /var/lib/containerd/io.containerd.snapshotter.v1.zfs must be a zfs filesystem to be used with the zfs snapshotter: skip plugin" type=io.containerd.snapshotter.v1
Jun 06 15:33:56 kind-control-plane containerd[215]: time="2022-06-06T15:33:56.688226884Z" level=info msg="loading plugin \"io.containerd.snapshotter.v1.fuse-overlayfs\"..." type=io.containerd.snapshotter.v1
Jun 06 15:33:56 kind-control-plane containerd[215]: time="2022-06-06T15:33:56.688335020Z" level=info msg="loading plugin \"io.containerd.metadata.v1.bolt\"..." type=io.containerd.metadata.v1
Jun 06 15:33:56 kind-control-plane containerd[215]: time="2022-06-06T15:33:56.688367987Z" level=warning msg="could not use snapshotter devmapper in metadata plugin" error="devmapper not configured"
Jun 06 15:33:56 kind-control-plane containerd[215]: time="2022-06-06T15:33:56.688381559Z" level=info msg="metadata content store policy set" policy=shared
Jun 06 15:33:56 kind-control-plane containerd[215]: time="2022-06-06T15:33:56.688548106Z" level=info msg="loading plugin \"io.containerd.differ.v1.walking\"..." type=io.containerd.differ.v1
Jun 06 15:33:56 kind-control-plane containerd[215]: time="2022-06-06T15:33:56.688581684Z" level=info msg="loading plugin \"io.containerd.event.v1.exchange\"..." type=io.containerd.event.v1
Jun 06 15:33:56 kind-control-plane containerd[215]: time="2022-06-06T15:33:56.688597609Z" level=info msg="loading plugin \"io.containerd.gc.v1.scheduler\"..." type=io.containerd.gc.v1
Jun 06 15:33:56 kind-control-plane containerd[215]: time="2022-06-06T15:33:56.688624588Z" level=info msg="loading plugin \"io.containerd.service.v1.introspection-service\"..." type=io.containerd.service.v1
Jun 06 15:33:56 kind-control-plane containerd[215]: time="2022-06-06T15:33:56.688640972Z" level=info msg="loading plugin \"io.containerd.service.v1.containers-service\"..." type=io.containerd.service.v1
Jun 06 15:33:56 kind-control-plane containerd[215]: time="2022-06-06T15:33:56.688656673Z" level=info msg="loading plugin \"io.containerd.service.v1.content-service\"..." type=io.containerd.service.v1
Jun 06 15:33:56 kind-control-plane containerd[215]: time="2022-06-06T15:33:56.688670665Z" level=info msg="loading plugin \"io.containerd.service.v1.diff-service\"..." type=io.containerd.service.v1
Jun 06 15:33:56 kind-control-plane containerd[215]: time="2022-06-06T15:33:56.688685047Z" level=info msg="loading plugin \"io.containerd.service.v1.images-service\"..." type=io.containerd.service.v1
Jun 06 15:33:56 kind-control-plane containerd[215]: time="2022-06-06T15:33:56.688700477Z" level=info msg="loading plugin \"io.containerd.service.v1.leases-service\"..." type=io.containerd.service.v1
Jun 06 15:33:56 kind-control-plane containerd[215]: time="2022-06-06T15:33:56.688719790Z" level=info msg="loading plugin \"io.containerd.service.v1.namespaces-service\"..." type=io.containerd.service.v1
Jun 06 15:33:56 kind-control-plane containerd[215]: time="2022-06-06T15:33:56.688734618Z" level=info msg="loading plugin \"io.containerd.service.v1.snapshots-service\"..." type=io.containerd.service.v1
Jun 06 15:33:56 kind-control-plane containerd[215]: time="2022-06-06T15:33:56.688748793Z" level=info msg="loading plugin \"io.containerd.runtime.v1.linux\"..." type=io.containerd.runtime.v1
Jun 06 15:33:56 kind-control-plane containerd[215]: time="2022-06-06T15:33:56.688806578Z" level=info msg="loading plugin \"io.containerd.runtime.v2.task\"..." type=io.containerd.runtime.v2
Jun 06 15:33:56 kind-control-plane containerd[215]: time="2022-06-06T15:33:56.688870004Z" level=info msg="loading plugin \"io.containerd.monitor.v1.cgroups\"..." type=io.containerd.monitor.v1
Jun 06 15:33:56 kind-control-plane containerd[215]: time="2022-06-06T15:33:56.689239900Z" level=info msg="loading plugin \"io.containerd.service.v1.tasks-service\"..." type=io.containerd.service.v1
Jun 06 15:33:56 kind-control-plane containerd[215]: time="2022-06-06T15:33:56.689279495Z" level=info msg="loading plugin \"io.containerd.grpc.v1.introspection\"..." type=io.containerd.grpc.v1
Jun 06 15:33:56 kind-control-plane containerd[215]: time="2022-06-06T15:33:56.689299000Z" level=info msg="loading plugin \"io.containerd.internal.v1.restart\"..." type=io.containerd.internal.v1
Jun 06 15:33:56 kind-control-plane containerd[215]: time="2022-06-06T15:33:56.689348171Z" level=info msg="loading plugin \"io.containerd.grpc.v1.containers\"..." type=io.containerd.grpc.v1
Jun 06 15:33:56 kind-control-plane containerd[215]: time="2022-06-06T15:33:56.689374356Z" level=info msg="loading plugin \"io.containerd.grpc.v1.content\"..." type=io.containerd.grpc.v1
Jun 06 15:33:56 kind-control-plane containerd[215]: time="2022-06-06T15:33:56.689389250Z" level=info msg="loading plugin \"io.containerd.grpc.v1.diff\"..." type=io.containerd.grpc.v1
Jun 06 15:33:56 kind-control-plane containerd[215]: time="2022-06-06T15:33:56.689401764Z" level=info msg="loading plugin \"io.containerd.grpc.v1.events\"..." type=io.containerd.grpc.v1
Jun 06 15:33:56 kind-control-plane containerd[215]: time="2022-06-06T15:33:56.689417562Z" level=info msg="loading plugin \"io.containerd.grpc.v1.healthcheck\"..." type=io.containerd.grpc.v1
Jun 06 15:33:56 kind-control-plane containerd[215]: time="2022-06-06T15:33:56.689431162Z" level=info msg="loading plugin \"io.containerd.grpc.v1.images\"..." type=io.containerd.grpc.v1
Jun 06 15:33:56 kind-control-plane containerd[215]: time="2022-06-06T15:33:56.689444792Z" level=info msg="loading plugin \"io.containerd.grpc.v1.leases\"..." type=io.containerd.grpc.v1
Jun 06 15:33:56 kind-control-plane containerd[215]: time="2022-06-06T15:33:56.689459038Z" level=info msg="loading plugin \"io.containerd.grpc.v1.namespaces\"..." type=io.containerd.grpc.v1
Jun 06 15:33:56 kind-control-plane containerd[215]: time="2022-06-06T15:33:56.689474645Z" level=info msg="loading plugin \"io.containerd.internal.v1.opt\"..." type=io.containerd.internal.v1
Jun 06 15:33:56 kind-control-plane containerd[215]: time="2022-06-06T15:33:56.689560815Z" level=info msg="loading plugin \"io.containerd.grpc.v1.snapshots\"..." type=io.containerd.grpc.v1
Jun 06 15:33:56 kind-control-plane containerd[215]: time="2022-06-06T15:33:56.689579661Z" level=info msg="loading plugin \"io.containerd.grpc.v1.tasks\"..." type=io.containerd.grpc.v1
Jun 06 15:33:56 kind-control-plane containerd[215]: time="2022-06-06T15:33:56.689593813Z" level=info msg="loading plugin \"io.containerd.grpc.v1.version\"..." type=io.containerd.grpc.v1
Jun 06 15:33:56 kind-control-plane containerd[215]: time="2022-06-06T15:33:56.689606303Z" level=info msg="loading plugin \"io.containerd.tracing.processor.v1.otlp\"..." type=io.containerd.tracing.processor.v1
Jun 06 15:33:56 kind-control-plane containerd[215]: time="2022-06-06T15:33:56.689622918Z" level=info msg="skip loading plugin \"io.containerd.tracing.processor.v1.otlp\"..." error="no OpenTelemetry endpoint: skip plugin" type=io.containerd.tracing.processor.v1
Jun 06 15:33:56 kind-control-plane containerd[215]: time="2022-06-06T15:33:56.689636085Z" level=info msg="loading plugin \"io.containerd.internal.v1.tracing\"..." type=io.containerd.internal.v1
Jun 06 15:33:56 kind-control-plane containerd[215]: time="2022-06-06T15:33:56.689657811Z" level=error msg="failed to initialize a tracing processor \"otlp\"" error="no OpenTelemetry endpoint: skip plugin"
Jun 06 15:33:56 kind-control-plane containerd[215]: time="2022-06-06T15:33:56.689696482Z" level=info msg="loading plugin \"io.containerd.grpc.v1.cri\"..." type=io.containerd.grpc.v1
Jun 06 15:33:56 kind-control-plane containerd[215]: time="2022-06-06T15:33:56.689905615Z" level=warning msg="`mirrors` is deprecated, please use `config_path` instead"
Jun 06 15:33:56 kind-control-plane containerd[215]: time="2022-06-06T15:33:56.689991529Z" level=info msg="Start cri plugin with config {PluginConfig:{ContainerdConfig:{Snapshotter:overlayfs DefaultRuntimeName:runc DefaultRuntime:{Type: Path: Engine: PodAnnotations:[] ContainerAnnotations:[] Root: Options:map[] PrivilegedWithoutHostDevices:false BaseRuntimeSpec: NetworkPluginConfDir: NetworkPluginMaxConfNum:0} UntrustedWorkloadRuntime:{Type: Path: Engine: PodAnnotations:[] ContainerAnnotations:[] Root: Options:map[] PrivilegedWithoutHostDevices:false BaseRuntimeSpec: NetworkPluginConfDir: NetworkPluginMaxConfNum:0} Runtimes:map[runc:{Type:io.containerd.runc.v2 Path: Engine: PodAnnotations:[] ContainerAnnotations:[] Root: Options:map[SystemdCgroup:true] PrivilegedWithoutHostDevices:false BaseRuntimeSpec:/etc/containerd/cri-base.json NetworkPluginConfDir: NetworkPluginMaxConfNum:0} test-handler:{Type:io.containerd.runc.v2 Path: Engine: PodAnnotations:[] ContainerAnnotations:[] Root: Options:map[SystemdCgroup:true] PrivilegedWithoutHostDevices:false BaseRuntimeSpec:/etc/containerd/cri-base.json NetworkPluginConfDir: NetworkPluginMaxConfNum:0}] NoPivot:false DisableSnapshotAnnotations:true DiscardUnpackedLayers:true IgnoreRdtNotEnabledErrors:false} CniConfig:{NetworkPluginBinDir:/opt/cni/bin NetworkPluginConfDir:/etc/cni/net.d NetworkPluginMaxConfNum:1 NetworkPluginConfTemplate: IPPreference:} Registry:{ConfigPath: Mirrors:map[k8s.gcr.io:{Endpoints:[https://registry.k8s.io https://k8s.gcr.io]}] Configs:map[] Auths:map[] Headers:map[]} ImageDecryption:{KeyModel:node} DisableTCPService:true StreamServerAddress:127.0.0.1 StreamServerPort:0 StreamIdleTimeout:4h0m0s EnableSelinux:false SelinuxCategoryRange:1024 SandboxImage:k8s.gcr.io/pause:3.6 StatsCollectPeriod:10 SystemdCgroup:false EnableTLSStreaming:false X509KeyPairStreaming:{TLSCertFile: TLSKeyFile:} MaxContainerLogLineSize:16384 DisableCgroup:false DisableApparmor:false RestrictOOMScoreAdj:false MaxConcurrentDownloads:3 DisableProcMount:false UnsetSeccompProfile: TolerateMissingHugetlbController:true DisableHugetlbController:true DeviceOwnershipFromSecurityContext:false IgnoreImageDefinedVolumes:false NetNSMountsUnderStateDir:false EnableUnprivilegedPorts:false EnableUnprivilegedICMP:false} ContainerdRootDir:/var/lib/containerd ContainerdEndpoint:/run/containerd/containerd.sock RootDir:/var/lib/containerd/io.containerd.grpc.v1.cri StateDir:/run/containerd/io.containerd.grpc.v1.cri}"
Jun 06 15:33:56 kind-control-plane containerd[215]: time="2022-06-06T15:33:56.690075186Z" level=info msg="Connect containerd service"
Jun 06 15:33:56 kind-control-plane containerd[215]: time="2022-06-06T15:33:56.690113338Z" level=info msg="Get image filesystem path \"/var/lib/containerd/io.containerd.snapshotter.v1.overlayfs\""
Jun 06 15:33:56 kind-control-plane containerd[215]: time="2022-06-06T15:33:56.690547195Z" level=error msg="failed to load cni during init, please check CRI plugin status before setting up network for pods" error="cni config load failed: no network config found in /etc/cni/net.d: cni plugin not initialized: failed to load cni config"
Jun 06 15:33:56 kind-control-plane containerd[215]: time="2022-06-06T15:33:56.691610142Z" level=info msg="Start subscribing containerd event"
Jun 06 15:33:56 kind-control-plane containerd[215]: time="2022-06-06T15:33:56.691807834Z" level=info msg="Start recovering state"
Jun 06 15:33:56 kind-control-plane containerd[215]: time="2022-06-06T15:33:56.691731721Z" level=info msg=serving... address=/run/containerd/containerd.sock.ttrpc
Jun 06 15:33:56 kind-control-plane containerd[215]: time="2022-06-06T15:33:56.691926796Z" level=info msg=serving... address=/run/containerd/containerd.sock
Jun 06 15:33:56 kind-control-plane containerd[215]: time="2022-06-06T15:33:56.691962374Z" level=info msg="containerd successfully booted in 0.028440s"
Jun 06 15:33:56 kind-control-plane containerd[215]: time="2022-06-06T15:33:56.693718200Z" level=warning msg="The image docker.io/kindest/kindnetd:v20220510-4929dd75 is not unpacked."
Jun 06 15:33:56 kind-control-plane containerd[215]: time="2022-06-06T15:33:56.695903152Z" level=warning msg="The image docker.io/kindest/local-path-helper:v20220512-507ff70b is not unpacked."
Jun 06 15:33:56 kind-control-plane containerd[215]: time="2022-06-06T15:33:56.697223632Z" level=warning msg="The image docker.io/kindest/local-path-provisioner:v0.0.22-kind.0 is not unpacked."
Jun 06 15:33:56 kind-control-plane containerd[215]: time="2022-06-06T15:33:56.698302177Z" level=warning msg="The image import-2022-05-19@sha256:289df0671b753c90e6b717b92ada9af9bcb48678d59affc8cc27eef4f01e9251 is not unpacked."
Jun 06 15:33:56 kind-control-plane containerd[215]: time="2022-06-06T15:33:56.698942208Z" level=warning msg="The image import-2022-05-19@sha256:5611470386fb81d6d169bb37667ae1f9fa884631b265b54d8d9601d9338aad18 is not unpacked."
Jun 06 15:33:56 kind-control-plane containerd[215]: time="2022-06-06T15:33:56.699554357Z" level=warning msg="The image import-2022-05-19@sha256:654122cbd980cb4a8417347b8c84ecdbc81a735d3d01409bec6f37ef293511ca is not unpacked."
Jun 06 15:33:56 kind-control-plane containerd[215]: time="2022-06-06T15:33:56.700552318Z" level=warning msg="The image import-2022-05-19@sha256:948ca7c1da4b6108193f4dae34f2e94cfdaa901ab8876ba4009cc024673d2af4 is not unpacked."
Jun 06 15:33:56 kind-control-plane containerd[215]: time="2022-06-06T15:33:56.701380584Z" level=warning msg="The image k8s.gcr.io/coredns/coredns:v1.8.6 is not unpacked."
Jun 06 15:33:56 kind-control-plane containerd[215]: time="2022-06-06T15:33:56.702576110Z" level=warning msg="The image k8s.gcr.io/etcd:3.5.3-0 is not unpacked."
Jun 06 15:33:56 kind-control-plane containerd[215]: time="2022-06-06T15:33:56.703678060Z" level=warning msg="The image k8s.gcr.io/kube-apiserver:v1.24.0 is not unpacked."
Jun 06 15:33:56 kind-control-plane containerd[215]: time="2022-06-06T15:33:56.707763815Z" level=warning msg="The image k8s.gcr.io/kube-controller-manager:v1.24.0 is not unpacked."
Jun 06 15:33:56 kind-control-plane containerd[215]: time="2022-06-06T15:33:56.708952661Z" level=warning msg="The image k8s.gcr.io/kube-proxy:v1.24.0 is not unpacked."
Jun 06 15:33:56 kind-control-plane containerd[215]: time="2022-06-06T15:33:56.709790072Z" level=warning msg="The image k8s.gcr.io/kube-scheduler:v1.24.0 is not unpacked."
Jun 06 15:33:56 kind-control-plane containerd[215]: time="2022-06-06T15:33:56.710902843Z" level=warning msg="The image k8s.gcr.io/pause:3.6 is not unpacked."
Jun 06 15:33:56 kind-control-plane containerd[215]: time="2022-06-06T15:33:56.712311584Z" level=warning msg="The image sha256:41f5241e3396e516b754fd924d12444525720850c86aeac1b4bfd33616233b91 is not unpacked."
Jun 06 15:33:56 kind-control-plane containerd[215]: time="2022-06-06T15:33:56.713143343Z" level=warning msg="The image sha256:4c1e997385b8fb4ad4d1d3c7e5af7ff3f882e94d07cf5b78de9e889bc60830e6 is not unpacked."
Jun 06 15:33:56 kind-control-plane containerd[215]: time="2022-06-06T15:33:56.714178809Z" level=warning msg="The image sha256:6270bb605e12e581514ada5fd5b3216f727db55dc87d5889c790e4c760683fee is not unpacked."
Jun 06 15:33:56 kind-control-plane containerd[215]: time="2022-06-06T15:33:56.715268992Z" level=warning msg="The image sha256:64623e9d887d3ee33e56df43874531bf48391818f508505f21d6a5c5e4fa0da7 is not unpacked."
Jun 06 15:33:56 kind-control-plane containerd[215]: time="2022-06-06T15:33:56.716156280Z" level=warning msg="The image sha256:6960c0e47829dde050fa5a480f69ccca6bfbbdd1bab831aeed9040671b9dc30c is not unpacked."
Jun 06 15:33:56 kind-control-plane containerd[215]: time="2022-06-06T15:33:56.717034746Z" level=warning msg="The image sha256:6fb66cd78abfe9e0735a9a751f2586b7984e0d279e87fa8dd175781de6595627 is not unpacked."
Jun 06 15:33:56 kind-control-plane containerd[215]: time="2022-06-06T15:33:56.718126687Z" level=warning msg="The image sha256:9ef4b1de3be49aa0aa77d434a3c38e35c67c007b92a1c522825a46fc579ac998 is not unpacked."
Jun 06 15:33:56 kind-control-plane containerd[215]: time="2022-06-06T15:33:56.718995735Z" level=warning msg="The image sha256:a4ca41631cc7ac19ce1be3ebf0314ac5f47af7c711f17066006db82ee3b75b03 is not unpacked."
Jun 06 15:33:56 kind-control-plane containerd[215]: time="2022-06-06T15:33:56.720315572Z" level=warning msg="The image sha256:aebe758cef4cd05b9f8cee39758227714d02f42ef3088023c1e3cd454f927a2b is not unpacked."
Jun 06 15:33:56 kind-control-plane containerd[215]: time="2022-06-06T15:33:56.721493641Z" level=warning msg="The image sha256:efa8a439d146031cd20318ad4cb2eb712a2d638d503420212158ee737805e95a is not unpacked."
Jun 06 15:33:56 kind-control-plane containerd[215]: time="2022-06-06T15:33:56.722037393Z" level=info msg="Start event monitor"
Jun 06 15:33:56 kind-control-plane containerd[215]: time="2022-06-06T15:33:56.722077128Z" level=info msg="Start snapshots syncer"
Jun 06 15:33:56 kind-control-plane containerd[215]: time="2022-06-06T15:33:56.722121470Z" level=info msg="Start cni network conf syncer for default"
Jun 06 15:33:56 kind-control-plane containerd[215]: time="2022-06-06T15:33:56.722131578Z" level=info msg="Start streaming server"
Jun 06 15:34:03 kind-control-plane containerd[215]: time="2022-06-06T15:34:03.678875738Z" level=info msg="RunPodSandbox for &PodSandboxMetadata{Name:etcd-kind-control-plane,Uid:c9035bdff32675e8cec514af655ed607,Namespace:kube-system,Attempt:0,}"
Jun 06 15:34:03 kind-control-plane containerd[215]: time="2022-06-06T15:34:03.683279280Z" level=info msg="RunPodSandbox for &PodSandboxMetadata{Name:kube-apiserver-kind-control-plane,Uid:b572e0324ac66d27b1a6727d6d4f57af,Namespace:kube-system,Attempt:0,}"
Jun 06 15:34:03 kind-control-plane containerd[215]: time="2022-06-06T15:34:03.904231338Z" level=info msg="RunPodSandbox for &PodSandboxMetadata{Name:kube-controller-manager-kind-control-plane,Uid:d068cb2f2a50ec5a8c4ab3d6e2488f95,Namespace:kube-system,Attempt:0,}"
Jun 06 15:34:03 kind-control-plane containerd[215]: time="2022-06-06T15:34:03.904231675Z" level=info msg="RunPodSandbox for &PodSandboxMetadata{Name:kube-scheduler-kind-control-plane,Uid:c534a26b3c79b42ea583a3639f5034a6,Namespace:kube-system,Attempt:0,}"
Jun 06 15:34:03 kind-control-plane containerd[215]: time="2022-06-06T15:34:03.945215587Z" level=info msg="loading plugin \"io.containerd.event.v1.publisher\"..." runtime=io.containerd.runc.v2 type=io.containerd.event.v1
Jun 06 15:34:03 kind-control-plane containerd[215]: time="2022-06-06T15:34:03.945281519Z" level=info msg="loading plugin \"io.containerd.internal.v1.shutdown\"..." runtime=io.containerd.runc.v2 type=io.containerd.internal.v1
Jun 06 15:34:03 kind-control-plane containerd[215]: time="2022-06-06T15:34:03.945308810Z" level=info msg="loading plugin \"io.containerd.ttrpc.v1.task\"..." runtime=io.containerd.runc.v2 type=io.containerd.ttrpc.v1
Jun 06 15:34:03 kind-control-plane containerd[215]: time="2022-06-06T15:34:03.945554501Z" level=info msg="starting signal loop" namespace=k8s.io path=/run/containerd/io.containerd.runtime.v2.task/k8s.io/125bac640cd64d38bf1a09a5578b01ab560862bfbd5551ffbe46f87e96b53b77 pid=397 runtime=io.containerd.runc.v2
Jun 06 15:34:03 kind-control-plane containerd[215]: time="2022-06-06T15:34:03.952960250Z" level=info msg="loading plugin \"io.containerd.event.v1.publisher\"..." runtime=io.containerd.runc.v2 type=io.containerd.event.v1
Jun 06 15:34:03 kind-control-plane containerd[215]: time="2022-06-06T15:34:03.953009351Z" level=info msg="loading plugin \"io.containerd.internal.v1.shutdown\"..." runtime=io.containerd.runc.v2 type=io.containerd.internal.v1
Jun 06 15:34:03 kind-control-plane containerd[215]: time="2022-06-06T15:34:03.953023786Z" level=info msg="loading plugin \"io.containerd.ttrpc.v1.task\"..." runtime=io.containerd.runc.v2 type=io.containerd.ttrpc.v1
Jun 06 15:34:03 kind-control-plane containerd[215]: time="2022-06-06T15:34:03.953193195Z" level=info msg="starting signal loop" namespace=k8s.io path=/run/containerd/io.containerd.runtime.v2.task/k8s.io/cdedc6ec06f0183ef594511a11badd016a8e3a7e086f4ddfdff6a40330fecdfd pid=421 runtime=io.containerd.runc.v2
Jun 06 15:34:03 kind-control-plane containerd[215]: time="2022-06-06T15:34:03.956351344Z" level=info msg="loading plugin \"io.containerd.event.v1.publisher\"..." runtime=io.containerd.runc.v2 type=io.containerd.event.v1
Jun 06 15:34:03 kind-control-plane containerd[215]: time="2022-06-06T15:34:03.956402126Z" level=info msg="loading plugin \"io.containerd.internal.v1.shutdown\"..." runtime=io.containerd.runc.v2 type=io.containerd.internal.v1
Jun 06 15:34:03 kind-control-plane containerd[215]: time="2022-06-06T15:34:03.956415261Z" level=info msg="loading plugin \"io.containerd.ttrpc.v1.task\"..." runtime=io.containerd.runc.v2 type=io.containerd.ttrpc.v1
Jun 06 15:34:03 kind-control-plane containerd[215]: time="2022-06-06T15:34:03.957876338Z" level=info msg="starting signal loop" namespace=k8s.io path=/run/containerd/io.containerd.runtime.v2.task/k8s.io/32db1333824c0d3e642d20dfa5fa932aed305e88c8a2e19df07ff5115a95cb4a pid=442 runtime=io.containerd.runc.v2
Jun 06 15:34:03 kind-control-plane containerd[215]: time="2022-06-06T15:34:03.959214344Z" level=info msg="loading plugin \"io.containerd.event.v1.publisher\"..." runtime=io.containerd.runc.v2 type=io.containerd.event.v1
Jun 06 15:34:03 kind-control-plane containerd[215]: time="2022-06-06T15:34:03.959366426Z" level=info msg="loading plugin \"io.containerd.internal.v1.shutdown\"..." runtime=io.containerd.runc.v2 type=io.containerd.internal.v1
Jun 06 15:34:03 kind-control-plane containerd[215]: time="2022-06-06T15:34:03.959398826Z" level=info msg="loading plugin \"io.containerd.ttrpc.v1.task\"..." runtime=io.containerd.runc.v2 type=io.containerd.ttrpc.v1
Jun 06 15:34:03 kind-control-plane containerd[215]: time="2022-06-06T15:34:03.959631533Z" level=info msg="starting signal loop" namespace=k8s.io path=/run/containerd/io.containerd.runtime.v2.task/k8s.io/4a7c215638014a2ff16d52b7c89e60208e2de536e1a2c626f88c7f9a59ef167e pid=458 runtime=io.containerd.runc.v2
Jun 06 15:34:04 kind-control-plane containerd[215]: time="2022-06-06T15:34:04.045403055Z" level=info msg="RunPodSandbox for &PodSandboxMetadata{Name:kube-apiserver-kind-control-plane,Uid:b572e0324ac66d27b1a6727d6d4f57af,Namespace:kube-system,Attempt:0,} returns sandbox id \"32db1333824c0d3e642d20dfa5fa932aed305e88c8a2e19df07ff5115a95cb4a\""
Jun 06 15:34:04 kind-control-plane containerd[215]: time="2022-06-06T15:34:04.048181035Z" level=info msg="RunPodSandbox for &PodSandboxMetadata{Name:kube-controller-manager-kind-control-plane,Uid:d068cb2f2a50ec5a8c4ab3d6e2488f95,Namespace:kube-system,Attempt:0,} returns sandbox id \"cdedc6ec06f0183ef594511a11badd016a8e3a7e086f4ddfdff6a40330fecdfd\""
Jun 06 15:34:04 kind-control-plane containerd[215]: time="2022-06-06T15:34:04.049852734Z" level=info msg="CreateContainer within sandbox \"32db1333824c0d3e642d20dfa5fa932aed305e88c8a2e19df07ff5115a95cb4a\" for container &ContainerMetadata{Name:kube-apiserver,Attempt:0,}"
Jun 06 15:34:04 kind-control-plane containerd[215]: time="2022-06-06T15:34:04.050109316Z" level=info msg="CreateContainer within sandbox \"cdedc6ec06f0183ef594511a11badd016a8e3a7e086f4ddfdff6a40330fecdfd\" for container &ContainerMetadata{Name:kube-controller-manager,Attempt:0,}"
Jun 06 15:34:04 kind-control-plane containerd[215]: time="2022-06-06T15:34:04.054147720Z" level=info msg="RunPodSandbox for &PodSandboxMetadata{Name:etcd-kind-control-plane,Uid:c9035bdff32675e8cec514af655ed607,Namespace:kube-system,Attempt:0,} returns sandbox id \"125bac640cd64d38bf1a09a5578b01ab560862bfbd5551ffbe46f87e96b53b77\""
Jun 06 15:34:04 kind-control-plane containerd[215]: time="2022-06-06T15:34:04.060194889Z" level=info msg="CreateContainer within sandbox \"125bac640cd64d38bf1a09a5578b01ab560862bfbd5551ffbe46f87e96b53b77\" for container &ContainerMetadata{Name:etcd,Attempt:0,}"
Jun 06 15:34:04 kind-control-plane containerd[215]: time="2022-06-06T15:34:04.060368259Z" level=info msg="RunPodSandbox for &PodSandboxMetadata{Name:kube-scheduler-kind-control-plane,Uid:c534a26b3c79b42ea583a3639f5034a6,Namespace:kube-system,Attempt:0,} returns sandbox id \"4a7c215638014a2ff16d52b7c89e60208e2de536e1a2c626f88c7f9a59ef167e\""
Jun 06 15:34:04 kind-control-plane containerd[215]: time="2022-06-06T15:34:04.062308418Z" level=info msg="CreateContainer within sandbox \"4a7c215638014a2ff16d52b7c89e60208e2de536e1a2c626f88c7f9a59ef167e\" for container &ContainerMetadata{Name:kube-scheduler,Attempt:0,}"
Jun 06 15:34:04 kind-control-plane containerd[215]: time="2022-06-06T15:34:04.751548907Z" level=info msg="CreateContainer within sandbox \"4a7c215638014a2ff16d52b7c89e60208e2de536e1a2c626f88c7f9a59ef167e\" for &ContainerMetadata{Name:kube-scheduler,Attempt:0,} returns container id \"ffa458c9f8918610537bdf852ccb29f5cb14c9df0bff3ca4daea5c2b7edfc559\""
Jun 06 15:34:04 kind-control-plane containerd[215]: time="2022-06-06T15:34:04.752292816Z" level=info msg="StartContainer for \"ffa458c9f8918610537bdf852ccb29f5cb14c9df0bff3ca4daea5c2b7edfc559\""
Jun 06 15:34:04 kind-control-plane containerd[215]: time="2022-06-06T15:34:04.832114677Z" level=info msg="CreateContainer within sandbox \"cdedc6ec06f0183ef594511a11badd016a8e3a7e086f4ddfdff6a40330fecdfd\" for &ContainerMetadata{Name:kube-controller-manager,Attempt:0,} returns container id \"ba1266f5e176fed5c157a2bb9c7f291763537388dc272708d22a6f759093355d\""
Jun 06 15:34:04 kind-control-plane containerd[215]: time="2022-06-06T15:34:04.832615829Z" level=info msg="StartContainer for \"ba1266f5e176fed5c157a2bb9c7f291763537388dc272708d22a6f759093355d\""
Jun 06 15:34:04 kind-control-plane containerd[215]: time="2022-06-06T15:34:04.902535047Z" level=info msg="StartContainer for \"ffa458c9f8918610537bdf852ccb29f5cb14c9df0bff3ca4daea5c2b7edfc559\" returns successfully"
Jun 06 15:34:04 kind-control-plane containerd[215]: time="2022-06-06T15:34:04.972035459Z" level=info msg="StartContainer for \"ba1266f5e176fed5c157a2bb9c7f291763537388dc272708d22a6f759093355d\" returns successfully"
Jun 06 15:34:05 kind-control-plane containerd[215]: time="2022-06-06T15:34:05.003386918Z" level=info msg="CreateContainer within sandbox \"32db1333824c0d3e642d20dfa5fa932aed305e88c8a2e19df07ff5115a95cb4a\" for &ContainerMetadata{Name:kube-apiserver,Attempt:0,} returns container id \"b28ed98a92c378855ba61af2100d373033371029f748737787630411823acbec\""
Jun 06 15:34:05 kind-control-plane containerd[215]: time="2022-06-06T15:34:05.003926534Z" level=info msg="StartContainer for \"b28ed98a92c378855ba61af2100d373033371029f748737787630411823acbec\""
Jun 06 15:34:05 kind-control-plane containerd[215]: time="2022-06-06T15:34:05.153063913Z" level=info msg="StartContainer for \"b28ed98a92c378855ba61af2100d373033371029f748737787630411823acbec\" returns successfully"
Jun 06 15:34:07 kind-control-plane containerd[215]: time="2022-06-06T15:34:07.151762495Z" level=info msg="CreateContainer within sandbox \"125bac640cd64d38bf1a09a5578b01ab560862bfbd5551ffbe46f87e96b53b77\" for &ContainerMetadata{Name:etcd,Attempt:0,} returns container id \"61e1ebf7e5aa7714df93e27dcc243001b0abfbb5fc1ad622a12fa1fed6ead07b\""
Jun 06 15:34:07 kind-control-plane containerd[215]: time="2022-06-06T15:34:07.152266484Z" level=info msg="StartContainer for \"61e1ebf7e5aa7714df93e27dcc243001b0abfbb5fc1ad622a12fa1fed6ead07b\""
Jun 06 15:34:07 kind-control-plane containerd[215]: time="2022-06-06T15:34:07.298663478Z" level=info msg="StartContainer for \"61e1ebf7e5aa7714df93e27dcc243001b0abfbb5fc1ad622a12fa1fed6ead07b\" returns successfully"
Jun 06 15:34:27 kind-control-plane containerd[215]: time="2022-06-06T15:34:27.206781973Z" level=info msg="No cni config template is specified, wait for other system components to drop the config."
Jun 06 15:34:28 kind-control-plane containerd[215]: time="2022-06-06T15:34:28.650677555Z" level=info msg="RunPodSandbox for &PodSandboxMetadata{Name:kube-proxy-g87hp,Uid:68598460-a126-4488-a8bf-ed604dc7ec05,Namespace:kube-system,Attempt:0,}"
Jun 06 15:34:28 kind-control-plane containerd[215]: time="2022-06-06T15:34:28.655229887Z" level=info msg="RunPodSandbox for &PodSandboxMetadata{Name:kindnet-jnqsq,Uid:f65f8f8e-2029-49fc-b119-d5700c1cad85,Namespace:kube-system,Attempt:0,}"
Jun 06 15:34:28 kind-control-plane containerd[215]: time="2022-06-06T15:34:28.670985550Z" level=info msg="loading plugin \"io.containerd.event.v1.publisher\"..." runtime=io.containerd.runc.v2 type=io.containerd.event.v1
Jun 06 15:34:28 kind-control-plane containerd[215]: time="2022-06-06T15:34:28.671050152Z" level=info msg="loading plugin \"io.containerd.internal.v1.shutdown\"..." runtime=io.containerd.runc.v2 type=io.containerd.internal.v1
Jun 06 15:34:28 kind-control-plane containerd[215]: time="2022-06-06T15:34:28.671064266Z" level=info msg="loading plugin \"io.containerd.ttrpc.v1.task\"..." runtime=io.containerd.runc.v2 type=io.containerd.ttrpc.v1
Jun 06 15:34:28 kind-control-plane containerd[215]: time="2022-06-06T15:34:28.671327279Z" level=info msg="starting signal loop" namespace=k8s.io path=/run/containerd/io.containerd.runtime.v2.task/k8s.io/550d91108301f1647f4250db585891657a0b1aac05ccde06f10b435ed72095b9 pid=913 runtime=io.containerd.runc.v2
Jun 06 15:34:28 kind-control-plane containerd[215]: time="2022-06-06T15:34:28.675373336Z" level=info msg="loading plugin \"io.containerd.event.v1.publisher\"..." runtime=io.containerd.runc.v2 type=io.containerd.event.v1
Jun 06 15:34:28 kind-control-plane containerd[215]: time="2022-06-06T15:34:28.675433624Z" level=info msg="loading plugin \"io.containerd.internal.v1.shutdown\"..." runtime=io.containerd.runc.v2 type=io.containerd.internal.v1
Jun 06 15:34:28 kind-control-plane containerd[215]: time="2022-06-06T15:34:28.675448269Z" level=info msg="loading plugin \"io.containerd.ttrpc.v1.task\"..." runtime=io.containerd.runc.v2 type=io.containerd.ttrpc.v1
Jun 06 15:34:28 kind-control-plane containerd[215]: time="2022-06-06T15:34:28.675902424Z" level=info msg="starting signal loop" namespace=k8s.io path=/run/containerd/io.containerd.runtime.v2.task/k8s.io/a829d7366f9021da375b299195aa17f267b0fe69a665f5cb546591955e4da485 pid=931 runtime=io.containerd.runc.v2
Jun 06 15:34:28 kind-control-plane containerd[215]: time="2022-06-06T15:34:28.732682385Z" level=info msg="RunPodSandbox for &PodSandboxMetadata{Name:kube-proxy-g87hp,Uid:68598460-a126-4488-a8bf-ed604dc7ec05,Namespace:kube-system,Attempt:0,} returns sandbox id \"550d91108301f1647f4250db585891657a0b1aac05ccde06f10b435ed72095b9\""
Jun 06 15:34:28 kind-control-plane containerd[215]: time="2022-06-06T15:34:28.735064426Z" level=info msg="CreateContainer within sandbox \"550d91108301f1647f4250db585891657a0b1aac05ccde06f10b435ed72095b9\" for container &ContainerMetadata{Name:kube-proxy,Attempt:0,}"
Jun 06 15:34:29 kind-control-plane containerd[215]: time="2022-06-06T15:34:29.007340173Z" level=info msg="RunPodSandbox for &PodSandboxMetadata{Name:kindnet-jnqsq,Uid:f65f8f8e-2029-49fc-b119-d5700c1cad85,Namespace:kube-system,Attempt:0,} returns sandbox id \"a829d7366f9021da375b299195aa17f267b0fe69a665f5cb546591955e4da485\""
Jun 06 15:34:29 kind-control-plane containerd[215]: time="2022-06-06T15:34:29.009745341Z" level=info msg="CreateContainer within sandbox \"a829d7366f9021da375b299195aa17f267b0fe69a665f5cb546591955e4da485\" for container &ContainerMetadata{Name:kindnet-cni,Attempt:0,}"
Jun 06 15:34:30 kind-control-plane containerd[215]: time="2022-06-06T15:34:30.214883521Z" level=info msg="CreateContainer within sandbox \"550d91108301f1647f4250db585891657a0b1aac05ccde06f10b435ed72095b9\" for &ContainerMetadata{Name:kube-proxy,Attempt:0,} returns container id \"478cd264e0d76a17d4cb2fe48d47308734eb85fc5e177696bd3d7a1c800533f8\""
Jun 06 15:34:30 kind-control-plane containerd[215]: time="2022-06-06T15:34:30.215692913Z" level=info msg="StartContainer for \"478cd264e0d76a17d4cb2fe48d47308734eb85fc5e177696bd3d7a1c800533f8\""
Jun 06 15:34:30 kind-control-plane containerd[215]: time="2022-06-06T15:34:30.361211650Z" level=info msg="StartContainer for \"478cd264e0d76a17d4cb2fe48d47308734eb85fc5e177696bd3d7a1c800533f8\" returns successfully"
Jun 06 15:34:30 kind-control-plane containerd[215]: time="2022-06-06T15:34:30.538438985Z" level=info msg="CreateContainer within sandbox \"a829d7366f9021da375b299195aa17f267b0fe69a665f5cb546591955e4da485\" for &ContainerMetadata{Name:kindnet-cni,Attempt:0,} returns container id \"57269473119b55cfd97051674fdd391f6b32fff5fa21f3d277aad2765350e903\""
Jun 06 15:34:30 kind-control-plane containerd[215]: time="2022-06-06T15:34:30.538941621Z" level=info msg="StartContainer for \"57269473119b55cfd97051674fdd391f6b32fff5fa21f3d277aad2765350e903\""
Jun 06 15:34:31 kind-control-plane containerd[215]: time="2022-06-06T15:34:31.015744328Z" level=info msg="StartContainer for \"57269473119b55cfd97051674fdd391f6b32fff5fa21f3d277aad2765350e903\" returns successfully"
Jun 06 15:34:31 kind-control-plane containerd[215]: time="2022-06-06T15:34:31.502266993Z" level=error msg="failed to reload cni configuration after receiving fs change event(\"/etc/cni/net.d/10-kindnet.conflist.temp\": WRITE)" error="cni config load failed: no network config found in /etc/cni/net.d: cni plugin not initialized: failed to load cni config"
Jun 06 15:34:31 kind-control-plane containerd[215]: time="2022-06-06T15:34:31.502393192Z" level=error msg="failed to reload cni configuration after receiving fs change event(\"/etc/cni/net.d/10-kindnet.conflist.temp\": WRITE)" error="cni config load failed: no network config found in /etc/cni/net.d: cni plugin not initialized: failed to load cni config"
Jun 06 15:34:31 kind-control-plane containerd[215]: time="2022-06-06T15:34:31.502486794Z" level=error msg="failed to reload cni configuration after receiving fs change event(\"/etc/cni/net.d/10-kindnet.conflist.temp\": WRITE)" error="cni config load failed: no network config found in /etc/cni/net.d: cni plugin not initialized: failed to load cni config"
Jun 06 15:34:35 kind-control-plane containerd[215]: time="2022-06-06T15:34:35.251011179Z" level=info msg="RunPodSandbox for &PodSandboxMetadata{Name:coredns-6d4b75cb6d-m82t8,Uid:f8e697e4-2ee9-4ab8-97fd-7cd5f0de8c27,Namespace:kube-system,Attempt:0,}"
Jun 06 15:34:35 kind-control-plane containerd[215]: time="2022-06-06T15:34:35.259955419Z" level=info msg="RunPodSandbox for &PodSandboxMetadata{Name:local-path-provisioner-9cd9bd544-fwq44,Uid:af4a4e5e-9802-49a7-ac6a-3e71ad8be1b3,Namespace:local-path-storage,Attempt:0,}"
Jun 06 15:34:35 kind-control-plane containerd[215]: time="2022-06-06T15:34:35.287819188Z" level=info msg="loading plugin \"io.containerd.event.v1.publisher\"..." runtime=io.containerd.runc.v2 type=io.containerd.event.v1
Jun 06 15:34:35 kind-control-plane containerd[215]: time="2022-06-06T15:34:35.287924358Z" level=info msg="loading plugin \"io.containerd.internal.v1.shutdown\"..." runtime=io.containerd.runc.v2 type=io.containerd.internal.v1
Jun 06 15:34:35 kind-control-plane containerd[215]: time="2022-06-06T15:34:35.287950968Z" level=info msg="loading plugin \"io.containerd.ttrpc.v1.task\"..." runtime=io.containerd.runc.v2 type=io.containerd.ttrpc.v1
Jun 06 15:34:35 kind-control-plane containerd[215]: time="2022-06-06T15:34:35.288277006Z" level=info msg="starting signal loop" namespace=k8s.io path=/run/containerd/io.containerd.runtime.v2.task/k8s.io/9510ee17d4c5e60beec56da6b4b14d4183bc09caf22339e308f4a80cb9b6d696 pid=1262 runtime=io.containerd.runc.v2
Jun 06 15:34:35 kind-control-plane containerd[215]: time="2022-06-06T15:34:35.294633340Z" level=info msg="loading plugin \"io.containerd.event.v1.publisher\"..." runtime=io.containerd.runc.v2 type=io.containerd.event.v1
Jun 06 15:34:35 kind-control-plane containerd[215]: time="2022-06-06T15:34:35.294693871Z" level=info msg="loading plugin \"io.containerd.internal.v1.shutdown\"..." runtime=io.containerd.runc.v2 type=io.containerd.internal.v1
Jun 06 15:34:35 kind-control-plane containerd[215]: time="2022-06-06T15:34:35.294707746Z" level=info msg="loading plugin \"io.containerd.ttrpc.v1.task\"..." runtime=io.containerd.runc.v2 type=io.containerd.ttrpc.v1
Jun 06 15:34:35 kind-control-plane containerd[215]: time="2022-06-06T15:34:35.294893074Z" level=info msg="starting signal loop" namespace=k8s.io path=/run/containerd/io.containerd.runtime.v2.task/k8s.io/015697d616ac891fe0a9b1113e52bc838cc89c5bd683fcfd90aef5d4df93a558 pid=1286 runtime=io.containerd.runc.v2
Jun 06 15:34:35 kind-control-plane containerd[215]: time="2022-06-06T15:34:35.366858561Z" level=info msg="RunPodSandbox for &PodSandboxMetadata{Name:coredns-6d4b75cb6d-m82t8,Uid:f8e697e4-2ee9-4ab8-97fd-7cd5f0de8c27,Namespace:kube-system,Attempt:0,} returns sandbox id \"9510ee17d4c5e60beec56da6b4b14d4183bc09caf22339e308f4a80cb9b6d696\""
Jun 06 15:34:35 kind-control-plane containerd[215]: time="2022-06-06T15:34:35.367126025Z" level=info msg="RunPodSandbox for &PodSandboxMetadata{Name:local-path-provisioner-9cd9bd544-fwq44,Uid:af4a4e5e-9802-49a7-ac6a-3e71ad8be1b3,Namespace:local-path-storage,Attempt:0,} returns sandbox id \"015697d616ac891fe0a9b1113e52bc838cc89c5bd683fcfd90aef5d4df93a558\""
Jun 06 15:34:35 kind-control-plane containerd[215]: time="2022-06-06T15:34:35.369413035Z" level=info msg="CreateContainer within sandbox \"9510ee17d4c5e60beec56da6b4b14d4183bc09caf22339e308f4a80cb9b6d696\" for container &ContainerMetadata{Name:coredns,Attempt:0,}"
Jun 06 15:34:35 kind-control-plane containerd[215]: time="2022-06-06T15:34:35.369414737Z" level=info msg="CreateContainer within sandbox \"015697d616ac891fe0a9b1113e52bc838cc89c5bd683fcfd90aef5d4df93a558\" for container &ContainerMetadata{Name:local-path-provisioner,Attempt:0,}"
Jun 06 15:34:35 kind-control-plane containerd[215]: time="2022-06-06T15:34:35.555848640Z" level=info msg="RunPodSandbox for &PodSandboxMetadata{Name:coredns-6d4b75cb6d-tp7mz,Uid:7a181e52-5081-4d3a-b061-e4575c7acc7c,Namespace:kube-system,Attempt:0,}"
Jun 06 15:34:35 kind-control-plane containerd[215]: time="2022-06-06T15:34:35.620040819Z" level=info msg="loading plugin \"io.containerd.event.v1.publisher\"..." runtime=io.containerd.runc.v2 type=io.containerd.event.v1
Jun 06 15:34:35 kind-control-plane containerd[215]: time="2022-06-06T15:34:35.620104399Z" level=info msg="loading plugin \"io.containerd.internal.v1.shutdown\"..." runtime=io.containerd.runc.v2 type=io.containerd.internal.v1
Jun 06 15:34:35 kind-control-plane containerd[215]: time="2022-06-06T15:34:35.620128168Z" level=info msg="loading plugin \"io.containerd.ttrpc.v1.task\"..." runtime=io.containerd.runc.v2 type=io.containerd.ttrpc.v1
Jun 06 15:34:35 kind-control-plane containerd[215]: time="2022-06-06T15:34:35.620346577Z" level=info msg="starting signal loop" namespace=k8s.io path=/run/containerd/io.containerd.runtime.v2.task/k8s.io/2684f6660d55a9f0b73977382a0063ffcb32b34bd1cd900a32a2cc44dbec94e4 pid=1380 runtime=io.containerd.runc.v2
Jun 06 15:34:35 kind-control-plane containerd[215]: time="2022-06-06T15:34:35.715931445Z" level=info msg="RunPodSandbox for &PodSandboxMetadata{Name:coredns-6d4b75cb6d-tp7mz,Uid:7a181e52-5081-4d3a-b061-e4575c7acc7c,Namespace:kube-system,Attempt:0,} returns sandbox id \"2684f6660d55a9f0b73977382a0063ffcb32b34bd1cd900a32a2cc44dbec94e4\""
Jun 06 15:34:35 kind-control-plane containerd[215]: time="2022-06-06T15:34:35.721957860Z" level=info msg="CreateContainer within sandbox \"2684f6660d55a9f0b73977382a0063ffcb32b34bd1cd900a32a2cc44dbec94e4\" for container &ContainerMetadata{Name:coredns,Attempt:0,}"
Jun 06 15:34:35 kind-control-plane containerd[215]: time="2022-06-06T15:34:35.903958282Z" level=info msg="CreateContainer within sandbox \"015697d616ac891fe0a9b1113e52bc838cc89c5bd683fcfd90aef5d4df93a558\" for &ContainerMetadata{Name:local-path-provisioner,Attempt:0,} returns container id \"181f2915bc6683723c7a492c8f9c4d69f04576fba66b8dc604c2b7b612ace08f\""
Jun 06 15:34:35 kind-control-plane containerd[215]: time="2022-06-06T15:34:35.904475773Z" level=info msg="StartContainer for \"181f2915bc6683723c7a492c8f9c4d69f04576fba66b8dc604c2b7b612ace08f\""
Jun 06 15:34:35 kind-control-plane containerd[215]: time="2022-06-06T15:34:35.921831459Z" level=info msg="CreateContainer within sandbox \"9510ee17d4c5e60beec56da6b4b14d4183bc09caf22339e308f4a80cb9b6d696\" for &ContainerMetadata{Name:coredns,Attempt:0,} returns container id \"f5302e405c189a3ead695c37e051afdf35f8c8f5c719909407fd9c88a852087f\""
Jun 06 15:34:35 kind-control-plane containerd[215]: time="2022-06-06T15:34:35.922438814Z" level=info msg="StartContainer for \"f5302e405c189a3ead695c37e051afdf35f8c8f5c719909407fd9c88a852087f\""
Jun 06 15:34:36 kind-control-plane containerd[215]: time="2022-06-06T15:34:36.021330139Z" level=info msg="StartContainer for \"181f2915bc6683723c7a492c8f9c4d69f04576fba66b8dc604c2b7b612ace08f\" returns successfully"
Jun 06 15:34:36 kind-control-plane containerd[215]: time="2022-06-06T15:34:36.179993882Z" level=info msg="StartContainer for \"f5302e405c189a3ead695c37e051afdf35f8c8f5c719909407fd9c88a852087f\" returns successfully"
Jun 06 15:34:36 kind-control-plane containerd[215]: time="2022-06-06T15:34:36.194926245Z" level=info msg="CreateContainer within sandbox \"2684f6660d55a9f0b73977382a0063ffcb32b34bd1cd900a32a2cc44dbec94e4\" for &ContainerMetadata{Name:coredns,Attempt:0,} returns container id \"18072a893d457b0b2ccd613ad76056c17a42ce6bdfb65a95f098c779982a922b\""
Jun 06 15:34:36 kind-control-plane containerd[215]: time="2022-06-06T15:34:36.195652282Z" level=info msg="StartContainer for \"18072a893d457b0b2ccd613ad76056c17a42ce6bdfb65a95f098c779982a922b\""
Jun 06 15:34:36 kind-control-plane containerd[215]: time="2022-06-06T15:34:36.495393082Z" level=info msg="StartContainer for \"18072a893d457b0b2ccd613ad76056c17a42ce6bdfb65a95f098c779982a922b\" returns successfully"
