-- Journal begins at Fri 2022-06-03 06:08:08 UTC, ends at Fri 2022-06-03 06:08:47 UTC. --
Jun 03 06:08:08 kind-control-plane systemd[1]: Condition check resulted in kubelet: The Kubernetes Node Agent being skipped.
Jun 03 06:08:14 kind-control-plane systemd[1]: Starting kubelet: The Kubernetes Node Agent...
Jun 03 06:08:14 kind-control-plane systemd[1]: Started kubelet: The Kubernetes Node Agent.
Jun 03 06:08:14 kind-control-plane kubelet[296]: Flag --container-runtime has been deprecated, will be removed in 1.27 as the only valid value is 'remote'
Jun 03 06:08:14 kind-control-plane kubelet[296]: Flag --pod-infra-container-image has been deprecated, will be removed in 1.27. Image garbage collector will get sandbox image information from CRI.
Jun 03 06:08:14 kind-control-plane kubelet[296]: Flag --provider-id has been deprecated, This parameter should be set via the config file specified by the Kubelet's --config flag. See https://kubernetes.io/docs/tasks/administer-cluster/kubelet-config-file/ for more information.
Jun 03 06:08:14 kind-control-plane kubelet[296]: Flag --fail-swap-on has been deprecated, This parameter should be set via the config file specified by the Kubelet's --config flag. See https://kubernetes.io/docs/tasks/administer-cluster/kubelet-config-file/ for more information.
Jun 03 06:08:14 kind-control-plane kubelet[296]: Flag --cgroup-root has been deprecated, This parameter should be set via the config file specified by the Kubelet's --config flag. See https://kubernetes.io/docs/tasks/administer-cluster/kubelet-config-file/ for more information.
Jun 03 06:08:14 kind-control-plane kubelet[296]: I0603 06:08:14.733550     296 server.go:193] "--pod-infra-container-image will not be pruned by the image garbage collector in kubelet and should also be set in the remote runtime"
Jun 03 06:08:14 kind-control-plane kubelet[296]: Flag --container-runtime has been deprecated, will be removed in 1.27 as the only valid value is 'remote'
Jun 03 06:08:14 kind-control-plane kubelet[296]: Flag --pod-infra-container-image has been deprecated, will be removed in 1.27. Image garbage collector will get sandbox image information from CRI.
Jun 03 06:08:14 kind-control-plane kubelet[296]: Flag --provider-id has been deprecated, This parameter should be set via the config file specified by the Kubelet's --config flag. See https://kubernetes.io/docs/tasks/administer-cluster/kubelet-config-file/ for more information.
Jun 03 06:08:14 kind-control-plane kubelet[296]: Flag --fail-swap-on has been deprecated, This parameter should be set via the config file specified by the Kubelet's --config flag. See https://kubernetes.io/docs/tasks/administer-cluster/kubelet-config-file/ for more information.
Jun 03 06:08:14 kind-control-plane kubelet[296]: Flag --cgroup-root has been deprecated, This parameter should be set via the config file specified by the Kubelet's --config flag. See https://kubernetes.io/docs/tasks/administer-cluster/kubelet-config-file/ for more information.
Jun 03 06:08:15 kind-control-plane kubelet[296]: I0603 06:08:15.036153     296 server.go:399] "Kubelet version" kubeletVersion="v1.24.0"
Jun 03 06:08:15 kind-control-plane kubelet[296]: I0603 06:08:15.036192     296 server.go:401] "Golang settings" GOGC="" GOMAXPROCS="" GOTRACEBACK=""
Jun 03 06:08:15 kind-control-plane kubelet[296]: I0603 06:08:15.036550     296 server.go:813] "Client rotation is on, will bootstrap in background"
Jun 03 06:08:15 kind-control-plane kubelet[296]: I0603 06:08:15.040394     296 dynamic_cafile_content.go:157] "Starting controller" name="client-ca-bundle::/etc/kubernetes/pki/ca.crt"
Jun 03 06:08:15 kind-control-plane kubelet[296]: E0603 06:08:15.041835     296 certificate_manager.go:471] kubernetes.io/kube-apiserver-client-kubelet: Failed while requesting a signed certificate from the control plane: cannot create certificate signing request: Post "https://kind-control-plane:6443/apis/certificates.k8s.io/v1/certificatesigningrequests": dial tcp [fc00:f853:ccd:e793::2]:6443: connect: connection refused
Jun 03 06:08:15 kind-control-plane kubelet[296]: I0603 06:08:15.049874     296 container_manager_linux.go:262] "Container manager verified user specified cgroup-root exists" cgroupRoot=[kubelet]
Jun 03 06:08:15 kind-control-plane kubelet[296]: I0603 06:08:15.049936     296 container_manager_linux.go:267] "Creating Container Manager object based on Node Config" nodeConfig={RuntimeCgroupsName: SystemCgroupsName: KubeletCgroupsName: KubeletOOMScoreAdj:-999 ContainerRuntime: CgroupsPerQOS:true CgroupRoot:/kubelet CgroupDriver:systemd KubeletRootDir:/var/lib/kubelet ProtectKernelDefaults:false NodeAllocatableConfig:{KubeReservedCgroupName: SystemReservedCgroupName: ReservedSystemCPUs: EnforceNodeAllocatable:map[pods:{}] KubeReserved:map[] SystemReserved:map[] HardEvictionThresholds:[]} QOSReserved:map[] ExperimentalCPUManagerPolicy:none ExperimentalCPUManagerPolicyOptions:map[] ExperimentalTopologyManagerScope:container ExperimentalCPUManagerReconcilePeriod:10s ExperimentalMemoryManagerPolicy:None ExperimentalMemoryManagerReservedMemory:[] ExperimentalPodPidsLimit:-1 EnforceCPULimits:true CPUCFSQuotaPeriod:100ms ExperimentalTopologyManagerPolicy:none}
Jun 03 06:08:15 kind-control-plane kubelet[296]: I0603 06:08:15.049957     296 topology_manager.go:133] "Creating topology manager with policy per scope" topologyPolicyName="none" topologyScopeName="container"
Jun 03 06:08:15 kind-control-plane kubelet[296]: I0603 06:08:15.049974     296 container_manager_linux.go:302] "Creating device plugin manager" devicePluginEnabled=true
Jun 03 06:08:15 kind-control-plane kubelet[296]: I0603 06:08:15.050080     296 state_mem.go:36] "Initialized new in-memory state store"
Jun 03 06:08:15 kind-control-plane kubelet[296]: I0603 06:08:15.056683     296 kubelet.go:376] "Attempting to sync node with API server"
Jun 03 06:08:15 kind-control-plane kubelet[296]: I0603 06:08:15.056713     296 kubelet.go:267] "Adding static pod path" path="/etc/kubernetes/manifests"
Jun 03 06:08:15 kind-control-plane kubelet[296]: I0603 06:08:15.056737     296 kubelet.go:278] "Adding apiserver pod source"
Jun 03 06:08:15 kind-control-plane kubelet[296]: I0603 06:08:15.056763     296 apiserver.go:42] "Waiting for node sync before watching apiserver pods"
Jun 03 06:08:15 kind-control-plane kubelet[296]: I0603 06:08:15.057346     296 kuberuntime_manager.go:239] "Container runtime initialized" containerRuntime="containerd" version="v1.6.4" apiVersion="v1"
Jun 03 06:08:15 kind-control-plane kubelet[296]: W0603 06:08:15.057706     296 probe.go:268] Flexvolume plugin directory at /usr/libexec/kubernetes/kubelet-plugins/volume/exec/ does not exist. Recreating.
Jun 03 06:08:15 kind-control-plane kubelet[296]: W0603 06:08:15.057757     296 reflector.go:324] vendor/k8s.io/client-go/informers/factory.go:134: failed to list *v1.Service: Get "https://kind-control-plane:6443/api/v1/services?limit=500&resourceVersion=0": dial tcp [fc00:f853:ccd:e793::2]:6443: connect: connection refused
Jun 03 06:08:15 kind-control-plane kubelet[296]: E0603 06:08:15.057833     296 reflector.go:138] vendor/k8s.io/client-go/informers/factory.go:134: Failed to watch *v1.Service: failed to list *v1.Service: Get "https://kind-control-plane:6443/api/v1/services?limit=500&resourceVersion=0": dial tcp [fc00:f853:ccd:e793::2]:6443: connect: connection refused
Jun 03 06:08:15 kind-control-plane kubelet[296]: W0603 06:08:15.057804     296 reflector.go:324] vendor/k8s.io/client-go/informers/factory.go:134: failed to list *v1.Node: Get "https://kind-control-plane:6443/api/v1/nodes?fieldSelector=metadata.name%3Dkind-control-plane&limit=500&resourceVersion=0": dial tcp [fc00:f853:ccd:e793::2]:6443: connect: connection refused
Jun 03 06:08:15 kind-control-plane kubelet[296]: E0603 06:08:15.057870     296 reflector.go:138] vendor/k8s.io/client-go/informers/factory.go:134: Failed to watch *v1.Node: failed to list *v1.Node: Get "https://kind-control-plane:6443/api/v1/nodes?fieldSelector=metadata.name%3Dkind-control-plane&limit=500&resourceVersion=0": dial tcp [fc00:f853:ccd:e793::2]:6443: connect: connection refused
Jun 03 06:08:15 kind-control-plane kubelet[296]: I0603 06:08:15.058138     296 server.go:1181] "Started kubelet"
Jun 03 06:08:15 kind-control-plane kubelet[296]: I0603 06:08:15.058303     296 server.go:150] "Starting to listen" address="0.0.0.0" port=10250
Jun 03 06:08:15 kind-control-plane kubelet[296]: E0603 06:08:15.058992     296 event.go:276] Unable to write event: '&v1.Event{TypeMeta:v1.TypeMeta{Kind:"", APIVersion:""}, ObjectMeta:v1.ObjectMeta{Name:"kind-control-plane.16f50753e66d2a2e", GenerateName:"", Namespace:"default", SelfLink:"", UID:"", ResourceVersion:"", Generation:0, CreationTimestamp:time.Date(1, time.January, 1, 0, 0, 0, 0, time.UTC), DeletionTimestamp:<nil>, DeletionGracePeriodSeconds:(*int64)(nil), Labels:map[string]string(nil), Annotations:map[string]string(nil), OwnerReferences:[]v1.OwnerReference(nil), Finalizers:[]string(nil), ZZZ_DeprecatedClusterName:"", ManagedFields:[]v1.ManagedFieldsEntry(nil)}, InvolvedObject:v1.ObjectReference{Kind:"Node", Namespace:"", Name:"kind-control-plane", UID:"kind-control-plane", APIVersion:"", ResourceVersion:"", FieldPath:""}, Reason:"Starting", Message:"Starting kubelet.", Source:v1.EventSource{Component:"kubelet", Host:"kind-control-plane"}, FirstTimestamp:time.Date(2022, time.June, 3, 6, 8, 15, 58119214, time.Local), LastTimestamp:time.Date(2022, time.June, 3, 6, 8, 15, 58119214, time.Local), Count:1, Type:"Normal", EventTime:time.Date(1, time.January, 1, 0, 0, 0, 0, time.UTC), Series:(*v1.EventSeries)(nil), Action:"", Related:(*v1.ObjectReference)(nil), ReportingController:"", ReportingInstance:""}': 'Post "https://kind-control-plane:6443/api/v1/namespaces/default/events": dial tcp [fc00:f853:ccd:e793::2]:6443: connect: connection refused'(may retry after sleeping)
Jun 03 06:08:15 kind-control-plane kubelet[296]: I0603 06:08:15.059087     296 server.go:410] "Adding debug handlers to kubelet server"
Jun 03 06:08:15 kind-control-plane kubelet[296]: I0603 06:08:15.059808     296 fs_resource_analyzer.go:67] "Starting FS ResourceAnalyzer"
Jun 03 06:08:15 kind-control-plane kubelet[296]: I0603 06:08:15.060080     296 volume_manager.go:289] "Starting Kubelet Volume Manager"
Jun 03 06:08:15 kind-control-plane kubelet[296]: I0603 06:08:15.060209     296 desired_state_of_world_populator.go:145] "Desired state populator starts to run"
Jun 03 06:08:15 kind-control-plane kubelet[296]: E0603 06:08:15.060602     296 controller.go:144] failed to ensure lease exists, will retry in 200ms, error: Get "https://kind-control-plane:6443/apis/coordination.k8s.io/v1/namespaces/kube-node-lease/leases/kind-control-plane?timeout=10s": dial tcp [fc00:f853:ccd:e793::2]:6443: connect: connection refused
Jun 03 06:08:15 kind-control-plane kubelet[296]: W0603 06:08:15.060810     296 reflector.go:324] vendor/k8s.io/client-go/informers/factory.go:134: failed to list *v1.CSIDriver: Get "https://kind-control-plane:6443/apis/storage.k8s.io/v1/csidrivers?limit=500&resourceVersion=0": dial tcp [fc00:f853:ccd:e793::2]:6443: connect: connection refused
Jun 03 06:08:15 kind-control-plane kubelet[296]: E0603 06:08:15.060949     296 reflector.go:138] vendor/k8s.io/client-go/informers/factory.go:134: Failed to watch *v1.CSIDriver: failed to list *v1.CSIDriver: Get "https://kind-control-plane:6443/apis/storage.k8s.io/v1/csidrivers?limit=500&resourceVersion=0": dial tcp [fc00:f853:ccd:e793::2]:6443: connect: connection refused
Jun 03 06:08:15 kind-control-plane kubelet[296]: E0603 06:08:15.061001     296 kubelet.go:2344] "Container runtime network not ready" networkReady="NetworkReady=false reason:NetworkPluginNotReady message:Network plugin returns error: cni plugin not initialized"
Jun 03 06:08:15 kind-control-plane kubelet[296]: I0603 06:08:15.108249     296 kubelet_network_linux.go:76] "Initialized protocol iptables rules." protocol=IPv4
Jun 03 06:08:15 kind-control-plane kubelet[296]: I0603 06:08:15.112093     296 cpu_manager.go:213] "Starting CPU manager" policy="none"
Jun 03 06:08:15 kind-control-plane kubelet[296]: I0603 06:08:15.112116     296 cpu_manager.go:214] "Reconciling" reconcilePeriod="10s"
Jun 03 06:08:15 kind-control-plane kubelet[296]: I0603 06:08:15.112132     296 state_mem.go:36] "Initialized new in-memory state store"
Jun 03 06:08:15 kind-control-plane kubelet[296]: I0603 06:08:15.115934     296 policy_none.go:49] "None policy: Start"
Jun 03 06:08:15 kind-control-plane kubelet[296]: I0603 06:08:15.116474     296 memory_manager.go:168] "Starting memorymanager" policy="None"
Jun 03 06:08:15 kind-control-plane kubelet[296]: I0603 06:08:15.116503     296 state_mem.go:35] "Initializing new in-memory state store"
Jun 03 06:08:15 kind-control-plane kubelet[296]: I0603 06:08:15.148717     296 kubelet_network_linux.go:76] "Initialized protocol iptables rules." protocol=IPv6
Jun 03 06:08:15 kind-control-plane kubelet[296]: I0603 06:08:15.148746     296 status_manager.go:161] "Starting to sync pod status with apiserver"
Jun 03 06:08:15 kind-control-plane kubelet[296]: I0603 06:08:15.148761     296 kubelet.go:1974] "Starting kubelet main sync loop"
Jun 03 06:08:15 kind-control-plane kubelet[296]: E0603 06:08:15.148816     296 kubelet.go:1998] "Skipping pod synchronization" err="[container runtime status check may not have completed yet, PLEG is not healthy: pleg has yet to be successful]"
Jun 03 06:08:15 kind-control-plane kubelet[296]: W0603 06:08:15.149518     296 reflector.go:324] vendor/k8s.io/client-go/informers/factory.go:134: failed to list *v1.RuntimeClass: Get "https://kind-control-plane:6443/apis/node.k8s.io/v1/runtimeclasses?limit=500&resourceVersion=0": dial tcp [fc00:f853:ccd:e793::2]:6443: connect: connection refused
Jun 03 06:08:15 kind-control-plane kubelet[296]: E0603 06:08:15.149662     296 reflector.go:138] vendor/k8s.io/client-go/informers/factory.go:134: Failed to watch *v1.RuntimeClass: failed to list *v1.RuntimeClass: Get "https://kind-control-plane:6443/apis/node.k8s.io/v1/runtimeclasses?limit=500&resourceVersion=0": dial tcp [fc00:f853:ccd:e793::2]:6443: connect: connection refused
Jun 03 06:08:15 kind-control-plane kubelet[296]: I0603 06:08:15.153862     296 manager.go:610] "Failed to read data from checkpoint" checkpoint="kubelet_internal_checkpoint" err="checkpoint is not found"
Jun 03 06:08:15 kind-control-plane kubelet[296]: I0603 06:08:15.154066     296 plugin_manager.go:114] "Starting Kubelet Plugin Manager"
Jun 03 06:08:15 kind-control-plane kubelet[296]: E0603 06:08:15.154806     296 eviction_manager.go:254] "Eviction manager: failed to get summary stats" err="failed to get node info: node \"kind-control-plane\" not found"
Jun 03 06:08:15 kind-control-plane kubelet[296]: E0603 06:08:15.160801     296 kubelet.go:2419] "Error getting node" err="node \"kind-control-plane\" not found"
Jun 03 06:08:15 kind-control-plane kubelet[296]: I0603 06:08:15.161324     296 kubelet_node_status.go:70] "Attempting to register node" node="kind-control-plane"
Jun 03 06:08:15 kind-control-plane kubelet[296]: E0603 06:08:15.161848     296 kubelet_node_status.go:92] "Unable to register node with API server" err="Post \"https://kind-control-plane:6443/api/v1/nodes\": dial tcp [fc00:f853:ccd:e793::2]:6443: connect: connection refused" node="kind-control-plane"
Jun 03 06:08:15 kind-control-plane kubelet[296]: I0603 06:08:15.249166     296 topology_manager.go:200] "Topology Admit Handler"
Jun 03 06:08:15 kind-control-plane kubelet[296]: I0603 06:08:15.250161     296 topology_manager.go:200] "Topology Admit Handler"
Jun 03 06:08:15 kind-control-plane kubelet[296]: I0603 06:08:15.250817     296 topology_manager.go:200] "Topology Admit Handler"
Jun 03 06:08:15 kind-control-plane kubelet[296]: I0603 06:08:15.251593     296 topology_manager.go:200] "Topology Admit Handler"
Jun 03 06:08:15 kind-control-plane kubelet[296]: I0603 06:08:15.251607     296 status_manager.go:664] "Failed to get status for pod" podUID=3ad330893dfa6e7a6180bb2356c8bfd5 pod="kube-system/etcd-kind-control-plane" err="Get \"https://kind-control-plane:6443/api/v1/namespaces/kube-system/pods/etcd-kind-control-plane\": dial tcp [fc00:f853:ccd:e793::2]:6443: connect: connection refused"
Jun 03 06:08:15 kind-control-plane kubelet[296]: I0603 06:08:15.252271     296 status_manager.go:664] "Failed to get status for pod" podUID=39810702a030d32d36ea2363bc20b9d0 pod="kube-system/kube-apiserver-kind-control-plane" err="Get \"https://kind-control-plane:6443/api/v1/namespaces/kube-system/pods/kube-apiserver-kind-control-plane\": dial tcp [fc00:f853:ccd:e793::2]:6443: connect: connection refused"
Jun 03 06:08:15 kind-control-plane kubelet[296]: I0603 06:08:15.252842     296 status_manager.go:664] "Failed to get status for pod" podUID=d068cb2f2a50ec5a8c4ab3d6e2488f95 pod="kube-system/kube-controller-manager-kind-control-plane" err="Get \"https://kind-control-plane:6443/api/v1/namespaces/kube-system/pods/kube-controller-manager-kind-control-plane\": dial tcp [fc00:f853:ccd:e793::2]:6443: connect: connection refused"
Jun 03 06:08:15 kind-control-plane kubelet[296]: I0603 06:08:15.253960     296 status_manager.go:664] "Failed to get status for pod" podUID=c534a26b3c79b42ea583a3639f5034a6 pod="kube-system/kube-scheduler-kind-control-plane" err="Get \"https://kind-control-plane:6443/api/v1/namespaces/kube-system/pods/kube-scheduler-kind-control-plane\": dial tcp [fc00:f853:ccd:e793::2]:6443: connect: connection refused"
Jun 03 06:08:15 kind-control-plane kubelet[296]: E0603 06:08:15.260845     296 kubelet.go:2419] "Error getting node" err="node \"kind-control-plane\" not found"
Jun 03 06:08:15 kind-control-plane kubelet[296]: I0603 06:08:15.261002     296 reconciler.go:270] "operationExecutor.VerifyControllerAttachedVolume started for volume \"ca-certs\" (UniqueName: \"kubernetes.io/host-path/d068cb2f2a50ec5a8c4ab3d6e2488f95-ca-certs\") pod \"kube-controller-manager-kind-control-plane\" (UID: \"d068cb2f2a50ec5a8c4ab3d6e2488f95\") " pod="kube-system/kube-controller-manager-kind-control-plane"
Jun 03 06:08:15 kind-control-plane kubelet[296]: E0603 06:08:15.261265     296 controller.go:144] failed to ensure lease exists, will retry in 400ms, error: Get "https://kind-control-plane:6443/apis/coordination.k8s.io/v1/namespaces/kube-node-lease/leases/kind-control-plane?timeout=10s": dial tcp [fc00:f853:ccd:e793::2]:6443: connect: connection refused
Jun 03 06:08:15 kind-control-plane kubelet[296]: E0603 06:08:15.360912     296 kubelet.go:2419] "Error getting node" err="node \"kind-control-plane\" not found"
Jun 03 06:08:15 kind-control-plane kubelet[296]: I0603 06:08:15.361226     296 reconciler.go:270] "operationExecutor.VerifyControllerAttachedVolume started for volume \"etc-ca-certificates\" (UniqueName: \"kubernetes.io/host-path/d068cb2f2a50ec5a8c4ab3d6e2488f95-etc-ca-certificates\") pod \"kube-controller-manager-kind-control-plane\" (UID: \"d068cb2f2a50ec5a8c4ab3d6e2488f95\") " pod="kube-system/kube-controller-manager-kind-control-plane"
Jun 03 06:08:15 kind-control-plane kubelet[296]: I0603 06:08:15.361267     296 reconciler.go:270] "operationExecutor.VerifyControllerAttachedVolume started for volume \"k8s-certs\" (UniqueName: \"kubernetes.io/host-path/39810702a030d32d36ea2363bc20b9d0-k8s-certs\") pod \"kube-apiserver-kind-control-plane\" (UID: \"39810702a030d32d36ea2363bc20b9d0\") " pod="kube-system/kube-apiserver-kind-control-plane"
Jun 03 06:08:15 kind-control-plane kubelet[296]: I0603 06:08:15.361344     296 reconciler.go:270] "operationExecutor.VerifyControllerAttachedVolume started for volume \"etcd-certs\" (UniqueName: \"kubernetes.io/host-path/3ad330893dfa6e7a6180bb2356c8bfd5-etcd-certs\") pod \"etcd-kind-control-plane\" (UID: \"3ad330893dfa6e7a6180bb2356c8bfd5\") " pod="kube-system/etcd-kind-control-plane"
Jun 03 06:08:15 kind-control-plane kubelet[296]: I0603 06:08:15.361411     296 reconciler.go:270] "operationExecutor.VerifyControllerAttachedVolume started for volume \"usr-share-ca-certificates\" (UniqueName: \"kubernetes.io/host-path/39810702a030d32d36ea2363bc20b9d0-usr-share-ca-certificates\") pod \"kube-apiserver-kind-control-plane\" (UID: \"39810702a030d32d36ea2363bc20b9d0\") " pod="kube-system/kube-apiserver-kind-control-plane"
Jun 03 06:08:15 kind-control-plane kubelet[296]: I0603 06:08:15.361476     296 reconciler.go:270] "operationExecutor.VerifyControllerAttachedVolume started for volume \"flexvolume-dir\" (UniqueName: \"kubernetes.io/host-path/d068cb2f2a50ec5a8c4ab3d6e2488f95-flexvolume-dir\") pod \"kube-controller-manager-kind-control-plane\" (UID: \"d068cb2f2a50ec5a8c4ab3d6e2488f95\") " pod="kube-system/kube-controller-manager-kind-control-plane"
Jun 03 06:08:15 kind-control-plane kubelet[296]: I0603 06:08:15.361509     296 reconciler.go:270] "operationExecutor.VerifyControllerAttachedVolume started for volume \"ca-certs\" (UniqueName: \"kubernetes.io/host-path/39810702a030d32d36ea2363bc20b9d0-ca-certs\") pod \"kube-apiserver-kind-control-plane\" (UID: \"39810702a030d32d36ea2363bc20b9d0\") " pod="kube-system/kube-apiserver-kind-control-plane"
Jun 03 06:08:15 kind-control-plane kubelet[296]: I0603 06:08:15.361535     296 reconciler.go:270] "operationExecutor.VerifyControllerAttachedVolume started for volume \"usr-local-share-ca-certificates\" (UniqueName: \"kubernetes.io/host-path/39810702a030d32d36ea2363bc20b9d0-usr-local-share-ca-certificates\") pod \"kube-apiserver-kind-control-plane\" (UID: \"39810702a030d32d36ea2363bc20b9d0\") " pod="kube-system/kube-apiserver-kind-control-plane"
Jun 03 06:08:15 kind-control-plane kubelet[296]: I0603 06:08:15.361566     296 reconciler.go:270] "operationExecutor.VerifyControllerAttachedVolume started for volume \"usr-share-ca-certificates\" (UniqueName: \"kubernetes.io/host-path/d068cb2f2a50ec5a8c4ab3d6e2488f95-usr-share-ca-certificates\") pod \"kube-controller-manager-kind-control-plane\" (UID: \"d068cb2f2a50ec5a8c4ab3d6e2488f95\") " pod="kube-system/kube-controller-manager-kind-control-plane"
Jun 03 06:08:15 kind-control-plane kubelet[296]: I0603 06:08:15.361601     296 reconciler.go:270] "operationExecutor.VerifyControllerAttachedVolume started for volume \"etcd-data\" (UniqueName: \"kubernetes.io/host-path/3ad330893dfa6e7a6180bb2356c8bfd5-etcd-data\") pod \"etcd-kind-control-plane\" (UID: \"3ad330893dfa6e7a6180bb2356c8bfd5\") " pod="kube-system/etcd-kind-control-plane"
Jun 03 06:08:15 kind-control-plane kubelet[296]: I0603 06:08:15.361629     296 reconciler.go:270] "operationExecutor.VerifyControllerAttachedVolume started for volume \"usr-local-share-ca-certificates\" (UniqueName: \"kubernetes.io/host-path/d068cb2f2a50ec5a8c4ab3d6e2488f95-usr-local-share-ca-certificates\") pod \"kube-controller-manager-kind-control-plane\" (UID: \"d068cb2f2a50ec5a8c4ab3d6e2488f95\") " pod="kube-system/kube-controller-manager-kind-control-plane"
Jun 03 06:08:15 kind-control-plane kubelet[296]: I0603 06:08:15.361696     296 reconciler.go:270] "operationExecutor.VerifyControllerAttachedVolume started for volume \"kubeconfig\" (UniqueName: \"kubernetes.io/host-path/c534a26b3c79b42ea583a3639f5034a6-kubeconfig\") pod \"kube-scheduler-kind-control-plane\" (UID: \"c534a26b3c79b42ea583a3639f5034a6\") " pod="kube-system/kube-scheduler-kind-control-plane"
Jun 03 06:08:15 kind-control-plane kubelet[296]: I0603 06:08:15.361747     296 reconciler.go:270] "operationExecutor.VerifyControllerAttachedVolume started for volume \"etc-ca-certificates\" (UniqueName: \"kubernetes.io/host-path/39810702a030d32d36ea2363bc20b9d0-etc-ca-certificates\") pod \"kube-apiserver-kind-control-plane\" (UID: \"39810702a030d32d36ea2363bc20b9d0\") " pod="kube-system/kube-apiserver-kind-control-plane"
Jun 03 06:08:15 kind-control-plane kubelet[296]: I0603 06:08:15.361778     296 reconciler.go:270] "operationExecutor.VerifyControllerAttachedVolume started for volume \"k8s-certs\" (UniqueName: \"kubernetes.io/host-path/d068cb2f2a50ec5a8c4ab3d6e2488f95-k8s-certs\") pod \"kube-controller-manager-kind-control-plane\" (UID: \"d068cb2f2a50ec5a8c4ab3d6e2488f95\") " pod="kube-system/kube-controller-manager-kind-control-plane"
Jun 03 06:08:15 kind-control-plane kubelet[296]: I0603 06:08:15.361804     296 reconciler.go:270] "operationExecutor.VerifyControllerAttachedVolume started for volume \"kubeconfig\" (UniqueName: \"kubernetes.io/host-path/d068cb2f2a50ec5a8c4ab3d6e2488f95-kubeconfig\") pod \"kube-controller-manager-kind-control-plane\" (UID: \"d068cb2f2a50ec5a8c4ab3d6e2488f95\") " pod="kube-system/kube-controller-manager-kind-control-plane"
Jun 03 06:08:15 kind-control-plane kubelet[296]: I0603 06:08:15.362703     296 kubelet_node_status.go:70] "Attempting to register node" node="kind-control-plane"
Jun 03 06:08:15 kind-control-plane kubelet[296]: E0603 06:08:15.363326     296 kubelet_node_status.go:92] "Unable to register node with API server" err="Post \"https://kind-control-plane:6443/api/v1/nodes\": dial tcp [fc00:f853:ccd:e793::2]:6443: connect: connection refused" node="kind-control-plane"
Jun 03 06:08:15 kind-control-plane kubelet[296]: E0603 06:08:15.461614     296 kubelet.go:2419] "Error getting node" err="node \"kind-control-plane\" not found"
Jun 03 06:08:15 kind-control-plane kubelet[296]: E0603 06:08:15.562226     296 kubelet.go:2419] "Error getting node" err="node \"kind-control-plane\" not found"
Jun 03 06:08:15 kind-control-plane kubelet[296]: E0603 06:08:15.662405     296 kubelet.go:2419] "Error getting node" err="node \"kind-control-plane\" not found"
Jun 03 06:08:15 kind-control-plane kubelet[296]: E0603 06:08:15.662812     296 controller.go:144] failed to ensure lease exists, will retry in 800ms, error: Get "https://kind-control-plane:6443/apis/coordination.k8s.io/v1/namespaces/kube-node-lease/leases/kind-control-plane?timeout=10s": dial tcp [fc00:f853:ccd:e793::2]:6443: connect: connection refused
Jun 03 06:08:15 kind-control-plane kubelet[296]: E0603 06:08:15.763210     296 kubelet.go:2419] "Error getting node" err="node \"kind-control-plane\" not found"
Jun 03 06:08:15 kind-control-plane kubelet[296]: I0603 06:08:15.764945     296 kubelet_node_status.go:70] "Attempting to register node" node="kind-control-plane"
Jun 03 06:08:15 kind-control-plane kubelet[296]: E0603 06:08:15.765477     296 kubelet_node_status.go:92] "Unable to register node with API server" err="Post \"https://kind-control-plane:6443/api/v1/nodes\": dial tcp [fc00:f853:ccd:e793::2]:6443: connect: connection refused" node="kind-control-plane"
Jun 03 06:08:15 kind-control-plane kubelet[296]: E0603 06:08:15.863897     296 kubelet.go:2419] "Error getting node" err="node \"kind-control-plane\" not found"
Jun 03 06:08:15 kind-control-plane kubelet[296]: E0603 06:08:15.964522     296 kubelet.go:2419] "Error getting node" err="node \"kind-control-plane\" not found"
Jun 03 06:08:15 kind-control-plane kubelet[296]: W0603 06:08:15.981819     296 reflector.go:324] vendor/k8s.io/client-go/informers/factory.go:134: failed to list *v1.Service: Get "https://kind-control-plane:6443/api/v1/services?limit=500&resourceVersion=0": dial tcp [fc00:f853:ccd:e793::2]:6443: connect: connection refused
Jun 03 06:08:15 kind-control-plane kubelet[296]: E0603 06:08:15.981880     296 reflector.go:138] vendor/k8s.io/client-go/informers/factory.go:134: Failed to watch *v1.Service: failed to list *v1.Service: Get "https://kind-control-plane:6443/api/v1/services?limit=500&resourceVersion=0": dial tcp [fc00:f853:ccd:e793::2]:6443: connect: connection refused
Jun 03 06:08:16 kind-control-plane kubelet[296]: E0603 06:08:16.065580     296 kubelet.go:2419] "Error getting node" err="node \"kind-control-plane\" not found"
Jun 03 06:08:16 kind-control-plane kubelet[296]: W0603 06:08:16.133674     296 reflector.go:324] vendor/k8s.io/client-go/informers/factory.go:134: failed to list *v1.CSIDriver: Get "https://kind-control-plane:6443/apis/storage.k8s.io/v1/csidrivers?limit=500&resourceVersion=0": dial tcp [fc00:f853:ccd:e793::2]:6443: connect: connection refused
Jun 03 06:08:16 kind-control-plane kubelet[296]: E0603 06:08:16.133744     296 reflector.go:138] vendor/k8s.io/client-go/informers/factory.go:134: Failed to watch *v1.CSIDriver: failed to list *v1.CSIDriver: Get "https://kind-control-plane:6443/apis/storage.k8s.io/v1/csidrivers?limit=500&resourceVersion=0": dial tcp [fc00:f853:ccd:e793::2]:6443: connect: connection refused
Jun 03 06:08:16 kind-control-plane kubelet[296]: E0603 06:08:16.165893     296 kubelet.go:2419] "Error getting node" err="node \"kind-control-plane\" not found"
Jun 03 06:08:16 kind-control-plane kubelet[296]: E0603 06:08:16.266439     296 kubelet.go:2419] "Error getting node" err="node \"kind-control-plane\" not found"
Jun 03 06:08:16 kind-control-plane kubelet[296]: E0603 06:08:16.366986     296 kubelet.go:2419] "Error getting node" err="node \"kind-control-plane\" not found"
Jun 03 06:08:16 kind-control-plane kubelet[296]: W0603 06:08:16.407058     296 reflector.go:324] vendor/k8s.io/client-go/informers/factory.go:134: failed to list *v1.Node: Get "https://kind-control-plane:6443/api/v1/nodes?fieldSelector=metadata.name%3Dkind-control-plane&limit=500&resourceVersion=0": dial tcp [fc00:f853:ccd:e793::2]:6443: connect: connection refused
Jun 03 06:08:16 kind-control-plane kubelet[296]: E0603 06:08:16.407129     296 reflector.go:138] vendor/k8s.io/client-go/informers/factory.go:134: Failed to watch *v1.Node: failed to list *v1.Node: Get "https://kind-control-plane:6443/api/v1/nodes?fieldSelector=metadata.name%3Dkind-control-plane&limit=500&resourceVersion=0": dial tcp [fc00:f853:ccd:e793::2]:6443: connect: connection refused
Jun 03 06:08:16 kind-control-plane kubelet[296]: E0603 06:08:16.464204     296 controller.go:144] failed to ensure lease exists, will retry in 1.6s, error: Get "https://kind-control-plane:6443/apis/coordination.k8s.io/v1/namespaces/kube-node-lease/leases/kind-control-plane?timeout=10s": dial tcp [fc00:f853:ccd:e793::2]:6443: connect: connection refused
Jun 03 06:08:16 kind-control-plane kubelet[296]: E0603 06:08:16.467265     296 kubelet.go:2419] "Error getting node" err="node \"kind-control-plane\" not found"
Jun 03 06:08:16 kind-control-plane kubelet[296]: E0603 06:08:16.567337     296 kubelet.go:2419] "Error getting node" err="node \"kind-control-plane\" not found"
Jun 03 06:08:16 kind-control-plane kubelet[296]: I0603 06:08:16.567910     296 kubelet_node_status.go:70] "Attempting to register node" node="kind-control-plane"
Jun 03 06:08:16 kind-control-plane kubelet[296]: W0603 06:08:16.567972     296 reflector.go:324] vendor/k8s.io/client-go/informers/factory.go:134: failed to list *v1.RuntimeClass: Get "https://kind-control-plane:6443/apis/node.k8s.io/v1/runtimeclasses?limit=500&resourceVersion=0": dial tcp [fc00:f853:ccd:e793::2]:6443: connect: connection refused
Jun 03 06:08:16 kind-control-plane kubelet[296]: E0603 06:08:16.568037     296 reflector.go:138] vendor/k8s.io/client-go/informers/factory.go:134: Failed to watch *v1.RuntimeClass: failed to list *v1.RuntimeClass: Get "https://kind-control-plane:6443/apis/node.k8s.io/v1/runtimeclasses?limit=500&resourceVersion=0": dial tcp [fc00:f853:ccd:e793::2]:6443: connect: connection refused
Jun 03 06:08:16 kind-control-plane kubelet[296]: E0603 06:08:16.658723     296 kubelet_node_status.go:92] "Unable to register node with API server" err="Post \"https://kind-control-plane:6443/api/v1/nodes\": dial tcp [fc00:f853:ccd:e793::2]:6443: connect: connection refused" node="kind-control-plane"
Jun 03 06:08:16 kind-control-plane kubelet[296]: E0603 06:08:16.668069     296 kubelet.go:2419] "Error getting node" err="node \"kind-control-plane\" not found"
Jun 03 06:08:16 kind-control-plane kubelet[296]: E0603 06:08:16.771919     296 kubelet.go:2419] "Error getting node" err="node \"kind-control-plane\" not found"
Jun 03 06:08:16 kind-control-plane kubelet[296]: E0603 06:08:16.873201     296 kubelet.go:2419] "Error getting node" err="node \"kind-control-plane\" not found"
Jun 03 06:08:16 kind-control-plane kubelet[296]: E0603 06:08:16.973837     296 kubelet.go:2419] "Error getting node" err="node \"kind-control-plane\" not found"
Jun 03 06:08:17 kind-control-plane kubelet[296]: E0603 06:08:17.074755     296 kubelet.go:2419] "Error getting node" err="node \"kind-control-plane\" not found"
Jun 03 06:08:17 kind-control-plane kubelet[296]: E0603 06:08:17.175731     296 kubelet.go:2419] "Error getting node" err="node \"kind-control-plane\" not found"
Jun 03 06:08:17 kind-control-plane kubelet[296]: E0603 06:08:17.276784     296 kubelet.go:2419] "Error getting node" err="node \"kind-control-plane\" not found"
Jun 03 06:08:17 kind-control-plane kubelet[296]: E0603 06:08:17.377398     296 kubelet.go:2419] "Error getting node" err="node \"kind-control-plane\" not found"
Jun 03 06:08:17 kind-control-plane kubelet[296]: E0603 06:08:17.477972     296 kubelet.go:2419] "Error getting node" err="node \"kind-control-plane\" not found"
Jun 03 06:08:17 kind-control-plane kubelet[296]: E0603 06:08:17.578867     296 kubelet.go:2419] "Error getting node" err="node \"kind-control-plane\" not found"
Jun 03 06:08:17 kind-control-plane kubelet[296]: E0603 06:08:17.679146     296 kubelet.go:2419] "Error getting node" err="node \"kind-control-plane\" not found"
Jun 03 06:08:17 kind-control-plane kubelet[296]: E0603 06:08:17.779856     296 kubelet.go:2419] "Error getting node" err="node \"kind-control-plane\" not found"
Jun 03 06:08:17 kind-control-plane kubelet[296]: E0603 06:08:17.880365     296 kubelet.go:2419] "Error getting node" err="node \"kind-control-plane\" not found"
Jun 03 06:08:17 kind-control-plane kubelet[296]: E0603 06:08:17.980873     296 kubelet.go:2419] "Error getting node" err="node \"kind-control-plane\" not found"
Jun 03 06:08:18 kind-control-plane kubelet[296]: E0603 06:08:18.081463     296 kubelet.go:2419] "Error getting node" err="node \"kind-control-plane\" not found"
Jun 03 06:08:18 kind-control-plane kubelet[296]: E0603 06:08:18.182452     296 kubelet.go:2419] "Error getting node" err="node \"kind-control-plane\" not found"
Jun 03 06:08:18 kind-control-plane kubelet[296]: I0603 06:08:18.260336     296 kubelet_node_status.go:70] "Attempting to register node" node="kind-control-plane"
Jun 03 06:08:18 kind-control-plane kubelet[296]: E0603 06:08:18.283168     296 kubelet.go:2419] "Error getting node" err="node \"kind-control-plane\" not found"
Jun 03 06:08:18 kind-control-plane kubelet[296]: E0603 06:08:18.383719     296 kubelet.go:2419] "Error getting node" err="node \"kind-control-plane\" not found"
Jun 03 06:08:18 kind-control-plane kubelet[296]: E0603 06:08:18.483866     296 kubelet.go:2419] "Error getting node" err="node \"kind-control-plane\" not found"
Jun 03 06:08:18 kind-control-plane kubelet[296]: E0603 06:08:18.584495     296 kubelet.go:2419] "Error getting node" err="node \"kind-control-plane\" not found"
Jun 03 06:08:18 kind-control-plane kubelet[296]: E0603 06:08:18.684906     296 kubelet.go:2419] "Error getting node" err="node \"kind-control-plane\" not found"
Jun 03 06:08:18 kind-control-plane kubelet[296]: E0603 06:08:18.785390     296 kubelet.go:2419] "Error getting node" err="node \"kind-control-plane\" not found"
Jun 03 06:08:18 kind-control-plane kubelet[296]: E0603 06:08:18.885926     296 kubelet.go:2419] "Error getting node" err="node \"kind-control-plane\" not found"
Jun 03 06:08:18 kind-control-plane kubelet[296]: E0603 06:08:18.986370     296 kubelet.go:2419] "Error getting node" err="node \"kind-control-plane\" not found"
Jun 03 06:08:19 kind-control-plane kubelet[296]: E0603 06:08:19.086711     296 kubelet.go:2419] "Error getting node" err="node \"kind-control-plane\" not found"
Jun 03 06:08:19 kind-control-plane kubelet[296]: E0603 06:08:19.187471     296 kubelet.go:2419] "Error getting node" err="node \"kind-control-plane\" not found"
Jun 03 06:08:19 kind-control-plane kubelet[296]: E0603 06:08:19.287996     296 kubelet.go:2419] "Error getting node" err="node \"kind-control-plane\" not found"
Jun 03 06:08:19 kind-control-plane kubelet[296]: E0603 06:08:19.388505     296 kubelet.go:2419] "Error getting node" err="node \"kind-control-plane\" not found"
Jun 03 06:08:19 kind-control-plane kubelet[296]: E0603 06:08:19.489079     296 kubelet.go:2419] "Error getting node" err="node \"kind-control-plane\" not found"
Jun 03 06:08:19 kind-control-plane kubelet[296]: E0603 06:08:19.589864     296 kubelet.go:2419] "Error getting node" err="node \"kind-control-plane\" not found"
Jun 03 06:08:19 kind-control-plane kubelet[296]: E0603 06:08:19.690367     296 kubelet.go:2419] "Error getting node" err="node \"kind-control-plane\" not found"
Jun 03 06:08:19 kind-control-plane kubelet[296]: E0603 06:08:19.791077     296 kubelet.go:2419] "Error getting node" err="node \"kind-control-plane\" not found"
Jun 03 06:08:19 kind-control-plane kubelet[296]: E0603 06:08:19.891752     296 kubelet.go:2419] "Error getting node" err="node \"kind-control-plane\" not found"
Jun 03 06:08:19 kind-control-plane kubelet[296]: E0603 06:08:19.992321     296 kubelet.go:2419] "Error getting node" err="node \"kind-control-plane\" not found"
Jun 03 06:08:20 kind-control-plane kubelet[296]: E0603 06:08:20.092397     296 kubelet.go:2419] "Error getting node" err="node \"kind-control-plane\" not found"
Jun 03 06:08:20 kind-control-plane kubelet[296]: E0603 06:08:20.155226     296 kubelet.go:2344] "Container runtime network not ready" networkReady="NetworkReady=false reason:NetworkPluginNotReady message:Network plugin returns error: cni plugin not initialized"
Jun 03 06:08:20 kind-control-plane kubelet[296]: E0603 06:08:20.192494     296 kubelet.go:2419] "Error getting node" err="node \"kind-control-plane\" not found"
Jun 03 06:08:20 kind-control-plane kubelet[296]: E0603 06:08:20.293307     296 kubelet.go:2419] "Error getting node" err="node \"kind-control-plane\" not found"
Jun 03 06:08:20 kind-control-plane kubelet[296]: E0603 06:08:20.393759     296 kubelet.go:2419] "Error getting node" err="node \"kind-control-plane\" not found"
Jun 03 06:08:20 kind-control-plane kubelet[296]: E0603 06:08:20.494327     296 kubelet.go:2419] "Error getting node" err="node \"kind-control-plane\" not found"
Jun 03 06:08:20 kind-control-plane kubelet[296]: E0603 06:08:20.594913     296 kubelet.go:2419] "Error getting node" err="node \"kind-control-plane\" not found"
Jun 03 06:08:20 kind-control-plane kubelet[296]: E0603 06:08:20.695522     296 kubelet.go:2419] "Error getting node" err="node \"kind-control-plane\" not found"
Jun 03 06:08:20 kind-control-plane kubelet[296]: E0603 06:08:20.795928     296 kubelet.go:2419] "Error getting node" err="node \"kind-control-plane\" not found"
Jun 03 06:08:20 kind-control-plane kubelet[296]: E0603 06:08:20.896368     296 kubelet.go:2419] "Error getting node" err="node \"kind-control-plane\" not found"
Jun 03 06:08:20 kind-control-plane kubelet[296]: E0603 06:08:20.996914     296 kubelet.go:2419] "Error getting node" err="node \"kind-control-plane\" not found"
Jun 03 06:08:21 kind-control-plane kubelet[296]: E0603 06:08:21.097946     296 kubelet.go:2419] "Error getting node" err="node \"kind-control-plane\" not found"
Jun 03 06:08:21 kind-control-plane kubelet[296]: E0603 06:08:21.198540     296 kubelet.go:2419] "Error getting node" err="node \"kind-control-plane\" not found"
Jun 03 06:08:21 kind-control-plane kubelet[296]: E0603 06:08:21.299075     296 kubelet.go:2419] "Error getting node" err="node \"kind-control-plane\" not found"
Jun 03 06:08:21 kind-control-plane kubelet[296]: E0603 06:08:21.399664     296 kubelet.go:2419] "Error getting node" err="node \"kind-control-plane\" not found"
Jun 03 06:08:21 kind-control-plane kubelet[296]: E0603 06:08:21.500075     296 kubelet.go:2419] "Error getting node" err="node \"kind-control-plane\" not found"
Jun 03 06:08:21 kind-control-plane kubelet[296]: E0603 06:08:21.600688     296 kubelet.go:2419] "Error getting node" err="node \"kind-control-plane\" not found"
Jun 03 06:08:21 kind-control-plane kubelet[296]: E0603 06:08:21.701079     296 kubelet.go:2419] "Error getting node" err="node \"kind-control-plane\" not found"
Jun 03 06:08:21 kind-control-plane kubelet[296]: E0603 06:08:21.801657     296 kubelet.go:2419] "Error getting node" err="node \"kind-control-plane\" not found"
Jun 03 06:08:21 kind-control-plane kubelet[296]: E0603 06:08:21.902107     296 kubelet.go:2419] "Error getting node" err="node \"kind-control-plane\" not found"
Jun 03 06:08:22 kind-control-plane kubelet[296]: E0603 06:08:22.002817     296 kubelet.go:2419] "Error getting node" err="node \"kind-control-plane\" not found"
Jun 03 06:08:22 kind-control-plane kubelet[296]: E0603 06:08:22.103807     296 kubelet.go:2419] "Error getting node" err="node \"kind-control-plane\" not found"
Jun 03 06:08:22 kind-control-plane kubelet[296]: E0603 06:08:22.204844     296 kubelet.go:2419] "Error getting node" err="node \"kind-control-plane\" not found"
Jun 03 06:08:22 kind-control-plane kubelet[296]: E0603 06:08:22.305493     296 kubelet.go:2419] "Error getting node" err="node \"kind-control-plane\" not found"
Jun 03 06:08:22 kind-control-plane kubelet[296]: E0603 06:08:22.405976     296 kubelet.go:2419] "Error getting node" err="node \"kind-control-plane\" not found"
Jun 03 06:08:22 kind-control-plane kubelet[296]: E0603 06:08:22.506344     296 kubelet.go:2419] "Error getting node" err="node \"kind-control-plane\" not found"
Jun 03 06:08:22 kind-control-plane kubelet[296]: E0603 06:08:22.606498     296 kubelet.go:2419] "Error getting node" err="node \"kind-control-plane\" not found"
Jun 03 06:08:22 kind-control-plane kubelet[296]: E0603 06:08:22.707025     296 kubelet.go:2419] "Error getting node" err="node \"kind-control-plane\" not found"
Jun 03 06:08:22 kind-control-plane kubelet[296]: E0603 06:08:22.807495     296 kubelet.go:2419] "Error getting node" err="node \"kind-control-plane\" not found"
Jun 03 06:08:22 kind-control-plane kubelet[296]: E0603 06:08:22.907904     296 kubelet.go:2419] "Error getting node" err="node \"kind-control-plane\" not found"
Jun 03 06:08:23 kind-control-plane kubelet[296]: E0603 06:08:23.007955     296 kubelet.go:2419] "Error getting node" err="node \"kind-control-plane\" not found"
Jun 03 06:08:23 kind-control-plane kubelet[296]: E0603 06:08:23.015700     296 nodelease.go:49] "Failed to get node when trying to set owner ref to the node lease" err="nodes \"kind-control-plane\" not found" node="kind-control-plane"
Jun 03 06:08:23 kind-control-plane kubelet[296]: I0603 06:08:23.061761     296 apiserver.go:52] "Watching apiserver"
Jun 03 06:08:23 kind-control-plane kubelet[296]: E0603 06:08:23.109083     296 kubelet.go:2419] "Error getting node" err="node \"kind-control-plane\" not found"
Jun 03 06:08:23 kind-control-plane kubelet[296]: I0603 06:08:23.115514     296 kubelet_node_status.go:73] "Successfully registered node" node="kind-control-plane"
Jun 03 06:08:23 kind-control-plane kubelet[296]: I0603 06:08:23.209427     296 reconciler.go:157] "Reconciler: start to sync state"
Jun 03 06:08:25 kind-control-plane kubelet[296]: E0603 06:08:25.156230     296 kubelet.go:2344] "Container runtime network not ready" networkReady="NetworkReady=false reason:NetworkPluginNotReady message:Network plugin returns error: cni plugin not initialized"
Jun 03 06:08:25 kind-control-plane kubelet[296]: I0603 06:08:25.874590     296 dynamic_cafile_content.go:171] "Shutting down controller" name="client-ca-bundle::/etc/kubernetes/pki/ca.crt"
Jun 03 06:08:25 kind-control-plane systemd[1]: Stopping kubelet: The Kubernetes Node Agent...
Jun 03 06:08:25 kind-control-plane systemd[1]: kubelet.service: Deactivated successfully.
Jun 03 06:08:25 kind-control-plane systemd[1]: Stopped kubelet: The Kubernetes Node Agent.
Jun 03 06:08:25 kind-control-plane systemd[1]: kubelet.service: Consumed 1.040s CPU time.
Jun 03 06:08:25 kind-control-plane systemd[1]: Starting kubelet: The Kubernetes Node Agent...
Jun 03 06:08:25 kind-control-plane systemd[1]: Started kubelet: The Kubernetes Node Agent.
Jun 03 06:08:25 kind-control-plane kubelet[803]: Flag --container-runtime has been deprecated, will be removed in 1.27 as the only valid value is 'remote'
Jun 03 06:08:25 kind-control-plane kubelet[803]: Flag --pod-infra-container-image has been deprecated, will be removed in 1.27. Image garbage collector will get sandbox image information from CRI.
Jun 03 06:08:25 kind-control-plane kubelet[803]: Flag --provider-id has been deprecated, This parameter should be set via the config file specified by the Kubelet's --config flag. See https://kubernetes.io/docs/tasks/administer-cluster/kubelet-config-file/ for more information.
Jun 03 06:08:25 kind-control-plane kubelet[803]: Flag --fail-swap-on has been deprecated, This parameter should be set via the config file specified by the Kubelet's --config flag. See https://kubernetes.io/docs/tasks/administer-cluster/kubelet-config-file/ for more information.
Jun 03 06:08:25 kind-control-plane kubelet[803]: Flag --cgroup-root has been deprecated, This parameter should be set via the config file specified by the Kubelet's --config flag. See https://kubernetes.io/docs/tasks/administer-cluster/kubelet-config-file/ for more information.
Jun 03 06:08:25 kind-control-plane kubelet[803]: I0603 06:08:25.975355     803 server.go:193] "--pod-infra-container-image will not be pruned by the image garbage collector in kubelet and should also be set in the remote runtime"
Jun 03 06:08:25 kind-control-plane kubelet[803]: Flag --container-runtime has been deprecated, will be removed in 1.27 as the only valid value is 'remote'
Jun 03 06:08:25 kind-control-plane kubelet[803]: Flag --pod-infra-container-image has been deprecated, will be removed in 1.27. Image garbage collector will get sandbox image information from CRI.
Jun 03 06:08:25 kind-control-plane kubelet[803]: Flag --provider-id has been deprecated, This parameter should be set via the config file specified by the Kubelet's --config flag. See https://kubernetes.io/docs/tasks/administer-cluster/kubelet-config-file/ for more information.
Jun 03 06:08:25 kind-control-plane kubelet[803]: Flag --fail-swap-on has been deprecated, This parameter should be set via the config file specified by the Kubelet's --config flag. See https://kubernetes.io/docs/tasks/administer-cluster/kubelet-config-file/ for more information.
Jun 03 06:08:25 kind-control-plane kubelet[803]: Flag --cgroup-root has been deprecated, This parameter should be set via the config file specified by the Kubelet's --config flag. See https://kubernetes.io/docs/tasks/administer-cluster/kubelet-config-file/ for more information.
Jun 03 06:08:25 kind-control-plane kubelet[803]: I0603 06:08:25.985016     803 server.go:399] "Kubelet version" kubeletVersion="v1.24.0"
Jun 03 06:08:25 kind-control-plane kubelet[803]: I0603 06:08:25.985047     803 server.go:401] "Golang settings" GOGC="" GOMAXPROCS="" GOTRACEBACK=""
Jun 03 06:08:25 kind-control-plane kubelet[803]: I0603 06:08:25.985302     803 server.go:813] "Client rotation is on, will bootstrap in background"
Jun 03 06:08:25 kind-control-plane kubelet[803]: I0603 06:08:25.986721     803 certificate_store.go:130] Loading cert/key pair from "/var/lib/kubelet/pki/kubelet-client-current.pem".
Jun 03 06:08:25 kind-control-plane kubelet[803]: I0603 06:08:25.987455     803 dynamic_cafile_content.go:157] "Starting controller" name="client-ca-bundle::/etc/kubernetes/pki/ca.crt"
Jun 03 06:08:25 kind-control-plane kubelet[803]: I0603 06:08:25.996897     803 container_manager_linux.go:262] "Container manager verified user specified cgroup-root exists" cgroupRoot=[kubelet]
Jun 03 06:08:25 kind-control-plane kubelet[803]: I0603 06:08:25.996975     803 container_manager_linux.go:267] "Creating Container Manager object based on Node Config" nodeConfig={RuntimeCgroupsName: SystemCgroupsName: KubeletCgroupsName: KubeletOOMScoreAdj:-999 ContainerRuntime: CgroupsPerQOS:true CgroupRoot:/kubelet CgroupDriver:systemd KubeletRootDir:/var/lib/kubelet ProtectKernelDefaults:false NodeAllocatableConfig:{KubeReservedCgroupName: SystemReservedCgroupName: ReservedSystemCPUs: EnforceNodeAllocatable:map[pods:{}] KubeReserved:map[] SystemReserved:map[] HardEvictionThresholds:[]} QOSReserved:map[] ExperimentalCPUManagerPolicy:none ExperimentalCPUManagerPolicyOptions:map[] ExperimentalTopologyManagerScope:container ExperimentalCPUManagerReconcilePeriod:10s ExperimentalMemoryManagerPolicy:None ExperimentalMemoryManagerReservedMemory:[] ExperimentalPodPidsLimit:-1 EnforceCPULimits:true CPUCFSQuotaPeriod:100ms ExperimentalTopologyManagerPolicy:none}
Jun 03 06:08:25 kind-control-plane kubelet[803]: I0603 06:08:25.997007     803 topology_manager.go:133] "Creating topology manager with policy per scope" topologyPolicyName="none" topologyScopeName="container"
Jun 03 06:08:25 kind-control-plane kubelet[803]: I0603 06:08:25.997028     803 container_manager_linux.go:302] "Creating device plugin manager" devicePluginEnabled=true
Jun 03 06:08:25 kind-control-plane kubelet[803]: I0603 06:08:25.997054     803 state_mem.go:36] "Initialized new in-memory state store"
Jun 03 06:08:25 kind-control-plane kubelet[803]: I0603 06:08:25.999805     803 kubelet.go:376] "Attempting to sync node with API server"
Jun 03 06:08:25 kind-control-plane kubelet[803]: I0603 06:08:25.999832     803 kubelet.go:267] "Adding static pod path" path="/etc/kubernetes/manifests"
Jun 03 06:08:25 kind-control-plane kubelet[803]: I0603 06:08:25.999855     803 kubelet.go:278] "Adding apiserver pod source"
Jun 03 06:08:25 kind-control-plane kubelet[803]: I0603 06:08:25.999867     803 apiserver.go:42] "Waiting for node sync before watching apiserver pods"
Jun 03 06:08:26 kind-control-plane kubelet[803]: I0603 06:08:26.000390     803 kuberuntime_manager.go:239] "Container runtime initialized" containerRuntime="containerd" version="v1.6.4" apiVersion="v1"
Jun 03 06:08:26 kind-control-plane kubelet[803]: I0603 06:08:26.001127     803 server.go:1181] "Started kubelet"
Jun 03 06:08:26 kind-control-plane kubelet[803]: I0603 06:08:26.001207     803 server.go:150] "Starting to listen" address="0.0.0.0" port=10250
Jun 03 06:08:26 kind-control-plane kubelet[803]: I0603 06:08:26.007542     803 server.go:410] "Adding debug handlers to kubelet server"
Jun 03 06:08:26 kind-control-plane kubelet[803]: I0603 06:08:26.009014     803 fs_resource_analyzer.go:67] "Starting FS ResourceAnalyzer"
Jun 03 06:08:26 kind-control-plane kubelet[803]: I0603 06:08:26.009120     803 volume_manager.go:289] "Starting Kubelet Volume Manager"
Jun 03 06:08:26 kind-control-plane kubelet[803]: I0603 06:08:26.009210     803 desired_state_of_world_populator.go:145] "Desired state populator starts to run"
Jun 03 06:08:26 kind-control-plane kubelet[803]: E0603 06:08:26.012657     803 kubelet.go:2344] "Container runtime network not ready" networkReady="NetworkReady=false reason:NetworkPluginNotReady message:Network plugin returns error: cni plugin not initialized"
Jun 03 06:08:26 kind-control-plane kubelet[803]: I0603 06:08:26.044977     803 kubelet_network_linux.go:76] "Initialized protocol iptables rules." protocol=IPv4
Jun 03 06:08:26 kind-control-plane kubelet[803]: I0603 06:08:26.061190     803 kubelet_network_linux.go:76] "Initialized protocol iptables rules." protocol=IPv6
Jun 03 06:08:26 kind-control-plane kubelet[803]: I0603 06:08:26.061217     803 status_manager.go:161] "Starting to sync pod status with apiserver"
Jun 03 06:08:26 kind-control-plane kubelet[803]: I0603 06:08:26.061231     803 kubelet.go:1974] "Starting kubelet main sync loop"
Jun 03 06:08:26 kind-control-plane kubelet[803]: E0603 06:08:26.061295     803 kubelet.go:1998] "Skipping pod synchronization" err="[container runtime status check may not have completed yet, PLEG is not healthy: pleg has yet to be successful]"
Jun 03 06:08:26 kind-control-plane kubelet[803]: I0603 06:08:26.110662     803 kubelet_node_status.go:70] "Attempting to register node" node="kind-control-plane"
Jun 03 06:08:26 kind-control-plane kubelet[803]: I0603 06:08:26.119540     803 kubelet_node_status.go:108] "Node was previously registered" node="kind-control-plane"
Jun 03 06:08:26 kind-control-plane kubelet[803]: I0603 06:08:26.119636     803 kubelet_node_status.go:73] "Successfully registered node" node="kind-control-plane"
Jun 03 06:08:26 kind-control-plane kubelet[803]: I0603 06:08:26.152351     803 cpu_manager.go:213] "Starting CPU manager" policy="none"
Jun 03 06:08:26 kind-control-plane kubelet[803]: I0603 06:08:26.152507     803 cpu_manager.go:214] "Reconciling" reconcilePeriod="10s"
Jun 03 06:08:26 kind-control-plane kubelet[803]: I0603 06:08:26.152525     803 state_mem.go:36] "Initialized new in-memory state store"
Jun 03 06:08:26 kind-control-plane kubelet[803]: I0603 06:08:26.152676     803 state_mem.go:88] "Updated default CPUSet" cpuSet=""
Jun 03 06:08:26 kind-control-plane kubelet[803]: I0603 06:08:26.152690     803 state_mem.go:96] "Updated CPUSet assignments" assignments=map[]
Jun 03 06:08:26 kind-control-plane kubelet[803]: I0603 06:08:26.152697     803 policy_none.go:49] "None policy: Start"
Jun 03 06:08:26 kind-control-plane kubelet[803]: I0603 06:08:26.153411     803 memory_manager.go:168] "Starting memorymanager" policy="None"
Jun 03 06:08:26 kind-control-plane kubelet[803]: I0603 06:08:26.153439     803 state_mem.go:35] "Initializing new in-memory state store"
Jun 03 06:08:26 kind-control-plane kubelet[803]: I0603 06:08:26.153579     803 state_mem.go:75] "Updated machine memory state"
Jun 03 06:08:26 kind-control-plane kubelet[803]: I0603 06:08:26.160277     803 manager.go:610] "Failed to read data from checkpoint" checkpoint="kubelet_internal_checkpoint" err="checkpoint is not found"
Jun 03 06:08:26 kind-control-plane kubelet[803]: I0603 06:08:26.160537     803 plugin_manager.go:114] "Starting Kubelet Plugin Manager"
Jun 03 06:08:26 kind-control-plane kubelet[803]: I0603 06:08:26.161375     803 topology_manager.go:200] "Topology Admit Handler"
Jun 03 06:08:26 kind-control-plane kubelet[803]: I0603 06:08:26.161479     803 topology_manager.go:200] "Topology Admit Handler"
Jun 03 06:08:26 kind-control-plane kubelet[803]: I0603 06:08:26.161527     803 topology_manager.go:200] "Topology Admit Handler"
Jun 03 06:08:26 kind-control-plane kubelet[803]: I0603 06:08:26.161565     803 topology_manager.go:200] "Topology Admit Handler"
Jun 03 06:08:26 kind-control-plane kubelet[803]: I0603 06:08:26.310418     803 reconciler.go:270] "operationExecutor.VerifyControllerAttachedVolume started for volume \"etcd-data\" (UniqueName: \"kubernetes.io/host-path/3ad330893dfa6e7a6180bb2356c8bfd5-etcd-data\") pod \"etcd-kind-control-plane\" (UID: \"3ad330893dfa6e7a6180bb2356c8bfd5\") " pod="kube-system/etcd-kind-control-plane"
Jun 03 06:08:26 kind-control-plane kubelet[803]: I0603 06:08:26.310474     803 reconciler.go:270] "operationExecutor.VerifyControllerAttachedVolume started for volume \"k8s-certs\" (UniqueName: \"kubernetes.io/host-path/39810702a030d32d36ea2363bc20b9d0-k8s-certs\") pod \"kube-apiserver-kind-control-plane\" (UID: \"39810702a030d32d36ea2363bc20b9d0\") " pod="kube-system/kube-apiserver-kind-control-plane"
Jun 03 06:08:26 kind-control-plane kubelet[803]: I0603 06:08:26.310506     803 reconciler.go:270] "operationExecutor.VerifyControllerAttachedVolume started for volume \"flexvolume-dir\" (UniqueName: \"kubernetes.io/host-path/d068cb2f2a50ec5a8c4ab3d6e2488f95-flexvolume-dir\") pod \"kube-controller-manager-kind-control-plane\" (UID: \"d068cb2f2a50ec5a8c4ab3d6e2488f95\") " pod="kube-system/kube-controller-manager-kind-control-plane"
Jun 03 06:08:26 kind-control-plane kubelet[803]: I0603 06:08:26.310584     803 reconciler.go:270] "operationExecutor.VerifyControllerAttachedVolume started for volume \"kubeconfig\" (UniqueName: \"kubernetes.io/host-path/d068cb2f2a50ec5a8c4ab3d6e2488f95-kubeconfig\") pod \"kube-controller-manager-kind-control-plane\" (UID: \"d068cb2f2a50ec5a8c4ab3d6e2488f95\") " pod="kube-system/kube-controller-manager-kind-control-plane"
Jun 03 06:08:26 kind-control-plane kubelet[803]: I0603 06:08:26.310640     803 reconciler.go:270] "operationExecutor.VerifyControllerAttachedVolume started for volume \"usr-local-share-ca-certificates\" (UniqueName: \"kubernetes.io/host-path/d068cb2f2a50ec5a8c4ab3d6e2488f95-usr-local-share-ca-certificates\") pod \"kube-controller-manager-kind-control-plane\" (UID: \"d068cb2f2a50ec5a8c4ab3d6e2488f95\") " pod="kube-system/kube-controller-manager-kind-control-plane"
Jun 03 06:08:26 kind-control-plane kubelet[803]: I0603 06:08:26.310687     803 reconciler.go:270] "operationExecutor.VerifyControllerAttachedVolume started for volume \"etcd-certs\" (UniqueName: \"kubernetes.io/host-path/3ad330893dfa6e7a6180bb2356c8bfd5-etcd-certs\") pod \"etcd-kind-control-plane\" (UID: \"3ad330893dfa6e7a6180bb2356c8bfd5\") " pod="kube-system/etcd-kind-control-plane"
Jun 03 06:08:26 kind-control-plane kubelet[803]: I0603 06:08:26.310724     803 reconciler.go:270] "operationExecutor.VerifyControllerAttachedVolume started for volume \"ca-certs\" (UniqueName: \"kubernetes.io/host-path/39810702a030d32d36ea2363bc20b9d0-ca-certs\") pod \"kube-apiserver-kind-control-plane\" (UID: \"39810702a030d32d36ea2363bc20b9d0\") " pod="kube-system/kube-apiserver-kind-control-plane"
Jun 03 06:08:26 kind-control-plane kubelet[803]: I0603 06:08:26.310767     803 reconciler.go:270] "operationExecutor.VerifyControllerAttachedVolume started for volume \"etc-ca-certificates\" (UniqueName: \"kubernetes.io/host-path/39810702a030d32d36ea2363bc20b9d0-etc-ca-certificates\") pod \"kube-apiserver-kind-control-plane\" (UID: \"39810702a030d32d36ea2363bc20b9d0\") " pod="kube-system/kube-apiserver-kind-control-plane"
Jun 03 06:08:26 kind-control-plane kubelet[803]: I0603 06:08:26.310794     803 reconciler.go:270] "operationExecutor.VerifyControllerAttachedVolume started for volume \"k8s-certs\" (UniqueName: \"kubernetes.io/host-path/d068cb2f2a50ec5a8c4ab3d6e2488f95-k8s-certs\") pod \"kube-controller-manager-kind-control-plane\" (UID: \"d068cb2f2a50ec5a8c4ab3d6e2488f95\") " pod="kube-system/kube-controller-manager-kind-control-plane"
Jun 03 06:08:26 kind-control-plane kubelet[803]: I0603 06:08:26.310830     803 reconciler.go:270] "operationExecutor.VerifyControllerAttachedVolume started for volume \"usr-share-ca-certificates\" (UniqueName: \"kubernetes.io/host-path/d068cb2f2a50ec5a8c4ab3d6e2488f95-usr-share-ca-certificates\") pod \"kube-controller-manager-kind-control-plane\" (UID: \"d068cb2f2a50ec5a8c4ab3d6e2488f95\") " pod="kube-system/kube-controller-manager-kind-control-plane"
Jun 03 06:08:26 kind-control-plane kubelet[803]: I0603 06:08:26.310861     803 reconciler.go:270] "operationExecutor.VerifyControllerAttachedVolume started for volume \"ca-certs\" (UniqueName: \"kubernetes.io/host-path/d068cb2f2a50ec5a8c4ab3d6e2488f95-ca-certs\") pod \"kube-controller-manager-kind-control-plane\" (UID: \"d068cb2f2a50ec5a8c4ab3d6e2488f95\") " pod="kube-system/kube-controller-manager-kind-control-plane"
Jun 03 06:08:26 kind-control-plane kubelet[803]: I0603 06:08:26.310887     803 reconciler.go:270] "operationExecutor.VerifyControllerAttachedVolume started for volume \"etc-ca-certificates\" (UniqueName: \"kubernetes.io/host-path/d068cb2f2a50ec5a8c4ab3d6e2488f95-etc-ca-certificates\") pod \"kube-controller-manager-kind-control-plane\" (UID: \"d068cb2f2a50ec5a8c4ab3d6e2488f95\") " pod="kube-system/kube-controller-manager-kind-control-plane"
Jun 03 06:08:26 kind-control-plane kubelet[803]: I0603 06:08:26.310923     803 reconciler.go:270] "operationExecutor.VerifyControllerAttachedVolume started for volume \"kubeconfig\" (UniqueName: \"kubernetes.io/host-path/c534a26b3c79b42ea583a3639f5034a6-kubeconfig\") pod \"kube-scheduler-kind-control-plane\" (UID: \"c534a26b3c79b42ea583a3639f5034a6\") " pod="kube-system/kube-scheduler-kind-control-plane"
Jun 03 06:08:26 kind-control-plane kubelet[803]: I0603 06:08:26.310958     803 reconciler.go:270] "operationExecutor.VerifyControllerAttachedVolume started for volume \"usr-local-share-ca-certificates\" (UniqueName: \"kubernetes.io/host-path/39810702a030d32d36ea2363bc20b9d0-usr-local-share-ca-certificates\") pod \"kube-apiserver-kind-control-plane\" (UID: \"39810702a030d32d36ea2363bc20b9d0\") " pod="kube-system/kube-apiserver-kind-control-plane"
Jun 03 06:08:26 kind-control-plane kubelet[803]: I0603 06:08:26.310994     803 reconciler.go:270] "operationExecutor.VerifyControllerAttachedVolume started for volume \"usr-share-ca-certificates\" (UniqueName: \"kubernetes.io/host-path/39810702a030d32d36ea2363bc20b9d0-usr-share-ca-certificates\") pod \"kube-apiserver-kind-control-plane\" (UID: \"39810702a030d32d36ea2363bc20b9d0\") " pod="kube-system/kube-apiserver-kind-control-plane"
Jun 03 06:08:26 kind-control-plane kubelet[803]: E0603 06:08:26.606859     803 kubelet.go:1690] "Failed creating a mirror pod for" err="pods \"kube-scheduler-kind-control-plane\" already exists" pod="kube-system/kube-scheduler-kind-control-plane"
Jun 03 06:08:27 kind-control-plane kubelet[803]: I0603 06:08:27.001053     803 apiserver.go:52] "Watching apiserver"
Jun 03 06:08:27 kind-control-plane kubelet[803]: I0603 06:08:27.218459     803 reconciler.go:157] "Reconciler: start to sync state"
Jun 03 06:08:27 kind-control-plane kubelet[803]: E0603 06:08:27.608487     803 kubelet.go:1690] "Failed creating a mirror pod for" err="pods \"kube-scheduler-kind-control-plane\" already exists" pod="kube-system/kube-scheduler-kind-control-plane"
Jun 03 06:08:27 kind-control-plane kubelet[803]: E0603 06:08:27.808009     803 kubelet.go:1690] "Failed creating a mirror pod for" err="pods \"kube-controller-manager-kind-control-plane\" already exists" pod="kube-system/kube-controller-manager-kind-control-plane"
Jun 03 06:08:28 kind-control-plane kubelet[803]: E0603 06:08:28.006946     803 kubelet.go:1690] "Failed creating a mirror pod for" err="pods \"kube-apiserver-kind-control-plane\" already exists" pod="kube-system/kube-apiserver-kind-control-plane"
Jun 03 06:08:28 kind-control-plane kubelet[803]: I0603 06:08:28.200781     803 request.go:601] Waited for 1.129333187s due to client-side throttling, not priority and fairness, request: POST:https://kind-control-plane:6443/api/v1/namespaces/kube-system/pods
Jun 03 06:08:28 kind-control-plane kubelet[803]: E0603 06:08:28.207212     803 kubelet.go:1690] "Failed creating a mirror pod for" err="pods \"etcd-kind-control-plane\" already exists" pod="kube-system/etcd-kind-control-plane"
Jun 03 06:08:31 kind-control-plane kubelet[803]: E0603 06:08:31.161971     803 kubelet.go:2344] "Container runtime network not ready" networkReady="NetworkReady=false reason:NetworkPluginNotReady message:Network plugin returns error: cni plugin not initialized"
Jun 03 06:08:36 kind-control-plane kubelet[803]: E0603 06:08:36.163260     803 kubelet.go:2344] "Container runtime network not ready" networkReady="NetworkReady=false reason:NetworkPluginNotReady message:Network plugin returns error: cni plugin not initialized"
Jun 03 06:08:37 kind-control-plane kubelet[803]: I0603 06:08:37.980884     803 kuberuntime_manager.go:1095] "Updating runtime config through cri with podcidr" CIDR="10.244.0.0/24"
Jun 03 06:08:37 kind-control-plane kubelet[803]: I0603 06:08:37.981644     803 kubelet_network.go:60] "Updating Pod CIDR" originalPodCIDR="" newPodCIDR="10.244.0.0/24"
Jun 03 06:08:37 kind-control-plane kubelet[803]: E0603 06:08:37.982075     803 kubelet.go:2344] "Container runtime network not ready" networkReady="NetworkReady=false reason:NetworkPluginNotReady message:Network plugin returns error: cni plugin not initialized"
Jun 03 06:08:38 kind-control-plane kubelet[803]: I0603 06:08:38.693100     803 topology_manager.go:200] "Topology Admit Handler"
Jun 03 06:08:38 kind-control-plane kubelet[803]: I0603 06:08:38.700631     803 topology_manager.go:200] "Topology Admit Handler"
Jun 03 06:08:38 kind-control-plane kubelet[803]: W0603 06:08:38.734798     803 watcher.go:93] Error while processing event ("/sys/fs/cgroup/devices/kubelet.slice/kubelet-kubepods.slice/kubelet-kubepods-besteffort.slice/kubelet-kubepods-besteffort-podf43c5672_241e_41af_bce8_8aecbd7b6ecd.slice": 0x40000100 == IN_CREATE|IN_ISDIR): inotify_add_watch /sys/fs/cgroup/devices/kubelet.slice/kubelet-kubepods.slice/kubelet-kubepods-besteffort.slice/kubelet-kubepods-besteffort-podf43c5672_241e_41af_bce8_8aecbd7b6ecd.slice: no such file or directory
Jun 03 06:08:38 kind-control-plane kubelet[803]: I0603 06:08:38.791026     803 reconciler.go:270] "operationExecutor.VerifyControllerAttachedVolume started for volume \"xtables-lock\" (UniqueName: \"kubernetes.io/host-path/f43c5672-241e-41af-bce8-8aecbd7b6ecd-xtables-lock\") pod \"kube-proxy-rfw6d\" (UID: \"f43c5672-241e-41af-bce8-8aecbd7b6ecd\") " pod="kube-system/kube-proxy-rfw6d"
Jun 03 06:08:38 kind-control-plane kubelet[803]: I0603 06:08:38.791083     803 reconciler.go:270] "operationExecutor.VerifyControllerAttachedVolume started for volume \"cni-cfg\" (UniqueName: \"kubernetes.io/host-path/85f7093b-8575-4f59-8d2c-bdc02d395038-cni-cfg\") pod \"kindnet-xxb56\" (UID: \"85f7093b-8575-4f59-8d2c-bdc02d395038\") " pod="kube-system/kindnet-xxb56"
Jun 03 06:08:38 kind-control-plane kubelet[803]: I0603 06:08:38.791110     803 reconciler.go:270] "operationExecutor.VerifyControllerAttachedVolume started for volume \"xtables-lock\" (UniqueName: \"kubernetes.io/host-path/85f7093b-8575-4f59-8d2c-bdc02d395038-xtables-lock\") pod \"kindnet-xxb56\" (UID: \"85f7093b-8575-4f59-8d2c-bdc02d395038\") " pod="kube-system/kindnet-xxb56"
Jun 03 06:08:38 kind-control-plane kubelet[803]: I0603 06:08:38.791173     803 reconciler.go:270] "operationExecutor.VerifyControllerAttachedVolume started for volume \"lib-modules\" (UniqueName: \"kubernetes.io/host-path/85f7093b-8575-4f59-8d2c-bdc02d395038-lib-modules\") pod \"kindnet-xxb56\" (UID: \"85f7093b-8575-4f59-8d2c-bdc02d395038\") " pod="kube-system/kindnet-xxb56"
Jun 03 06:08:38 kind-control-plane kubelet[803]: I0603 06:08:38.791217     803 reconciler.go:270] "operationExecutor.VerifyControllerAttachedVolume started for volume \"kube-proxy\" (UniqueName: \"kubernetes.io/configmap/f43c5672-241e-41af-bce8-8aecbd7b6ecd-kube-proxy\") pod \"kube-proxy-rfw6d\" (UID: \"f43c5672-241e-41af-bce8-8aecbd7b6ecd\") " pod="kube-system/kube-proxy-rfw6d"
Jun 03 06:08:38 kind-control-plane kubelet[803]: I0603 06:08:38.791244     803 reconciler.go:270] "operationExecutor.VerifyControllerAttachedVolume started for volume \"kube-api-access-dtcdl\" (UniqueName: \"kubernetes.io/projected/f43c5672-241e-41af-bce8-8aecbd7b6ecd-kube-api-access-dtcdl\") pod \"kube-proxy-rfw6d\" (UID: \"f43c5672-241e-41af-bce8-8aecbd7b6ecd\") " pod="kube-system/kube-proxy-rfw6d"
Jun 03 06:08:38 kind-control-plane kubelet[803]: I0603 06:08:38.791322     803 reconciler.go:270] "operationExecutor.VerifyControllerAttachedVolume started for volume \"kube-api-access-5gvp2\" (UniqueName: \"kubernetes.io/projected/85f7093b-8575-4f59-8d2c-bdc02d395038-kube-api-access-5gvp2\") pod \"kindnet-xxb56\" (UID: \"85f7093b-8575-4f59-8d2c-bdc02d395038\") " pod="kube-system/kindnet-xxb56"
Jun 03 06:08:38 kind-control-plane kubelet[803]: I0603 06:08:38.791361     803 reconciler.go:270] "operationExecutor.VerifyControllerAttachedVolume started for volume \"lib-modules\" (UniqueName: \"kubernetes.io/host-path/f43c5672-241e-41af-bce8-8aecbd7b6ecd-lib-modules\") pod \"kube-proxy-rfw6d\" (UID: \"f43c5672-241e-41af-bce8-8aecbd7b6ecd\") " pod="kube-system/kube-proxy-rfw6d"
Jun 03 06:08:41 kind-control-plane kubelet[803]: E0603 06:08:41.164226     803 kubelet.go:2344] "Container runtime network not ready" networkReady="NetworkReady=false reason:NetworkPluginNotReady message:Network plugin returns error: cni plugin not initialized"
Jun 03 06:08:46 kind-control-plane kubelet[803]: I0603 06:08:46.546213     803 topology_manager.go:200] "Topology Admit Handler"
Jun 03 06:08:46 kind-control-plane kubelet[803]: I0603 06:08:46.549176     803 topology_manager.go:200] "Topology Admit Handler"
Jun 03 06:08:46 kind-control-plane kubelet[803]: I0603 06:08:46.550359     803 topology_manager.go:200] "Topology Admit Handler"
Jun 03 06:08:46 kind-control-plane kubelet[803]: I0603 06:08:46.635927     803 reconciler.go:270] "operationExecutor.VerifyControllerAttachedVolume started for volume \"config-volume\" (UniqueName: \"kubernetes.io/configmap/e854e8e0-dbe9-4db7-b504-1bb74bf77e9a-config-volume\") pod \"coredns-6d4b75cb6d-njp5n\" (UID: \"e854e8e0-dbe9-4db7-b504-1bb74bf77e9a\") " pod="kube-system/coredns-6d4b75cb6d-njp5n"
Jun 03 06:08:46 kind-control-plane kubelet[803]: I0603 06:08:46.635983     803 reconciler.go:270] "operationExecutor.VerifyControllerAttachedVolume started for volume \"kube-api-access-2mjbn\" (UniqueName: \"kubernetes.io/projected/e854e8e0-dbe9-4db7-b504-1bb74bf77e9a-kube-api-access-2mjbn\") pod \"coredns-6d4b75cb6d-njp5n\" (UID: \"e854e8e0-dbe9-4db7-b504-1bb74bf77e9a\") " pod="kube-system/coredns-6d4b75cb6d-njp5n"
Jun 03 06:08:46 kind-control-plane kubelet[803]: I0603 06:08:46.636018     803 reconciler.go:270] "operationExecutor.VerifyControllerAttachedVolume started for volume \"kube-api-access-vmfsv\" (UniqueName: \"kubernetes.io/projected/0cd80232-5beb-487a-a4d5-6496adc142c8-kube-api-access-vmfsv\") pod \"local-path-provisioner-9cd9bd544-sjdpd\" (UID: \"0cd80232-5beb-487a-a4d5-6496adc142c8\") " pod="local-path-storage/local-path-provisioner-9cd9bd544-sjdpd"
Jun 03 06:08:46 kind-control-plane kubelet[803]: I0603 06:08:46.636183     803 reconciler.go:270] "operationExecutor.VerifyControllerAttachedVolume started for volume \"config-volume\" (UniqueName: \"kubernetes.io/configmap/bc36d10a-fe3f-445b-b6fb-c8412887cd6a-config-volume\") pod \"coredns-6d4b75cb6d-hsw5p\" (UID: \"bc36d10a-fe3f-445b-b6fb-c8412887cd6a\") " pod="kube-system/coredns-6d4b75cb6d-hsw5p"
Jun 03 06:08:46 kind-control-plane kubelet[803]: I0603 06:08:46.636273     803 reconciler.go:270] "operationExecutor.VerifyControllerAttachedVolume started for volume \"config-volume\" (UniqueName: \"kubernetes.io/configmap/0cd80232-5beb-487a-a4d5-6496adc142c8-config-volume\") pod \"local-path-provisioner-9cd9bd544-sjdpd\" (UID: \"0cd80232-5beb-487a-a4d5-6496adc142c8\") " pod="local-path-storage/local-path-provisioner-9cd9bd544-sjdpd"
Jun 03 06:08:46 kind-control-plane kubelet[803]: I0603 06:08:46.636363     803 reconciler.go:270] "operationExecutor.VerifyControllerAttachedVolume started for volume \"kube-api-access-9nhw9\" (UniqueName: \"kubernetes.io/projected/bc36d10a-fe3f-445b-b6fb-c8412887cd6a-kube-api-access-9nhw9\") pod \"coredns-6d4b75cb6d-hsw5p\" (UID: \"bc36d10a-fe3f-445b-b6fb-c8412887cd6a\") " pod="kube-system/coredns-6d4b75cb6d-hsw5p"
