-- Journal begins at Mon 2022-06-06 15:33:56 UTC, ends at Mon 2022-06-06 15:34:46 UTC. --
Jun 06 15:33:56 kind-worker2 systemd[1]: Starting containerd container runtime...
Jun 06 15:33:56 kind-worker2 systemd[1]: Started containerd container runtime.
Jun 06 15:33:56 kind-worker2 containerd[215]: time="2022-06-06T15:33:56.463600347Z" level=info msg="starting containerd" revision=212e8b6fa2f44b9c21b2798135fc6fb7c53efc16 version=v1.6.4
Jun 06 15:33:56 kind-worker2 containerd[215]: time="2022-06-06T15:33:56.503526416Z" level=info msg="loading plugin \"io.containerd.content.v1.content\"..." type=io.containerd.content.v1
Jun 06 15:33:56 kind-worker2 containerd[215]: time="2022-06-06T15:33:56.503727265Z" level=info msg="loading plugin \"io.containerd.snapshotter.v1.aufs\"..." type=io.containerd.snapshotter.v1
Jun 06 15:33:56 kind-worker2 containerd[215]: time="2022-06-06T15:33:56.505726052Z" level=info msg="loading plugin \"io.containerd.snapshotter.v1.btrfs\"..." type=io.containerd.snapshotter.v1
Jun 06 15:33:56 kind-worker2 containerd[215]: time="2022-06-06T15:33:56.506151147Z" level=info msg="skip loading plugin \"io.containerd.snapshotter.v1.btrfs\"..." error="path /var/lib/containerd/io.containerd.snapshotter.v1.btrfs (ext4) must be a btrfs filesystem to be used with the btrfs snapshotter: skip plugin" type=io.containerd.snapshotter.v1
Jun 06 15:33:56 kind-worker2 containerd[215]: time="2022-06-06T15:33:56.506191198Z" level=info msg="loading plugin \"io.containerd.snapshotter.v1.devmapper\"..." type=io.containerd.snapshotter.v1
Jun 06 15:33:56 kind-worker2 containerd[215]: time="2022-06-06T15:33:56.506209424Z" level=warning msg="failed to load plugin io.containerd.snapshotter.v1.devmapper" error="devmapper not configured"
Jun 06 15:33:56 kind-worker2 containerd[215]: time="2022-06-06T15:33:56.506221428Z" level=info msg="loading plugin \"io.containerd.snapshotter.v1.native\"..." type=io.containerd.snapshotter.v1
Jun 06 15:33:56 kind-worker2 containerd[215]: time="2022-06-06T15:33:56.506248526Z" level=info msg="loading plugin \"io.containerd.snapshotter.v1.overlayfs\"..." type=io.containerd.snapshotter.v1
Jun 06 15:33:56 kind-worker2 containerd[215]: time="2022-06-06T15:33:56.506427667Z" level=info msg="loading plugin \"io.containerd.snapshotter.v1.zfs\"..." type=io.containerd.snapshotter.v1
Jun 06 15:33:56 kind-worker2 containerd[215]: time="2022-06-06T15:33:56.506779372Z" level=info msg="skip loading plugin \"io.containerd.snapshotter.v1.zfs\"..." error="path /var/lib/containerd/io.containerd.snapshotter.v1.zfs must be a zfs filesystem to be used with the zfs snapshotter: skip plugin" type=io.containerd.snapshotter.v1
Jun 06 15:33:56 kind-worker2 containerd[215]: time="2022-06-06T15:33:56.506807307Z" level=info msg="loading plugin \"io.containerd.snapshotter.v1.fuse-overlayfs\"..." type=io.containerd.snapshotter.v1
Jun 06 15:33:56 kind-worker2 containerd[215]: time="2022-06-06T15:33:56.506946247Z" level=info msg="loading plugin \"io.containerd.metadata.v1.bolt\"..." type=io.containerd.metadata.v1
Jun 06 15:33:56 kind-worker2 containerd[215]: time="2022-06-06T15:33:56.506974271Z" level=warning msg="could not use snapshotter devmapper in metadata plugin" error="devmapper not configured"
Jun 06 15:33:56 kind-worker2 containerd[215]: time="2022-06-06T15:33:56.506988450Z" level=info msg="metadata content store policy set" policy=shared
Jun 06 15:33:56 kind-worker2 containerd[215]: time="2022-06-06T15:33:56.507097016Z" level=info msg="loading plugin \"io.containerd.differ.v1.walking\"..." type=io.containerd.differ.v1
Jun 06 15:33:56 kind-worker2 containerd[215]: time="2022-06-06T15:33:56.507122200Z" level=info msg="loading plugin \"io.containerd.event.v1.exchange\"..." type=io.containerd.event.v1
Jun 06 15:33:56 kind-worker2 containerd[215]: time="2022-06-06T15:33:56.507139269Z" level=info msg="loading plugin \"io.containerd.gc.v1.scheduler\"..." type=io.containerd.gc.v1
Jun 06 15:33:56 kind-worker2 containerd[215]: time="2022-06-06T15:33:56.507166639Z" level=info msg="loading plugin \"io.containerd.service.v1.introspection-service\"..." type=io.containerd.service.v1
Jun 06 15:33:56 kind-worker2 containerd[215]: time="2022-06-06T15:33:56.507182276Z" level=info msg="loading plugin \"io.containerd.service.v1.containers-service\"..." type=io.containerd.service.v1
Jun 06 15:33:56 kind-worker2 containerd[215]: time="2022-06-06T15:33:56.507198980Z" level=info msg="loading plugin \"io.containerd.service.v1.content-service\"..." type=io.containerd.service.v1
Jun 06 15:33:56 kind-worker2 containerd[215]: time="2022-06-06T15:33:56.507214056Z" level=info msg="loading plugin \"io.containerd.service.v1.diff-service\"..." type=io.containerd.service.v1
Jun 06 15:33:56 kind-worker2 containerd[215]: time="2022-06-06T15:33:56.507231176Z" level=info msg="loading plugin \"io.containerd.service.v1.images-service\"..." type=io.containerd.service.v1
Jun 06 15:33:56 kind-worker2 containerd[215]: time="2022-06-06T15:33:56.507251618Z" level=info msg="loading plugin \"io.containerd.service.v1.leases-service\"..." type=io.containerd.service.v1
Jun 06 15:33:56 kind-worker2 containerd[215]: time="2022-06-06T15:33:56.507267634Z" level=info msg="loading plugin \"io.containerd.service.v1.namespaces-service\"..." type=io.containerd.service.v1
Jun 06 15:33:56 kind-worker2 containerd[215]: time="2022-06-06T15:33:56.507288702Z" level=info msg="loading plugin \"io.containerd.service.v1.snapshots-service\"..." type=io.containerd.service.v1
Jun 06 15:33:56 kind-worker2 containerd[215]: time="2022-06-06T15:33:56.507317433Z" level=info msg="loading plugin \"io.containerd.runtime.v1.linux\"..." type=io.containerd.runtime.v1
Jun 06 15:33:56 kind-worker2 containerd[215]: time="2022-06-06T15:33:56.507404043Z" level=info msg="loading plugin \"io.containerd.runtime.v2.task\"..." type=io.containerd.runtime.v2
Jun 06 15:33:56 kind-worker2 containerd[215]: time="2022-06-06T15:33:56.507485143Z" level=info msg="loading plugin \"io.containerd.monitor.v1.cgroups\"..." type=io.containerd.monitor.v1
Jun 06 15:33:56 kind-worker2 containerd[215]: time="2022-06-06T15:33:56.507968259Z" level=info msg="loading plugin \"io.containerd.service.v1.tasks-service\"..." type=io.containerd.service.v1
Jun 06 15:33:56 kind-worker2 containerd[215]: time="2022-06-06T15:33:56.509361856Z" level=info msg="loading plugin \"io.containerd.grpc.v1.introspection\"..." type=io.containerd.grpc.v1
Jun 06 15:33:56 kind-worker2 containerd[215]: time="2022-06-06T15:33:56.509408951Z" level=info msg="loading plugin \"io.containerd.internal.v1.restart\"..." type=io.containerd.internal.v1
Jun 06 15:33:56 kind-worker2 containerd[215]: time="2022-06-06T15:33:56.509467513Z" level=info msg="loading plugin \"io.containerd.grpc.v1.containers\"..." type=io.containerd.grpc.v1
Jun 06 15:33:56 kind-worker2 containerd[215]: time="2022-06-06T15:33:56.509484677Z" level=info msg="loading plugin \"io.containerd.grpc.v1.content\"..." type=io.containerd.grpc.v1
Jun 06 15:33:56 kind-worker2 containerd[215]: time="2022-06-06T15:33:56.509500631Z" level=info msg="loading plugin \"io.containerd.grpc.v1.diff\"..." type=io.containerd.grpc.v1
Jun 06 15:33:56 kind-worker2 containerd[215]: time="2022-06-06T15:33:56.509514274Z" level=info msg="loading plugin \"io.containerd.grpc.v1.events\"..." type=io.containerd.grpc.v1
Jun 06 15:33:56 kind-worker2 containerd[215]: time="2022-06-06T15:33:56.509543351Z" level=info msg="loading plugin \"io.containerd.grpc.v1.healthcheck\"..." type=io.containerd.grpc.v1
Jun 06 15:33:56 kind-worker2 containerd[215]: time="2022-06-06T15:33:56.509569053Z" level=info msg="loading plugin \"io.containerd.grpc.v1.images\"..." type=io.containerd.grpc.v1
Jun 06 15:33:56 kind-worker2 containerd[215]: time="2022-06-06T15:33:56.509585937Z" level=info msg="loading plugin \"io.containerd.grpc.v1.leases\"..." type=io.containerd.grpc.v1
Jun 06 15:33:56 kind-worker2 containerd[215]: time="2022-06-06T15:33:56.509612750Z" level=info msg="loading plugin \"io.containerd.grpc.v1.namespaces\"..." type=io.containerd.grpc.v1
Jun 06 15:33:56 kind-worker2 containerd[215]: time="2022-06-06T15:33:56.509641689Z" level=info msg="loading plugin \"io.containerd.internal.v1.opt\"..." type=io.containerd.internal.v1
Jun 06 15:33:56 kind-worker2 containerd[215]: time="2022-06-06T15:33:56.509749391Z" level=info msg="loading plugin \"io.containerd.grpc.v1.snapshots\"..." type=io.containerd.grpc.v1
Jun 06 15:33:56 kind-worker2 containerd[215]: time="2022-06-06T15:33:56.509786135Z" level=info msg="loading plugin \"io.containerd.grpc.v1.tasks\"..." type=io.containerd.grpc.v1
Jun 06 15:33:56 kind-worker2 containerd[215]: time="2022-06-06T15:33:56.509817270Z" level=info msg="loading plugin \"io.containerd.grpc.v1.version\"..." type=io.containerd.grpc.v1
Jun 06 15:33:56 kind-worker2 containerd[215]: time="2022-06-06T15:33:56.509843083Z" level=info msg="loading plugin \"io.containerd.tracing.processor.v1.otlp\"..." type=io.containerd.tracing.processor.v1
Jun 06 15:33:56 kind-worker2 containerd[215]: time="2022-06-06T15:33:56.509874215Z" level=info msg="skip loading plugin \"io.containerd.tracing.processor.v1.otlp\"..." error="no OpenTelemetry endpoint: skip plugin" type=io.containerd.tracing.processor.v1
Jun 06 15:33:56 kind-worker2 containerd[215]: time="2022-06-06T15:33:56.509896657Z" level=info msg="loading plugin \"io.containerd.internal.v1.tracing\"..." type=io.containerd.internal.v1
Jun 06 15:33:56 kind-worker2 containerd[215]: time="2022-06-06T15:33:56.509954912Z" level=error msg="failed to initialize a tracing processor \"otlp\"" error="no OpenTelemetry endpoint: skip plugin"
Jun 06 15:33:56 kind-worker2 containerd[215]: time="2022-06-06T15:33:56.510005786Z" level=info msg="loading plugin \"io.containerd.grpc.v1.cri\"..." type=io.containerd.grpc.v1
Jun 06 15:33:56 kind-worker2 containerd[215]: time="2022-06-06T15:33:56.510276481Z" level=warning msg="`mirrors` is deprecated, please use `config_path` instead"
Jun 06 15:33:56 kind-worker2 containerd[215]: time="2022-06-06T15:33:56.510446544Z" level=info msg="Start cri plugin with config {PluginConfig:{ContainerdConfig:{Snapshotter:overlayfs DefaultRuntimeName:runc DefaultRuntime:{Type: Path: Engine: PodAnnotations:[] ContainerAnnotations:[] Root: Options:map[] PrivilegedWithoutHostDevices:false BaseRuntimeSpec: NetworkPluginConfDir: NetworkPluginMaxConfNum:0} UntrustedWorkloadRuntime:{Type: Path: Engine: PodAnnotations:[] ContainerAnnotations:[] Root: Options:map[] PrivilegedWithoutHostDevices:false BaseRuntimeSpec: NetworkPluginConfDir: NetworkPluginMaxConfNum:0} Runtimes:map[runc:{Type:io.containerd.runc.v2 Path: Engine: PodAnnotations:[] ContainerAnnotations:[] Root: Options:map[SystemdCgroup:true] PrivilegedWithoutHostDevices:false BaseRuntimeSpec:/etc/containerd/cri-base.json NetworkPluginConfDir: NetworkPluginMaxConfNum:0} test-handler:{Type:io.containerd.runc.v2 Path: Engine: PodAnnotations:[] ContainerAnnotations:[] Root: Options:map[SystemdCgroup:true] PrivilegedWithoutHostDevices:false BaseRuntimeSpec:/etc/containerd/cri-base.json NetworkPluginConfDir: NetworkPluginMaxConfNum:0}] NoPivot:false DisableSnapshotAnnotations:true DiscardUnpackedLayers:true IgnoreRdtNotEnabledErrors:false} CniConfig:{NetworkPluginBinDir:/opt/cni/bin NetworkPluginConfDir:/etc/cni/net.d NetworkPluginMaxConfNum:1 NetworkPluginConfTemplate: IPPreference:} Registry:{ConfigPath: Mirrors:map[k8s.gcr.io:{Endpoints:[https://registry.k8s.io https://k8s.gcr.io]}] Configs:map[] Auths:map[] Headers:map[]} ImageDecryption:{KeyModel:node} DisableTCPService:true StreamServerAddress:127.0.0.1 StreamServerPort:0 StreamIdleTimeout:4h0m0s EnableSelinux:false SelinuxCategoryRange:1024 SandboxImage:k8s.gcr.io/pause:3.6 StatsCollectPeriod:10 SystemdCgroup:false EnableTLSStreaming:false X509KeyPairStreaming:{TLSCertFile: TLSKeyFile:} MaxContainerLogLineSize:16384 DisableCgroup:false DisableApparmor:false RestrictOOMScoreAdj:false MaxConcurrentDownloads:3 DisableProcMount:false UnsetSeccompProfile: TolerateMissingHugetlbController:true DisableHugetlbController:true DeviceOwnershipFromSecurityContext:false IgnoreImageDefinedVolumes:false NetNSMountsUnderStateDir:false EnableUnprivilegedPorts:false EnableUnprivilegedICMP:false} ContainerdRootDir:/var/lib/containerd ContainerdEndpoint:/run/containerd/containerd.sock RootDir:/var/lib/containerd/io.containerd.grpc.v1.cri StateDir:/run/containerd/io.containerd.grpc.v1.cri}"
Jun 06 15:33:56 kind-worker2 containerd[215]: time="2022-06-06T15:33:56.510557145Z" level=info msg="Connect containerd service"
Jun 06 15:33:56 kind-worker2 containerd[215]: time="2022-06-06T15:33:56.510631403Z" level=info msg="Get image filesystem path \"/var/lib/containerd/io.containerd.snapshotter.v1.overlayfs\""
Jun 06 15:33:56 kind-worker2 containerd[215]: time="2022-06-06T15:33:56.511237670Z" level=error msg="failed to load cni during init, please check CRI plugin status before setting up network for pods" error="cni config load failed: no network config found in /etc/cni/net.d: cni plugin not initialized: failed to load cni config"
Jun 06 15:33:56 kind-worker2 containerd[215]: time="2022-06-06T15:33:56.512550661Z" level=info msg=serving... address=/run/containerd/containerd.sock.ttrpc
Jun 06 15:33:56 kind-worker2 containerd[215]: time="2022-06-06T15:33:56.512599969Z" level=info msg=serving... address=/run/containerd/containerd.sock
Jun 06 15:33:56 kind-worker2 containerd[215]: time="2022-06-06T15:33:56.512619180Z" level=info msg="containerd successfully booted in 0.052162s"
Jun 06 15:33:56 kind-worker2 containerd[215]: time="2022-06-06T15:33:56.523668655Z" level=info msg="Start subscribing containerd event"
Jun 06 15:33:56 kind-worker2 containerd[215]: time="2022-06-06T15:33:56.523909179Z" level=info msg="Start recovering state"
Jun 06 15:33:56 kind-worker2 containerd[215]: time="2022-06-06T15:33:56.525178734Z" level=warning msg="The image docker.io/kindest/kindnetd:v20220510-4929dd75 is not unpacked."
Jun 06 15:33:56 kind-worker2 containerd[215]: time="2022-06-06T15:33:56.526404969Z" level=warning msg="The image docker.io/kindest/local-path-helper:v20220512-507ff70b is not unpacked."
Jun 06 15:33:56 kind-worker2 containerd[215]: time="2022-06-06T15:33:56.527921931Z" level=warning msg="The image docker.io/kindest/local-path-provisioner:v0.0.22-kind.0 is not unpacked."
Jun 06 15:33:56 kind-worker2 containerd[215]: time="2022-06-06T15:33:56.529024712Z" level=warning msg="The image import-2022-05-19@sha256:289df0671b753c90e6b717b92ada9af9bcb48678d59affc8cc27eef4f01e9251 is not unpacked."
Jun 06 15:33:56 kind-worker2 containerd[215]: time="2022-06-06T15:33:56.529786734Z" level=warning msg="The image import-2022-05-19@sha256:5611470386fb81d6d169bb37667ae1f9fa884631b265b54d8d9601d9338aad18 is not unpacked."
Jun 06 15:33:56 kind-worker2 containerd[215]: time="2022-06-06T15:33:56.530526694Z" level=warning msg="The image import-2022-05-19@sha256:654122cbd980cb4a8417347b8c84ecdbc81a735d3d01409bec6f37ef293511ca is not unpacked."
Jun 06 15:33:56 kind-worker2 containerd[215]: time="2022-06-06T15:33:56.531293365Z" level=warning msg="The image import-2022-05-19@sha256:948ca7c1da4b6108193f4dae34f2e94cfdaa901ab8876ba4009cc024673d2af4 is not unpacked."
Jun 06 15:33:56 kind-worker2 containerd[215]: time="2022-06-06T15:33:56.533733358Z" level=warning msg="The image k8s.gcr.io/coredns/coredns:v1.8.6 is not unpacked."
Jun 06 15:33:56 kind-worker2 containerd[215]: time="2022-06-06T15:33:56.534920114Z" level=warning msg="The image k8s.gcr.io/etcd:3.5.3-0 is not unpacked."
Jun 06 15:33:56 kind-worker2 containerd[215]: time="2022-06-06T15:33:56.536010414Z" level=warning msg="The image k8s.gcr.io/kube-apiserver:v1.24.0 is not unpacked."
Jun 06 15:33:56 kind-worker2 containerd[215]: time="2022-06-06T15:33:56.536719958Z" level=warning msg="The image k8s.gcr.io/kube-controller-manager:v1.24.0 is not unpacked."
Jun 06 15:33:56 kind-worker2 containerd[215]: time="2022-06-06T15:33:56.537412663Z" level=warning msg="The image k8s.gcr.io/kube-proxy:v1.24.0 is not unpacked."
Jun 06 15:33:56 kind-worker2 containerd[215]: time="2022-06-06T15:33:56.537992848Z" level=warning msg="The image k8s.gcr.io/kube-scheduler:v1.24.0 is not unpacked."
Jun 06 15:33:56 kind-worker2 containerd[215]: time="2022-06-06T15:33:56.538882760Z" level=warning msg="The image k8s.gcr.io/pause:3.6 is not unpacked."
Jun 06 15:33:56 kind-worker2 containerd[215]: time="2022-06-06T15:33:56.540329907Z" level=warning msg="The image sha256:41f5241e3396e516b754fd924d12444525720850c86aeac1b4bfd33616233b91 is not unpacked."
Jun 06 15:33:56 kind-worker2 containerd[215]: time="2022-06-06T15:33:56.541599794Z" level=warning msg="The image sha256:4c1e997385b8fb4ad4d1d3c7e5af7ff3f882e94d07cf5b78de9e889bc60830e6 is not unpacked."
Jun 06 15:33:56 kind-worker2 containerd[215]: time="2022-06-06T15:33:56.542871855Z" level=warning msg="The image sha256:6270bb605e12e581514ada5fd5b3216f727db55dc87d5889c790e4c760683fee is not unpacked."
Jun 06 15:33:56 kind-worker2 containerd[215]: time="2022-06-06T15:33:56.544090323Z" level=warning msg="The image sha256:64623e9d887d3ee33e56df43874531bf48391818f508505f21d6a5c5e4fa0da7 is not unpacked."
Jun 06 15:33:56 kind-worker2 containerd[215]: time="2022-06-06T15:33:56.544978008Z" level=warning msg="The image sha256:6960c0e47829dde050fa5a480f69ccca6bfbbdd1bab831aeed9040671b9dc30c is not unpacked."
Jun 06 15:33:56 kind-worker2 containerd[215]: time="2022-06-06T15:33:56.545895746Z" level=warning msg="The image sha256:6fb66cd78abfe9e0735a9a751f2586b7984e0d279e87fa8dd175781de6595627 is not unpacked."
Jun 06 15:33:56 kind-worker2 containerd[215]: time="2022-06-06T15:33:56.546954561Z" level=warning msg="The image sha256:9ef4b1de3be49aa0aa77d434a3c38e35c67c007b92a1c522825a46fc579ac998 is not unpacked."
Jun 06 15:33:56 kind-worker2 containerd[215]: time="2022-06-06T15:33:56.548777375Z" level=warning msg="The image sha256:a4ca41631cc7ac19ce1be3ebf0314ac5f47af7c711f17066006db82ee3b75b03 is not unpacked."
Jun 06 15:33:56 kind-worker2 containerd[215]: time="2022-06-06T15:33:56.550136507Z" level=warning msg="The image sha256:aebe758cef4cd05b9f8cee39758227714d02f42ef3088023c1e3cd454f927a2b is not unpacked."
Jun 06 15:33:56 kind-worker2 containerd[215]: time="2022-06-06T15:33:56.551451830Z" level=warning msg="The image sha256:efa8a439d146031cd20318ad4cb2eb712a2d638d503420212158ee737805e95a is not unpacked."
Jun 06 15:33:56 kind-worker2 containerd[215]: time="2022-06-06T15:33:56.552056556Z" level=info msg="Start event monitor"
Jun 06 15:33:56 kind-worker2 containerd[215]: time="2022-06-06T15:33:56.552093737Z" level=info msg="Start snapshots syncer"
Jun 06 15:33:56 kind-worker2 containerd[215]: time="2022-06-06T15:33:56.552107279Z" level=info msg="Start cni network conf syncer for default"
Jun 06 15:33:56 kind-worker2 containerd[215]: time="2022-06-06T15:33:56.552115603Z" level=info msg="Start streaming server"
