-- Journal begins at Fri 2022-06-03 06:08:08 UTC, ends at Fri 2022-06-03 06:08:52 UTC. --
Jun 03 06:08:08 kind-worker3 systemd[1]: Starting containerd container runtime...
Jun 03 06:08:08 kind-worker3 systemd[1]: Started containerd container runtime.
Jun 03 06:08:08 kind-worker3 containerd[214]: time="2022-06-03T06:08:08.839710285Z" level=info msg="starting containerd" revision=212e8b6fa2f44b9c21b2798135fc6fb7c53efc16 version=v1.6.4
Jun 03 06:08:08 kind-worker3 containerd[214]: time="2022-06-03T06:08:08.868832450Z" level=info msg="loading plugin \"io.containerd.content.v1.content\"..." type=io.containerd.content.v1
Jun 03 06:08:08 kind-worker3 containerd[214]: time="2022-06-03T06:08:08.869069311Z" level=info msg="loading plugin \"io.containerd.snapshotter.v1.aufs\"..." type=io.containerd.snapshotter.v1
Jun 03 06:08:08 kind-worker3 containerd[214]: time="2022-06-03T06:08:08.872654273Z" level=info msg="loading plugin \"io.containerd.snapshotter.v1.btrfs\"..." type=io.containerd.snapshotter.v1
Jun 03 06:08:08 kind-worker3 containerd[214]: time="2022-06-03T06:08:08.873146172Z" level=info msg="skip loading plugin \"io.containerd.snapshotter.v1.btrfs\"..." error="path /var/lib/containerd/io.containerd.snapshotter.v1.btrfs (ext4) must be a btrfs filesystem to be used with the btrfs snapshotter: skip plugin" type=io.containerd.snapshotter.v1
Jun 03 06:08:08 kind-worker3 containerd[214]: time="2022-06-03T06:08:08.873189980Z" level=info msg="loading plugin \"io.containerd.snapshotter.v1.devmapper\"..." type=io.containerd.snapshotter.v1
Jun 03 06:08:08 kind-worker3 containerd[214]: time="2022-06-03T06:08:08.873366835Z" level=warning msg="failed to load plugin io.containerd.snapshotter.v1.devmapper" error="devmapper not configured"
Jun 03 06:08:08 kind-worker3 containerd[214]: time="2022-06-03T06:08:08.873499157Z" level=info msg="loading plugin \"io.containerd.snapshotter.v1.native\"..." type=io.containerd.snapshotter.v1
Jun 03 06:08:08 kind-worker3 containerd[214]: time="2022-06-03T06:08:08.873568824Z" level=info msg="loading plugin \"io.containerd.snapshotter.v1.overlayfs\"..." type=io.containerd.snapshotter.v1
Jun 03 06:08:08 kind-worker3 containerd[214]: time="2022-06-03T06:08:08.873761076Z" level=info msg="loading plugin \"io.containerd.snapshotter.v1.zfs\"..." type=io.containerd.snapshotter.v1
Jun 03 06:08:08 kind-worker3 containerd[214]: time="2022-06-03T06:08:08.874150720Z" level=info msg="skip loading plugin \"io.containerd.snapshotter.v1.zfs\"..." error="path /var/lib/containerd/io.containerd.snapshotter.v1.zfs must be a zfs filesystem to be used with the zfs snapshotter: skip plugin" type=io.containerd.snapshotter.v1
Jun 03 06:08:08 kind-worker3 containerd[214]: time="2022-06-03T06:08:08.874189375Z" level=info msg="loading plugin \"io.containerd.snapshotter.v1.fuse-overlayfs\"..." type=io.containerd.snapshotter.v1
Jun 03 06:08:08 kind-worker3 containerd[214]: time="2022-06-03T06:08:08.874323104Z" level=info msg="loading plugin \"io.containerd.metadata.v1.bolt\"..." type=io.containerd.metadata.v1
Jun 03 06:08:08 kind-worker3 containerd[214]: time="2022-06-03T06:08:08.874381329Z" level=warning msg="could not use snapshotter devmapper in metadata plugin" error="devmapper not configured"
Jun 03 06:08:08 kind-worker3 containerd[214]: time="2022-06-03T06:08:08.874419638Z" level=info msg="metadata content store policy set" policy=shared
Jun 03 06:08:08 kind-worker3 containerd[214]: time="2022-06-03T06:08:08.874528993Z" level=info msg="loading plugin \"io.containerd.differ.v1.walking\"..." type=io.containerd.differ.v1
Jun 03 06:08:08 kind-worker3 containerd[214]: time="2022-06-03T06:08:08.874560759Z" level=info msg="loading plugin \"io.containerd.event.v1.exchange\"..." type=io.containerd.event.v1
Jun 03 06:08:08 kind-worker3 containerd[214]: time="2022-06-03T06:08:08.874575561Z" level=info msg="loading plugin \"io.containerd.gc.v1.scheduler\"..." type=io.containerd.gc.v1
Jun 03 06:08:08 kind-worker3 containerd[214]: time="2022-06-03T06:08:08.874602312Z" level=info msg="loading plugin \"io.containerd.service.v1.introspection-service\"..." type=io.containerd.service.v1
Jun 03 06:08:08 kind-worker3 containerd[214]: time="2022-06-03T06:08:08.874618608Z" level=info msg="loading plugin \"io.containerd.service.v1.containers-service\"..." type=io.containerd.service.v1
Jun 03 06:08:08 kind-worker3 containerd[214]: time="2022-06-03T06:08:08.874633433Z" level=info msg="loading plugin \"io.containerd.service.v1.content-service\"..." type=io.containerd.service.v1
Jun 03 06:08:08 kind-worker3 containerd[214]: time="2022-06-03T06:08:08.874655419Z" level=info msg="loading plugin \"io.containerd.service.v1.diff-service\"..." type=io.containerd.service.v1
Jun 03 06:08:08 kind-worker3 containerd[214]: time="2022-06-03T06:08:08.874671483Z" level=info msg="loading plugin \"io.containerd.service.v1.images-service\"..." type=io.containerd.service.v1
Jun 03 06:08:08 kind-worker3 containerd[214]: time="2022-06-03T06:08:08.874704859Z" level=info msg="loading plugin \"io.containerd.service.v1.leases-service\"..." type=io.containerd.service.v1
Jun 03 06:08:08 kind-worker3 containerd[214]: time="2022-06-03T06:08:08.874723583Z" level=info msg="loading plugin \"io.containerd.service.v1.namespaces-service\"..." type=io.containerd.service.v1
Jun 03 06:08:08 kind-worker3 containerd[214]: time="2022-06-03T06:08:08.874737901Z" level=info msg="loading plugin \"io.containerd.service.v1.snapshots-service\"..." type=io.containerd.service.v1
Jun 03 06:08:08 kind-worker3 containerd[214]: time="2022-06-03T06:08:08.874752684Z" level=info msg="loading plugin \"io.containerd.runtime.v1.linux\"..." type=io.containerd.runtime.v1
Jun 03 06:08:08 kind-worker3 containerd[214]: time="2022-06-03T06:08:08.874805122Z" level=info msg="loading plugin \"io.containerd.runtime.v2.task\"..." type=io.containerd.runtime.v2
Jun 03 06:08:08 kind-worker3 containerd[214]: time="2022-06-03T06:08:08.874887223Z" level=info msg="loading plugin \"io.containerd.monitor.v1.cgroups\"..." type=io.containerd.monitor.v1
Jun 03 06:08:08 kind-worker3 containerd[214]: time="2022-06-03T06:08:08.875417959Z" level=info msg="loading plugin \"io.containerd.service.v1.tasks-service\"..." type=io.containerd.service.v1
Jun 03 06:08:08 kind-worker3 containerd[214]: time="2022-06-03T06:08:08.875463771Z" level=info msg="loading plugin \"io.containerd.grpc.v1.introspection\"..." type=io.containerd.grpc.v1
Jun 03 06:08:08 kind-worker3 containerd[214]: time="2022-06-03T06:08:08.875480539Z" level=info msg="loading plugin \"io.containerd.internal.v1.restart\"..." type=io.containerd.internal.v1
Jun 03 06:08:08 kind-worker3 containerd[214]: time="2022-06-03T06:08:08.875526200Z" level=info msg="loading plugin \"io.containerd.grpc.v1.containers\"..." type=io.containerd.grpc.v1
Jun 03 06:08:08 kind-worker3 containerd[214]: time="2022-06-03T06:08:08.875547420Z" level=info msg="loading plugin \"io.containerd.grpc.v1.content\"..." type=io.containerd.grpc.v1
Jun 03 06:08:08 kind-worker3 containerd[214]: time="2022-06-03T06:08:08.875562819Z" level=info msg="loading plugin \"io.containerd.grpc.v1.diff\"..." type=io.containerd.grpc.v1
Jun 03 06:08:08 kind-worker3 containerd[214]: time="2022-06-03T06:08:08.875575191Z" level=info msg="loading plugin \"io.containerd.grpc.v1.events\"..." type=io.containerd.grpc.v1
Jun 03 06:08:08 kind-worker3 containerd[214]: time="2022-06-03T06:08:08.875616628Z" level=info msg="loading plugin \"io.containerd.grpc.v1.healthcheck\"..." type=io.containerd.grpc.v1
Jun 03 06:08:08 kind-worker3 containerd[214]: time="2022-06-03T06:08:08.875631692Z" level=info msg="loading plugin \"io.containerd.grpc.v1.images\"..." type=io.containerd.grpc.v1
Jun 03 06:08:08 kind-worker3 containerd[214]: time="2022-06-03T06:08:08.875644247Z" level=info msg="loading plugin \"io.containerd.grpc.v1.leases\"..." type=io.containerd.grpc.v1
Jun 03 06:08:08 kind-worker3 containerd[214]: time="2022-06-03T06:08:08.875658251Z" level=info msg="loading plugin \"io.containerd.grpc.v1.namespaces\"..." type=io.containerd.grpc.v1
Jun 03 06:08:08 kind-worker3 containerd[214]: time="2022-06-03T06:08:08.875673535Z" level=info msg="loading plugin \"io.containerd.internal.v1.opt\"..." type=io.containerd.internal.v1
Jun 03 06:08:08 kind-worker3 containerd[214]: time="2022-06-03T06:08:08.875755561Z" level=info msg="loading plugin \"io.containerd.grpc.v1.snapshots\"..." type=io.containerd.grpc.v1
Jun 03 06:08:08 kind-worker3 containerd[214]: time="2022-06-03T06:08:08.875773473Z" level=info msg="loading plugin \"io.containerd.grpc.v1.tasks\"..." type=io.containerd.grpc.v1
Jun 03 06:08:08 kind-worker3 containerd[214]: time="2022-06-03T06:08:08.875787339Z" level=info msg="loading plugin \"io.containerd.grpc.v1.version\"..." type=io.containerd.grpc.v1
Jun 03 06:08:08 kind-worker3 containerd[214]: time="2022-06-03T06:08:08.875806920Z" level=info msg="loading plugin \"io.containerd.tracing.processor.v1.otlp\"..." type=io.containerd.tracing.processor.v1
Jun 03 06:08:08 kind-worker3 containerd[214]: time="2022-06-03T06:08:08.875823630Z" level=info msg="skip loading plugin \"io.containerd.tracing.processor.v1.otlp\"..." error="no OpenTelemetry endpoint: skip plugin" type=io.containerd.tracing.processor.v1
Jun 03 06:08:08 kind-worker3 containerd[214]: time="2022-06-03T06:08:08.875842190Z" level=info msg="loading plugin \"io.containerd.internal.v1.tracing\"..." type=io.containerd.internal.v1
Jun 03 06:08:08 kind-worker3 containerd[214]: time="2022-06-03T06:08:08.875862622Z" level=error msg="failed to initialize a tracing processor \"otlp\"" error="no OpenTelemetry endpoint: skip plugin"
Jun 03 06:08:08 kind-worker3 containerd[214]: time="2022-06-03T06:08:08.875902739Z" level=info msg="loading plugin \"io.containerd.grpc.v1.cri\"..." type=io.containerd.grpc.v1
Jun 03 06:08:08 kind-worker3 containerd[214]: time="2022-06-03T06:08:08.876105111Z" level=warning msg="`mirrors` is deprecated, please use `config_path` instead"
Jun 03 06:08:08 kind-worker3 containerd[214]: time="2022-06-03T06:08:08.876266522Z" level=info msg="Start cri plugin with config {PluginConfig:{ContainerdConfig:{Snapshotter:overlayfs DefaultRuntimeName:runc DefaultRuntime:{Type: Path: Engine: PodAnnotations:[] ContainerAnnotations:[] Root: Options:map[] PrivilegedWithoutHostDevices:false BaseRuntimeSpec: NetworkPluginConfDir: NetworkPluginMaxConfNum:0} UntrustedWorkloadRuntime:{Type: Path: Engine: PodAnnotations:[] ContainerAnnotations:[] Root: Options:map[] PrivilegedWithoutHostDevices:false BaseRuntimeSpec: NetworkPluginConfDir: NetworkPluginMaxConfNum:0} Runtimes:map[runc:{Type:io.containerd.runc.v2 Path: Engine: PodAnnotations:[] ContainerAnnotations:[] Root: Options:map[SystemdCgroup:true] PrivilegedWithoutHostDevices:false BaseRuntimeSpec:/etc/containerd/cri-base.json NetworkPluginConfDir: NetworkPluginMaxConfNum:0} test-handler:{Type:io.containerd.runc.v2 Path: Engine: PodAnnotations:[] ContainerAnnotations:[] Root: Options:map[SystemdCgroup:true] PrivilegedWithoutHostDevices:false BaseRuntimeSpec:/etc/containerd/cri-base.json NetworkPluginConfDir: NetworkPluginMaxConfNum:0}] NoPivot:false DisableSnapshotAnnotations:true DiscardUnpackedLayers:true IgnoreRdtNotEnabledErrors:false} CniConfig:{NetworkPluginBinDir:/opt/cni/bin NetworkPluginConfDir:/etc/cni/net.d NetworkPluginMaxConfNum:1 NetworkPluginConfTemplate: IPPreference:} Registry:{ConfigPath: Mirrors:map[k8s.gcr.io:{Endpoints:[https://registry.k8s.io https://k8s.gcr.io]}] Configs:map[] Auths:map[] Headers:map[]} ImageDecryption:{KeyModel:node} DisableTCPService:true StreamServerAddress:127.0.0.1 StreamServerPort:0 StreamIdleTimeout:4h0m0s EnableSelinux:false SelinuxCategoryRange:1024 SandboxImage:k8s.gcr.io/pause:3.6 StatsCollectPeriod:10 SystemdCgroup:false EnableTLSStreaming:false X509KeyPairStreaming:{TLSCertFile: TLSKeyFile:} MaxContainerLogLineSize:16384 DisableCgroup:false DisableApparmor:false RestrictOOMScoreAdj:false MaxConcurrentDownloads:3 DisableProcMount:false UnsetSeccompProfile: TolerateMissingHugetlbController:true DisableHugetlbController:true DeviceOwnershipFromSecurityContext:false IgnoreImageDefinedVolumes:false NetNSMountsUnderStateDir:false EnableUnprivilegedPorts:false EnableUnprivilegedICMP:false} ContainerdRootDir:/var/lib/containerd ContainerdEndpoint:/run/containerd/containerd.sock RootDir:/var/lib/containerd/io.containerd.grpc.v1.cri StateDir:/run/containerd/io.containerd.grpc.v1.cri}"
Jun 03 06:08:08 kind-worker3 containerd[214]: time="2022-06-03T06:08:08.876375847Z" level=info msg="Connect containerd service"
Jun 03 06:08:08 kind-worker3 containerd[214]: time="2022-06-03T06:08:08.876425192Z" level=info msg="Get image filesystem path \"/var/lib/containerd/io.containerd.snapshotter.v1.overlayfs\""
Jun 03 06:08:08 kind-worker3 containerd[214]: time="2022-06-03T06:08:08.876861348Z" level=error msg="failed to load cni during init, please check CRI plugin status before setting up network for pods" error="cni config load failed: no network config found in /etc/cni/net.d: cni plugin not initialized: failed to load cni config"
Jun 03 06:08:08 kind-worker3 containerd[214]: time="2022-06-03T06:08:08.877949948Z" level=info msg=serving... address=/run/containerd/containerd.sock.ttrpc
Jun 03 06:08:08 kind-worker3 containerd[214]: time="2022-06-03T06:08:08.878016759Z" level=info msg=serving... address=/run/containerd/containerd.sock
Jun 03 06:08:08 kind-worker3 containerd[214]: time="2022-06-03T06:08:08.878035676Z" level=info msg="containerd successfully booted in 0.039610s"
Jun 03 06:08:08 kind-worker3 containerd[214]: time="2022-06-03T06:08:08.879655477Z" level=info msg="Start subscribing containerd event"
Jun 03 06:08:08 kind-worker3 containerd[214]: time="2022-06-03T06:08:08.880272598Z" level=info msg="Start recovering state"
Jun 03 06:08:08 kind-worker3 containerd[214]: time="2022-06-03T06:08:08.881936859Z" level=warning msg="The image docker.io/kindest/kindnetd:v20220510-4929dd75 is not unpacked."
Jun 03 06:08:08 kind-worker3 containerd[214]: time="2022-06-03T06:08:08.883790061Z" level=warning msg="The image docker.io/kindest/local-path-helper:v20220512-507ff70b is not unpacked."
Jun 03 06:08:08 kind-worker3 containerd[214]: time="2022-06-03T06:08:08.885241694Z" level=warning msg="The image docker.io/kindest/local-path-provisioner:v0.0.22-kind.0 is not unpacked."
Jun 03 06:08:08 kind-worker3 containerd[214]: time="2022-06-03T06:08:08.886153841Z" level=warning msg="The image import-2022-05-19@sha256:289df0671b753c90e6b717b92ada9af9bcb48678d59affc8cc27eef4f01e9251 is not unpacked."
Jun 03 06:08:08 kind-worker3 containerd[214]: time="2022-06-03T06:08:08.886962406Z" level=warning msg="The image import-2022-05-19@sha256:5611470386fb81d6d169bb37667ae1f9fa884631b265b54d8d9601d9338aad18 is not unpacked."
Jun 03 06:08:08 kind-worker3 containerd[214]: time="2022-06-03T06:08:08.887954170Z" level=warning msg="The image import-2022-05-19@sha256:654122cbd980cb4a8417347b8c84ecdbc81a735d3d01409bec6f37ef293511ca is not unpacked."
Jun 03 06:08:08 kind-worker3 containerd[214]: time="2022-06-03T06:08:08.888740636Z" level=warning msg="The image import-2022-05-19@sha256:948ca7c1da4b6108193f4dae34f2e94cfdaa901ab8876ba4009cc024673d2af4 is not unpacked."
Jun 03 06:08:08 kind-worker3 containerd[214]: time="2022-06-03T06:08:08.889690752Z" level=warning msg="The image k8s.gcr.io/coredns/coredns:v1.8.6 is not unpacked."
Jun 03 06:08:08 kind-worker3 containerd[214]: time="2022-06-03T06:08:08.890946378Z" level=warning msg="The image k8s.gcr.io/etcd:3.5.3-0 is not unpacked."
Jun 03 06:08:08 kind-worker3 containerd[214]: time="2022-06-03T06:08:08.892137005Z" level=warning msg="The image k8s.gcr.io/kube-apiserver:v1.24.0 is not unpacked."
Jun 03 06:08:08 kind-worker3 containerd[214]: time="2022-06-03T06:08:08.892875134Z" level=warning msg="The image k8s.gcr.io/kube-controller-manager:v1.24.0 is not unpacked."
Jun 03 06:08:08 kind-worker3 containerd[214]: time="2022-06-03T06:08:08.893681764Z" level=warning msg="The image k8s.gcr.io/kube-proxy:v1.24.0 is not unpacked."
Jun 03 06:08:08 kind-worker3 containerd[214]: time="2022-06-03T06:08:08.894419666Z" level=warning msg="The image k8s.gcr.io/kube-scheduler:v1.24.0 is not unpacked."
Jun 03 06:08:08 kind-worker3 containerd[214]: time="2022-06-03T06:08:08.895367827Z" level=warning msg="The image k8s.gcr.io/pause:3.6 is not unpacked."
Jun 03 06:08:08 kind-worker3 containerd[214]: time="2022-06-03T06:08:08.896499077Z" level=warning msg="The image sha256:41f5241e3396e516b754fd924d12444525720850c86aeac1b4bfd33616233b91 is not unpacked."
Jun 03 06:08:08 kind-worker3 containerd[214]: time="2022-06-03T06:08:08.897442050Z" level=warning msg="The image sha256:4c1e997385b8fb4ad4d1d3c7e5af7ff3f882e94d07cf5b78de9e889bc60830e6 is not unpacked."
Jun 03 06:08:08 kind-worker3 containerd[214]: time="2022-06-03T06:08:08.898865955Z" level=warning msg="The image sha256:6270bb605e12e581514ada5fd5b3216f727db55dc87d5889c790e4c760683fee is not unpacked."
Jun 03 06:08:08 kind-worker3 containerd[214]: time="2022-06-03T06:08:08.900548349Z" level=warning msg="The image sha256:64623e9d887d3ee33e56df43874531bf48391818f508505f21d6a5c5e4fa0da7 is not unpacked."
Jun 03 06:08:08 kind-worker3 containerd[214]: time="2022-06-03T06:08:08.902826952Z" level=warning msg="The image sha256:6960c0e47829dde050fa5a480f69ccca6bfbbdd1bab831aeed9040671b9dc30c is not unpacked."
Jun 03 06:08:08 kind-worker3 containerd[214]: time="2022-06-03T06:08:08.904008013Z" level=warning msg="The image sha256:6fb66cd78abfe9e0735a9a751f2586b7984e0d279e87fa8dd175781de6595627 is not unpacked."
Jun 03 06:08:08 kind-worker3 containerd[214]: time="2022-06-03T06:08:08.904984592Z" level=warning msg="The image sha256:9ef4b1de3be49aa0aa77d434a3c38e35c67c007b92a1c522825a46fc579ac998 is not unpacked."
Jun 03 06:08:08 kind-worker3 containerd[214]: time="2022-06-03T06:08:08.905912479Z" level=warning msg="The image sha256:a4ca41631cc7ac19ce1be3ebf0314ac5f47af7c711f17066006db82ee3b75b03 is not unpacked."
Jun 03 06:08:08 kind-worker3 containerd[214]: time="2022-06-03T06:08:08.907104011Z" level=warning msg="The image sha256:aebe758cef4cd05b9f8cee39758227714d02f42ef3088023c1e3cd454f927a2b is not unpacked."
Jun 03 06:08:08 kind-worker3 containerd[214]: time="2022-06-03T06:08:08.908266999Z" level=warning msg="The image sha256:efa8a439d146031cd20318ad4cb2eb712a2d638d503420212158ee737805e95a is not unpacked."
Jun 03 06:08:08 kind-worker3 containerd[214]: time="2022-06-03T06:08:08.908777302Z" level=info msg="Start event monitor"
Jun 03 06:08:08 kind-worker3 containerd[214]: time="2022-06-03T06:08:08.908820669Z" level=info msg="Start snapshots syncer"
Jun 03 06:08:08 kind-worker3 containerd[214]: time="2022-06-03T06:08:08.908836069Z" level=info msg="Start cni network conf syncer for default"
Jun 03 06:08:08 kind-worker3 containerd[214]: time="2022-06-03T06:08:08.908845321Z" level=info msg="Start streaming server"
Jun 03 06:08:42 kind-worker3 containerd[214]: time="2022-06-03T06:08:42.722885300Z" level=info msg="No cni config template is specified, wait for other system components to drop the config."
Jun 03 06:08:44 kind-worker3 containerd[214]: time="2022-06-03T06:08:44.354476573Z" level=info msg="RunPodSandbox for &PodSandboxMetadata{Name:kindnet-hrv9c,Uid:7a662417-4327-47e0-b7cf-4ac2793fb09b,Namespace:kube-system,Attempt:0,}"
Jun 03 06:08:44 kind-worker3 containerd[214]: time="2022-06-03T06:08:44.390333915Z" level=info msg="loading plugin \"io.containerd.event.v1.publisher\"..." runtime=io.containerd.runc.v2 type=io.containerd.event.v1
Jun 03 06:08:44 kind-worker3 containerd[214]: time="2022-06-03T06:08:44.390423396Z" level=info msg="loading plugin \"io.containerd.internal.v1.shutdown\"..." runtime=io.containerd.runc.v2 type=io.containerd.internal.v1
Jun 03 06:08:44 kind-worker3 containerd[214]: time="2022-06-03T06:08:44.390446150Z" level=info msg="loading plugin \"io.containerd.ttrpc.v1.task\"..." runtime=io.containerd.runc.v2 type=io.containerd.ttrpc.v1
Jun 03 06:08:44 kind-worker3 containerd[214]: time="2022-06-03T06:08:44.390750151Z" level=info msg="starting signal loop" namespace=k8s.io path=/run/containerd/io.containerd.runtime.v2.task/k8s.io/8fbda2dc95bf9fe909a6acd5a878c3f342e32dff54a4bfbc52a263390f50829f pid=383 runtime=io.containerd.runc.v2
Jun 03 06:08:44 kind-worker3 containerd[214]: time="2022-06-03T06:08:44.650958638Z" level=info msg="RunPodSandbox for &PodSandboxMetadata{Name:kube-proxy-l226c,Uid:d83f4657-47cf-492d-8c1b-4a635aa95ca0,Namespace:kube-system,Attempt:0,}"
Jun 03 06:08:44 kind-worker3 containerd[214]: time="2022-06-03T06:08:44.665988420Z" level=info msg="loading plugin \"io.containerd.event.v1.publisher\"..." runtime=io.containerd.runc.v2 type=io.containerd.event.v1
Jun 03 06:08:44 kind-worker3 containerd[214]: time="2022-06-03T06:08:44.666055953Z" level=info msg="loading plugin \"io.containerd.internal.v1.shutdown\"..." runtime=io.containerd.runc.v2 type=io.containerd.internal.v1
Jun 03 06:08:44 kind-worker3 containerd[214]: time="2022-06-03T06:08:44.666069461Z" level=info msg="loading plugin \"io.containerd.ttrpc.v1.task\"..." runtime=io.containerd.runc.v2 type=io.containerd.ttrpc.v1
Jun 03 06:08:44 kind-worker3 containerd[214]: time="2022-06-03T06:08:44.666397637Z" level=info msg="starting signal loop" namespace=k8s.io path=/run/containerd/io.containerd.runtime.v2.task/k8s.io/df04a0918e9b526823ac19706db9376ed5285ccb1678a1fc9cf4d0c369bb58fc pid=417 runtime=io.containerd.runc.v2
Jun 03 06:08:44 kind-worker3 containerd[214]: time="2022-06-03T06:08:44.713663800Z" level=info msg="RunPodSandbox for &PodSandboxMetadata{Name:kindnet-hrv9c,Uid:7a662417-4327-47e0-b7cf-4ac2793fb09b,Namespace:kube-system,Attempt:0,} returns sandbox id \"8fbda2dc95bf9fe909a6acd5a878c3f342e32dff54a4bfbc52a263390f50829f\""
Jun 03 06:08:44 kind-worker3 containerd[214]: time="2022-06-03T06:08:44.718425177Z" level=info msg="CreateContainer within sandbox \"8fbda2dc95bf9fe909a6acd5a878c3f342e32dff54a4bfbc52a263390f50829f\" for container &ContainerMetadata{Name:kindnet-cni,Attempt:0,}"
Jun 03 06:08:44 kind-worker3 containerd[214]: time="2022-06-03T06:08:44.727955162Z" level=info msg="RunPodSandbox for &PodSandboxMetadata{Name:kube-proxy-l226c,Uid:d83f4657-47cf-492d-8c1b-4a635aa95ca0,Namespace:kube-system,Attempt:0,} returns sandbox id \"df04a0918e9b526823ac19706db9376ed5285ccb1678a1fc9cf4d0c369bb58fc\""
Jun 03 06:08:44 kind-worker3 containerd[214]: time="2022-06-03T06:08:44.730440481Z" level=info msg="CreateContainer within sandbox \"df04a0918e9b526823ac19706db9376ed5285ccb1678a1fc9cf4d0c369bb58fc\" for container &ContainerMetadata{Name:kube-proxy,Attempt:0,}"
Jun 03 06:08:45 kind-worker3 containerd[214]: time="2022-06-03T06:08:45.944037800Z" level=info msg="CreateContainer within sandbox \"df04a0918e9b526823ac19706db9376ed5285ccb1678a1fc9cf4d0c369bb58fc\" for &ContainerMetadata{Name:kube-proxy,Attempt:0,} returns container id \"958750b4992cefcdcfa3e4e9b8f58ceb9c5ecba0e26508eead3b5d4f99a1055f\""
Jun 03 06:08:45 kind-worker3 containerd[214]: time="2022-06-03T06:08:45.945122262Z" level=info msg="StartContainer for \"958750b4992cefcdcfa3e4e9b8f58ceb9c5ecba0e26508eead3b5d4f99a1055f\""
Jun 03 06:08:46 kind-worker3 containerd[214]: time="2022-06-03T06:08:46.070716644Z" level=info msg="StartContainer for \"958750b4992cefcdcfa3e4e9b8f58ceb9c5ecba0e26508eead3b5d4f99a1055f\" returns successfully"
Jun 03 06:08:46 kind-worker3 containerd[214]: time="2022-06-03T06:08:46.127212278Z" level=info msg="CreateContainer within sandbox \"8fbda2dc95bf9fe909a6acd5a878c3f342e32dff54a4bfbc52a263390f50829f\" for &ContainerMetadata{Name:kindnet-cni,Attempt:0,} returns container id \"8a0c2663f94d829eb21ff206b639f1d297701436fef54c3f9c0c447802e7f244\""
Jun 03 06:08:46 kind-worker3 containerd[214]: time="2022-06-03T06:08:46.127795426Z" level=info msg="StartContainer for \"8a0c2663f94d829eb21ff206b639f1d297701436fef54c3f9c0c447802e7f244\""
Jun 03 06:08:46 kind-worker3 containerd[214]: time="2022-06-03T06:08:46.701161390Z" level=info msg="StartContainer for \"8a0c2663f94d829eb21ff206b639f1d297701436fef54c3f9c0c447802e7f244\" returns successfully"
Jun 03 06:08:47 kind-worker3 containerd[214]: time="2022-06-03T06:08:47.199720629Z" level=error msg="failed to reload cni configuration after receiving fs change event(\"/etc/cni/net.d/10-kindnet.conflist.temp\": WRITE)" error="cni config load failed: no network config found in /etc/cni/net.d: cni plugin not initialized: failed to load cni config"
Jun 03 06:08:47 kind-worker3 containerd[214]: time="2022-06-03T06:08:47.200327483Z" level=error msg="failed to reload cni configuration after receiving fs change event(\"/etc/cni/net.d/10-kindnet.conflist.temp\": WRITE)" error="cni config load failed: no network config found in /etc/cni/net.d: cni plugin not initialized: failed to load cni config"
Jun 03 06:08:47 kind-worker3 containerd[214]: time="2022-06-03T06:08:47.200422834Z" level=error msg="failed to reload cni configuration after receiving fs change event(\"/etc/cni/net.d/10-kindnet.conflist.temp\": WRITE)" error="cni config load failed: no network config found in /etc/cni/net.d: cni plugin not initialized: failed to load cni config"
