-- Journal begins at Fri 2022-06-03 06:08:08 UTC, ends at Fri 2022-06-03 06:08:52 UTC. --
Jun 03 06:08:08 kind-worker3 systemd-journald[202]: Journal started
Jun 03 06:08:08 kind-worker3 systemd-journald[202]: Runtime Journal (/run/log/journal/4b38e978ec7d425481863c45c9d105ae) is 8.0M, max 1.5G, 1.5G free.
Jun 03 06:08:08 kind-worker3 systemd[1]: Finished Apply Kernel Variables.
Jun 03 06:08:08 kind-worker3 systemd[1]: Mounted FUSE Control File System.
Jun 03 06:08:08 kind-worker3 systemd[1]: Finished Remount Root and Kernel File Systems.
Jun 03 06:08:08 kind-worker3 systemd[1]: Starting Flush Journal to Persistent Storage...
Jun 03 06:08:08 kind-worker3 systemd[1]: Condition check resulted in Load/Save Random Seed being skipped.
Jun 03 06:08:08 kind-worker3 systemd[1]: Condition check resulted in First Boot Complete being skipped.
Jun 03 06:08:08 kind-worker3 systemd[1]: Starting Create System Users...
Jun 03 06:08:08 kind-worker3 systemd[1]: Starting Update UTMP about System Boot/Shutdown...
Jun 03 06:08:08 kind-worker3 systemd-journald[202]: Runtime Journal (/run/log/journal/4b38e978ec7d425481863c45c9d105ae) is 8.0M, max 1.5G, 1.5G free.
Jun 03 06:08:08 kind-worker3 systemd[1]: Finished Flush Journal to Persistent Storage.
Jun 03 06:08:08 kind-worker3 systemd-sysusers[210]: Creating group systemd-coredump with gid 999.
Jun 03 06:08:08 kind-worker3 systemd-sysusers[210]: Creating user systemd-coredump (systemd Core Dumper) with uid 999 and gid 999.
Jun 03 06:08:08 kind-worker3 systemd[1]: Finished Update UTMP about System Boot/Shutdown.
Jun 03 06:08:08 kind-worker3 systemd[1]: Finished Create System Users.
Jun 03 06:08:08 kind-worker3 systemd[1]: Starting Create Static Device Nodes in /dev...
Jun 03 06:08:08 kind-worker3 systemd[1]: Finished Create Static Device Nodes in /dev.
Jun 03 06:08:08 kind-worker3 systemd[1]: Reached target Local File Systems (Pre).
Jun 03 06:08:08 kind-worker3 systemd[1]: Reached target Local File Systems.
Jun 03 06:08:08 kind-worker3 systemd[1]: Reached target System Initialization.
Jun 03 06:08:08 kind-worker3 systemd[1]: Started Daily Cleanup of Temporary Directories.
Jun 03 06:08:08 kind-worker3 systemd[1]: Reached target Basic System.
Jun 03 06:08:08 kind-worker3 systemd[1]: System is tainted: cgroupsv1
Jun 03 06:08:08 kind-worker3 systemd[1]: Reached target Timers.
Jun 03 06:08:08 kind-worker3 systemd[1]: Starting containerd container runtime...
Jun 03 06:08:08 kind-worker3 systemd[1]: Condition check resulted in kubelet: The Kubernetes Node Agent being skipped.
Jun 03 06:08:08 kind-worker3 systemd[1]: Condition check resulted in Store a System Token in an EFI Variable being skipped.
Jun 03 06:08:08 kind-worker3 systemd[1]: Condition check resulted in Commit a transient machine-id on disk being skipped.
Jun 03 06:08:08 kind-worker3 systemd[1]: Started containerd container runtime.
Jun 03 06:08:08 kind-worker3 systemd[1]: Reached target Multi-User System.
Jun 03 06:08:08 kind-worker3 systemd[1]: Reached target Graphical Interface.
Jun 03 06:08:08 kind-worker3 systemd[1]: Starting Update UTMP about System Runlevel Changes...
Jun 03 06:08:08 kind-worker3 systemd[1]: systemd-update-utmp-runlevel.service: Deactivated successfully.
Jun 03 06:08:08 kind-worker3 systemd[1]: Finished Update UTMP about System Runlevel Changes.
Jun 03 06:08:08 kind-worker3 systemd[1]: Startup finished in 169ms.
Jun 03 06:08:08 kind-worker3 containerd[214]: time="2022-06-03T06:08:08.839710285Z" level=info msg="starting containerd" revision=212e8b6fa2f44b9c21b2798135fc6fb7c53efc16 version=v1.6.4
Jun 03 06:08:08 kind-worker3 containerd[214]: time="2022-06-03T06:08:08.868832450Z" level=info msg="loading plugin \"io.containerd.content.v1.content\"..." type=io.containerd.content.v1
Jun 03 06:08:08 kind-worker3 containerd[214]: time="2022-06-03T06:08:08.869069311Z" level=info msg="loading plugin \"io.containerd.snapshotter.v1.aufs\"..." type=io.containerd.snapshotter.v1
Jun 03 06:08:08 kind-worker3 containerd[214]: time="2022-06-03T06:08:08.872654273Z" level=info msg="loading plugin \"io.containerd.snapshotter.v1.btrfs\"..." type=io.containerd.snapshotter.v1
Jun 03 06:08:08 kind-worker3 containerd[214]: time="2022-06-03T06:08:08.873146172Z" level=info msg="skip loading plugin \"io.containerd.snapshotter.v1.btrfs\"..." error="path /var/lib/containerd/io.containerd.snapshotter.v1.btrfs (ext4) must be a btrfs filesystem to be used with the btrfs snapshotter: skip plugin" type=io.containerd.snapshotter.v1
Jun 03 06:08:08 kind-worker3 containerd[214]: time="2022-06-03T06:08:08.873189980Z" level=info msg="loading plugin \"io.containerd.snapshotter.v1.devmapper\"..." type=io.containerd.snapshotter.v1
Jun 03 06:08:08 kind-worker3 containerd[214]: time="2022-06-03T06:08:08.873366835Z" level=warning msg="failed to load plugin io.containerd.snapshotter.v1.devmapper" error="devmapper not configured"
Jun 03 06:08:08 kind-worker3 containerd[214]: time="2022-06-03T06:08:08.873499157Z" level=info msg="loading plugin \"io.containerd.snapshotter.v1.native\"..." type=io.containerd.snapshotter.v1
Jun 03 06:08:08 kind-worker3 containerd[214]: time="2022-06-03T06:08:08.873568824Z" level=info msg="loading plugin \"io.containerd.snapshotter.v1.overlayfs\"..." type=io.containerd.snapshotter.v1
Jun 03 06:08:08 kind-worker3 containerd[214]: time="2022-06-03T06:08:08.873761076Z" level=info msg="loading plugin \"io.containerd.snapshotter.v1.zfs\"..." type=io.containerd.snapshotter.v1
Jun 03 06:08:08 kind-worker3 containerd[214]: time="2022-06-03T06:08:08.874150720Z" level=info msg="skip loading plugin \"io.containerd.snapshotter.v1.zfs\"..." error="path /var/lib/containerd/io.containerd.snapshotter.v1.zfs must be a zfs filesystem to be used with the zfs snapshotter: skip plugin" type=io.containerd.snapshotter.v1
Jun 03 06:08:08 kind-worker3 containerd[214]: time="2022-06-03T06:08:08.874189375Z" level=info msg="loading plugin \"io.containerd.snapshotter.v1.fuse-overlayfs\"..." type=io.containerd.snapshotter.v1
Jun 03 06:08:08 kind-worker3 containerd[214]: time="2022-06-03T06:08:08.874323104Z" level=info msg="loading plugin \"io.containerd.metadata.v1.bolt\"..." type=io.containerd.metadata.v1
Jun 03 06:08:08 kind-worker3 containerd[214]: time="2022-06-03T06:08:08.874381329Z" level=warning msg="could not use snapshotter devmapper in metadata plugin" error="devmapper not configured"
Jun 03 06:08:08 kind-worker3 containerd[214]: time="2022-06-03T06:08:08.874419638Z" level=info msg="metadata content store policy set" policy=shared
Jun 03 06:08:08 kind-worker3 containerd[214]: time="2022-06-03T06:08:08.874528993Z" level=info msg="loading plugin \"io.containerd.differ.v1.walking\"..." type=io.containerd.differ.v1
Jun 03 06:08:08 kind-worker3 containerd[214]: time="2022-06-03T06:08:08.874560759Z" level=info msg="loading plugin \"io.containerd.event.v1.exchange\"..." type=io.containerd.event.v1
Jun 03 06:08:08 kind-worker3 containerd[214]: time="2022-06-03T06:08:08.874575561Z" level=info msg="loading plugin \"io.containerd.gc.v1.scheduler\"..." type=io.containerd.gc.v1
Jun 03 06:08:08 kind-worker3 containerd[214]: time="2022-06-03T06:08:08.874602312Z" level=info msg="loading plugin \"io.containerd.service.v1.introspection-service\"..." type=io.containerd.service.v1
Jun 03 06:08:08 kind-worker3 containerd[214]: time="2022-06-03T06:08:08.874618608Z" level=info msg="loading plugin \"io.containerd.service.v1.containers-service\"..." type=io.containerd.service.v1
Jun 03 06:08:08 kind-worker3 containerd[214]: time="2022-06-03T06:08:08.874633433Z" level=info msg="loading plugin \"io.containerd.service.v1.content-service\"..." type=io.containerd.service.v1
Jun 03 06:08:08 kind-worker3 containerd[214]: time="2022-06-03T06:08:08.874655419Z" level=info msg="loading plugin \"io.containerd.service.v1.diff-service\"..." type=io.containerd.service.v1
Jun 03 06:08:08 kind-worker3 containerd[214]: time="2022-06-03T06:08:08.874671483Z" level=info msg="loading plugin \"io.containerd.service.v1.images-service\"..." type=io.containerd.service.v1
Jun 03 06:08:08 kind-worker3 containerd[214]: time="2022-06-03T06:08:08.874704859Z" level=info msg="loading plugin \"io.containerd.service.v1.leases-service\"..." type=io.containerd.service.v1
Jun 03 06:08:08 kind-worker3 containerd[214]: time="2022-06-03T06:08:08.874723583Z" level=info msg="loading plugin \"io.containerd.service.v1.namespaces-service\"..." type=io.containerd.service.v1
Jun 03 06:08:08 kind-worker3 containerd[214]: time="2022-06-03T06:08:08.874737901Z" level=info msg="loading plugin \"io.containerd.service.v1.snapshots-service\"..." type=io.containerd.service.v1
Jun 03 06:08:08 kind-worker3 containerd[214]: time="2022-06-03T06:08:08.874752684Z" level=info msg="loading plugin \"io.containerd.runtime.v1.linux\"..." type=io.containerd.runtime.v1
Jun 03 06:08:08 kind-worker3 containerd[214]: time="2022-06-03T06:08:08.874805122Z" level=info msg="loading plugin \"io.containerd.runtime.v2.task\"..." type=io.containerd.runtime.v2
Jun 03 06:08:08 kind-worker3 containerd[214]: time="2022-06-03T06:08:08.874887223Z" level=info msg="loading plugin \"io.containerd.monitor.v1.cgroups\"..." type=io.containerd.monitor.v1
Jun 03 06:08:08 kind-worker3 containerd[214]: time="2022-06-03T06:08:08.875417959Z" level=info msg="loading plugin \"io.containerd.service.v1.tasks-service\"..." type=io.containerd.service.v1
Jun 03 06:08:08 kind-worker3 containerd[214]: time="2022-06-03T06:08:08.875463771Z" level=info msg="loading plugin \"io.containerd.grpc.v1.introspection\"..." type=io.containerd.grpc.v1
Jun 03 06:08:08 kind-worker3 containerd[214]: time="2022-06-03T06:08:08.875480539Z" level=info msg="loading plugin \"io.containerd.internal.v1.restart\"..." type=io.containerd.internal.v1
Jun 03 06:08:08 kind-worker3 containerd[214]: time="2022-06-03T06:08:08.875526200Z" level=info msg="loading plugin \"io.containerd.grpc.v1.containers\"..." type=io.containerd.grpc.v1
Jun 03 06:08:08 kind-worker3 containerd[214]: time="2022-06-03T06:08:08.875547420Z" level=info msg="loading plugin \"io.containerd.grpc.v1.content\"..." type=io.containerd.grpc.v1
Jun 03 06:08:08 kind-worker3 containerd[214]: time="2022-06-03T06:08:08.875562819Z" level=info msg="loading plugin \"io.containerd.grpc.v1.diff\"..." type=io.containerd.grpc.v1
Jun 03 06:08:08 kind-worker3 containerd[214]: time="2022-06-03T06:08:08.875575191Z" level=info msg="loading plugin \"io.containerd.grpc.v1.events\"..." type=io.containerd.grpc.v1
Jun 03 06:08:08 kind-worker3 containerd[214]: time="2022-06-03T06:08:08.875616628Z" level=info msg="loading plugin \"io.containerd.grpc.v1.healthcheck\"..." type=io.containerd.grpc.v1
Jun 03 06:08:08 kind-worker3 containerd[214]: time="2022-06-03T06:08:08.875631692Z" level=info msg="loading plugin \"io.containerd.grpc.v1.images\"..." type=io.containerd.grpc.v1
Jun 03 06:08:08 kind-worker3 containerd[214]: time="2022-06-03T06:08:08.875644247Z" level=info msg="loading plugin \"io.containerd.grpc.v1.leases\"..." type=io.containerd.grpc.v1
Jun 03 06:08:08 kind-worker3 containerd[214]: time="2022-06-03T06:08:08.875658251Z" level=info msg="loading plugin \"io.containerd.grpc.v1.namespaces\"..." type=io.containerd.grpc.v1
Jun 03 06:08:08 kind-worker3 containerd[214]: time="2022-06-03T06:08:08.875673535Z" level=info msg="loading plugin \"io.containerd.internal.v1.opt\"..." type=io.containerd.internal.v1
Jun 03 06:08:08 kind-worker3 containerd[214]: time="2022-06-03T06:08:08.875755561Z" level=info msg="loading plugin \"io.containerd.grpc.v1.snapshots\"..." type=io.containerd.grpc.v1
Jun 03 06:08:08 kind-worker3 containerd[214]: time="2022-06-03T06:08:08.875773473Z" level=info msg="loading plugin \"io.containerd.grpc.v1.tasks\"..." type=io.containerd.grpc.v1
Jun 03 06:08:08 kind-worker3 containerd[214]: time="2022-06-03T06:08:08.875787339Z" level=info msg="loading plugin \"io.containerd.grpc.v1.version\"..." type=io.containerd.grpc.v1
Jun 03 06:08:08 kind-worker3 containerd[214]: time="2022-06-03T06:08:08.875806920Z" level=info msg="loading plugin \"io.containerd.tracing.processor.v1.otlp\"..." type=io.containerd.tracing.processor.v1
Jun 03 06:08:08 kind-worker3 containerd[214]: time="2022-06-03T06:08:08.875823630Z" level=info msg="skip loading plugin \"io.containerd.tracing.processor.v1.otlp\"..." error="no OpenTelemetry endpoint: skip plugin" type=io.containerd.tracing.processor.v1
Jun 03 06:08:08 kind-worker3 containerd[214]: time="2022-06-03T06:08:08.875842190Z" level=info msg="loading plugin \"io.containerd.internal.v1.tracing\"..." type=io.containerd.internal.v1
Jun 03 06:08:08 kind-worker3 containerd[214]: time="2022-06-03T06:08:08.875862622Z" level=error msg="failed to initialize a tracing processor \"otlp\"" error="no OpenTelemetry endpoint: skip plugin"
Jun 03 06:08:08 kind-worker3 containerd[214]: time="2022-06-03T06:08:08.875902739Z" level=info msg="loading plugin \"io.containerd.grpc.v1.cri\"..." type=io.containerd.grpc.v1
Jun 03 06:08:08 kind-worker3 containerd[214]: time="2022-06-03T06:08:08.876105111Z" level=warning msg="`mirrors` is deprecated, please use `config_path` instead"
Jun 03 06:08:08 kind-worker3 containerd[214]: time="2022-06-03T06:08:08.876266522Z" level=info msg="Start cri plugin with config {PluginConfig:{ContainerdConfig:{Snapshotter:overlayfs DefaultRuntimeName:runc DefaultRuntime:{Type: Path: Engine: PodAnnotations:[] ContainerAnnotations:[] Root: Options:map[] PrivilegedWithoutHostDevices:false BaseRuntimeSpec: NetworkPluginConfDir: NetworkPluginMaxConfNum:0} UntrustedWorkloadRuntime:{Type: Path: Engine: PodAnnotations:[] ContainerAnnotations:[] Root: Options:map[] PrivilegedWithoutHostDevices:false BaseRuntimeSpec: NetworkPluginConfDir: NetworkPluginMaxConfNum:0} Runtimes:map[runc:{Type:io.containerd.runc.v2 Path: Engine: PodAnnotations:[] ContainerAnnotations:[] Root: Options:map[SystemdCgroup:true] PrivilegedWithoutHostDevices:false BaseRuntimeSpec:/etc/containerd/cri-base.json NetworkPluginConfDir: NetworkPluginMaxConfNum:0} test-handler:{Type:io.containerd.runc.v2 Path: Engine: PodAnnotations:[] ContainerAnnotations:[] Root: Options:map[SystemdCgroup:true] PrivilegedWithoutHostDevices:false BaseRuntimeSpec:/etc/containerd/cri-base.json NetworkPluginConfDir: NetworkPluginMaxConfNum:0}] NoPivot:false DisableSnapshotAnnotations:true DiscardUnpackedLayers:true IgnoreRdtNotEnabledErrors:false} CniConfig:{NetworkPluginBinDir:/opt/cni/bin NetworkPluginConfDir:/etc/cni/net.d NetworkPluginMaxConfNum:1 NetworkPluginConfTemplate: IPPreference:} Registry:{ConfigPath: Mirrors:map[k8s.gcr.io:{Endpoints:[https://registry.k8s.io https://k8s.gcr.io]}] Configs:map[] Auths:map[] Headers:map[]} ImageDecryption:{KeyModel:node} DisableTCPService:true StreamServerAddress:127.0.0.1 StreamServerPort:0 StreamIdleTimeout:4h0m0s EnableSelinux:false SelinuxCategoryRange:1024 SandboxImage:k8s.gcr.io/pause:3.6 StatsCollectPeriod:10 SystemdCgroup:false EnableTLSStreaming:false X509KeyPairStreaming:{TLSCertFile: TLSKeyFile:} MaxContainerLogLineSize:16384 DisableCgroup:false DisableApparmor:false RestrictOOMScoreAdj:false MaxConcurrentDownloads:3 DisableProcMount:false UnsetSeccompProfile: TolerateMissingHugetlbController:true DisableHugetlbController:true DeviceOwnershipFromSecurityContext:false IgnoreImageDefinedVolumes:false NetNSMountsUnderStateDir:false EnableUnprivilegedPorts:false EnableUnprivilegedICMP:false} ContainerdRootDir:/var/lib/containerd ContainerdEndpoint:/run/containerd/containerd.sock RootDir:/var/lib/containerd/io.containerd.grpc.v1.cri StateDir:/run/containerd/io.containerd.grpc.v1.cri}"
Jun 03 06:08:08 kind-worker3 containerd[214]: time="2022-06-03T06:08:08.876375847Z" level=info msg="Connect containerd service"
Jun 03 06:08:08 kind-worker3 containerd[214]: time="2022-06-03T06:08:08.876425192Z" level=info msg="Get image filesystem path \"/var/lib/containerd/io.containerd.snapshotter.v1.overlayfs\""
Jun 03 06:08:08 kind-worker3 containerd[214]: time="2022-06-03T06:08:08.876861348Z" level=error msg="failed to load cni during init, please check CRI plugin status before setting up network for pods" error="cni config load failed: no network config found in /etc/cni/net.d: cni plugin not initialized: failed to load cni config"
Jun 03 06:08:08 kind-worker3 containerd[214]: time="2022-06-03T06:08:08.877949948Z" level=info msg=serving... address=/run/containerd/containerd.sock.ttrpc
Jun 03 06:08:08 kind-worker3 containerd[214]: time="2022-06-03T06:08:08.878016759Z" level=info msg=serving... address=/run/containerd/containerd.sock
Jun 03 06:08:08 kind-worker3 containerd[214]: time="2022-06-03T06:08:08.878035676Z" level=info msg="containerd successfully booted in 0.039610s"
Jun 03 06:08:08 kind-worker3 containerd[214]: time="2022-06-03T06:08:08.879655477Z" level=info msg="Start subscribing containerd event"
Jun 03 06:08:08 kind-worker3 containerd[214]: time="2022-06-03T06:08:08.880272598Z" level=info msg="Start recovering state"
Jun 03 06:08:08 kind-worker3 containerd[214]: time="2022-06-03T06:08:08.881936859Z" level=warning msg="The image docker.io/kindest/kindnetd:v20220510-4929dd75 is not unpacked."
Jun 03 06:08:08 kind-worker3 containerd[214]: time="2022-06-03T06:08:08.883790061Z" level=warning msg="The image docker.io/kindest/local-path-helper:v20220512-507ff70b is not unpacked."
Jun 03 06:08:08 kind-worker3 containerd[214]: time="2022-06-03T06:08:08.885241694Z" level=warning msg="The image docker.io/kindest/local-path-provisioner:v0.0.22-kind.0 is not unpacked."
Jun 03 06:08:08 kind-worker3 containerd[214]: time="2022-06-03T06:08:08.886153841Z" level=warning msg="The image import-2022-05-19@sha256:289df0671b753c90e6b717b92ada9af9bcb48678d59affc8cc27eef4f01e9251 is not unpacked."
Jun 03 06:08:08 kind-worker3 containerd[214]: time="2022-06-03T06:08:08.886962406Z" level=warning msg="The image import-2022-05-19@sha256:5611470386fb81d6d169bb37667ae1f9fa884631b265b54d8d9601d9338aad18 is not unpacked."
Jun 03 06:08:08 kind-worker3 containerd[214]: time="2022-06-03T06:08:08.887954170Z" level=warning msg="The image import-2022-05-19@sha256:654122cbd980cb4a8417347b8c84ecdbc81a735d3d01409bec6f37ef293511ca is not unpacked."
Jun 03 06:08:08 kind-worker3 containerd[214]: time="2022-06-03T06:08:08.888740636Z" level=warning msg="The image import-2022-05-19@sha256:948ca7c1da4b6108193f4dae34f2e94cfdaa901ab8876ba4009cc024673d2af4 is not unpacked."
Jun 03 06:08:08 kind-worker3 containerd[214]: time="2022-06-03T06:08:08.889690752Z" level=warning msg="The image k8s.gcr.io/coredns/coredns:v1.8.6 is not unpacked."
Jun 03 06:08:08 kind-worker3 containerd[214]: time="2022-06-03T06:08:08.890946378Z" level=warning msg="The image k8s.gcr.io/etcd:3.5.3-0 is not unpacked."
Jun 03 06:08:08 kind-worker3 containerd[214]: time="2022-06-03T06:08:08.892137005Z" level=warning msg="The image k8s.gcr.io/kube-apiserver:v1.24.0 is not unpacked."
Jun 03 06:08:08 kind-worker3 containerd[214]: time="2022-06-03T06:08:08.892875134Z" level=warning msg="The image k8s.gcr.io/kube-controller-manager:v1.24.0 is not unpacked."
Jun 03 06:08:08 kind-worker3 containerd[214]: time="2022-06-03T06:08:08.893681764Z" level=warning msg="The image k8s.gcr.io/kube-proxy:v1.24.0 is not unpacked."
Jun 03 06:08:08 kind-worker3 containerd[214]: time="2022-06-03T06:08:08.894419666Z" level=warning msg="The image k8s.gcr.io/kube-scheduler:v1.24.0 is not unpacked."
Jun 03 06:08:08 kind-worker3 containerd[214]: time="2022-06-03T06:08:08.895367827Z" level=warning msg="The image k8s.gcr.io/pause:3.6 is not unpacked."
Jun 03 06:08:08 kind-worker3 containerd[214]: time="2022-06-03T06:08:08.896499077Z" level=warning msg="The image sha256:41f5241e3396e516b754fd924d12444525720850c86aeac1b4bfd33616233b91 is not unpacked."
Jun 03 06:08:08 kind-worker3 containerd[214]: time="2022-06-03T06:08:08.897442050Z" level=warning msg="The image sha256:4c1e997385b8fb4ad4d1d3c7e5af7ff3f882e94d07cf5b78de9e889bc60830e6 is not unpacked."
Jun 03 06:08:08 kind-worker3 containerd[214]: time="2022-06-03T06:08:08.898865955Z" level=warning msg="The image sha256:6270bb605e12e581514ada5fd5b3216f727db55dc87d5889c790e4c760683fee is not unpacked."
Jun 03 06:08:08 kind-worker3 containerd[214]: time="2022-06-03T06:08:08.900548349Z" level=warning msg="The image sha256:64623e9d887d3ee33e56df43874531bf48391818f508505f21d6a5c5e4fa0da7 is not unpacked."
Jun 03 06:08:08 kind-worker3 containerd[214]: time="2022-06-03T06:08:08.902826952Z" level=warning msg="The image sha256:6960c0e47829dde050fa5a480f69ccca6bfbbdd1bab831aeed9040671b9dc30c is not unpacked."
Jun 03 06:08:08 kind-worker3 containerd[214]: time="2022-06-03T06:08:08.904008013Z" level=warning msg="The image sha256:6fb66cd78abfe9e0735a9a751f2586b7984e0d279e87fa8dd175781de6595627 is not unpacked."
Jun 03 06:08:08 kind-worker3 containerd[214]: time="2022-06-03T06:08:08.904984592Z" level=warning msg="The image sha256:9ef4b1de3be49aa0aa77d434a3c38e35c67c007b92a1c522825a46fc579ac998 is not unpacked."
Jun 03 06:08:08 kind-worker3 containerd[214]: time="2022-06-03T06:08:08.905912479Z" level=warning msg="The image sha256:a4ca41631cc7ac19ce1be3ebf0314ac5f47af7c711f17066006db82ee3b75b03 is not unpacked."
Jun 03 06:08:08 kind-worker3 containerd[214]: time="2022-06-03T06:08:08.907104011Z" level=warning msg="The image sha256:aebe758cef4cd05b9f8cee39758227714d02f42ef3088023c1e3cd454f927a2b is not unpacked."
Jun 03 06:08:08 kind-worker3 containerd[214]: time="2022-06-03T06:08:08.908266999Z" level=warning msg="The image sha256:efa8a439d146031cd20318ad4cb2eb712a2d638d503420212158ee737805e95a is not unpacked."
Jun 03 06:08:08 kind-worker3 containerd[214]: time="2022-06-03T06:08:08.908777302Z" level=info msg="Start event monitor"
Jun 03 06:08:08 kind-worker3 containerd[214]: time="2022-06-03T06:08:08.908820669Z" level=info msg="Start snapshots syncer"
Jun 03 06:08:08 kind-worker3 containerd[214]: time="2022-06-03T06:08:08.908836069Z" level=info msg="Start cni network conf syncer for default"
Jun 03 06:08:08 kind-worker3 containerd[214]: time="2022-06-03T06:08:08.908845321Z" level=info msg="Start streaming server"
Jun 03 06:08:41 kind-worker3 systemd[1]: Reloading.
Jun 03 06:08:41 kind-worker3 systemd[1]: Starting kubelet: The Kubernetes Node Agent...
Jun 03 06:08:41 kind-worker3 systemd[1]: Started kubelet: The Kubernetes Node Agent.
Jun 03 06:08:41 kind-worker3 kubelet[295]: Flag --container-runtime has been deprecated, will be removed in 1.27 as the only valid value is 'remote'
Jun 03 06:08:41 kind-worker3 kubelet[295]: Flag --pod-infra-container-image has been deprecated, will be removed in 1.27. Image garbage collector will get sandbox image information from CRI.
Jun 03 06:08:41 kind-worker3 kubelet[295]: Flag --provider-id has been deprecated, This parameter should be set via the config file specified by the Kubelet's --config flag. See https://kubernetes.io/docs/tasks/administer-cluster/kubelet-config-file/ for more information.
Jun 03 06:08:41 kind-worker3 kubelet[295]: Flag --fail-swap-on has been deprecated, This parameter should be set via the config file specified by the Kubelet's --config flag. See https://kubernetes.io/docs/tasks/administer-cluster/kubelet-config-file/ for more information.
Jun 03 06:08:41 kind-worker3 kubelet[295]: Flag --cgroup-root has been deprecated, This parameter should be set via the config file specified by the Kubelet's --config flag. See https://kubernetes.io/docs/tasks/administer-cluster/kubelet-config-file/ for more information.
Jun 03 06:08:41 kind-worker3 kubelet[295]: I0603 06:08:41.494365     295 server.go:193] "--pod-infra-container-image will not be pruned by the image garbage collector in kubelet and should also be set in the remote runtime"
Jun 03 06:08:41 kind-worker3 kubelet[295]: Flag --container-runtime has been deprecated, will be removed in 1.27 as the only valid value is 'remote'
Jun 03 06:08:41 kind-worker3 kubelet[295]: Flag --pod-infra-container-image has been deprecated, will be removed in 1.27. Image garbage collector will get sandbox image information from CRI.
Jun 03 06:08:41 kind-worker3 kubelet[295]: Flag --provider-id has been deprecated, This parameter should be set via the config file specified by the Kubelet's --config flag. See https://kubernetes.io/docs/tasks/administer-cluster/kubelet-config-file/ for more information.
Jun 03 06:08:41 kind-worker3 kubelet[295]: Flag --fail-swap-on has been deprecated, This parameter should be set via the config file specified by the Kubelet's --config flag. See https://kubernetes.io/docs/tasks/administer-cluster/kubelet-config-file/ for more information.
Jun 03 06:08:41 kind-worker3 kubelet[295]: Flag --cgroup-root has been deprecated, This parameter should be set via the config file specified by the Kubelet's --config flag. See https://kubernetes.io/docs/tasks/administer-cluster/kubelet-config-file/ for more information.
Jun 03 06:08:42 kind-worker3 systemd[1]: Started Kubernetes systemd probe.
Jun 03 06:08:42 kind-worker3 kubelet[295]: I0603 06:08:42.191011     295 server.go:399] "Kubelet version" kubeletVersion="v1.24.0"
Jun 03 06:08:42 kind-worker3 kubelet[295]: I0603 06:08:42.191039     295 server.go:401] "Golang settings" GOGC="" GOMAXPROCS="" GOTRACEBACK=""
Jun 03 06:08:42 kind-worker3 kubelet[295]: I0603 06:08:42.191289     295 server.go:813] "Client rotation is on, will bootstrap in background"
Jun 03 06:08:42 kind-worker3 kubelet[295]: I0603 06:08:42.194571     295 dynamic_cafile_content.go:157] "Starting controller" name="client-ca-bundle::/etc/kubernetes/pki/ca.crt"
Jun 03 06:08:42 kind-worker3 kubelet[295]: I0603 06:08:42.202822     295 container_manager_linux.go:262] "Container manager verified user specified cgroup-root exists" cgroupRoot=[kubelet]
Jun 03 06:08:42 kind-worker3 kubelet[295]: I0603 06:08:42.202898     295 container_manager_linux.go:267] "Creating Container Manager object based on Node Config" nodeConfig={RuntimeCgroupsName: SystemCgroupsName: KubeletCgroupsName: KubeletOOMScoreAdj:-999 ContainerRuntime: CgroupsPerQOS:true CgroupRoot:/kubelet CgroupDriver:systemd KubeletRootDir:/var/lib/kubelet ProtectKernelDefaults:false NodeAllocatableConfig:{KubeReservedCgroupName: SystemReservedCgroupName: ReservedSystemCPUs: EnforceNodeAllocatable:map[pods:{}] KubeReserved:map[] SystemReserved:map[] HardEvictionThresholds:[]} QOSReserved:map[] ExperimentalCPUManagerPolicy:none ExperimentalCPUManagerPolicyOptions:map[] ExperimentalTopologyManagerScope:container ExperimentalCPUManagerReconcilePeriod:10s ExperimentalMemoryManagerPolicy:None ExperimentalMemoryManagerReservedMemory:[] ExperimentalPodPidsLimit:-1 EnforceCPULimits:true CPUCFSQuotaPeriod:100ms ExperimentalTopologyManagerPolicy:none}
Jun 03 06:08:42 kind-worker3 kubelet[295]: I0603 06:08:42.202936     295 topology_manager.go:133] "Creating topology manager with policy per scope" topologyPolicyName="none" topologyScopeName="container"
Jun 03 06:08:42 kind-worker3 kubelet[295]: I0603 06:08:42.202959     295 container_manager_linux.go:302] "Creating device plugin manager" devicePluginEnabled=true
Jun 03 06:08:42 kind-worker3 kubelet[295]: I0603 06:08:42.203065     295 state_mem.go:36] "Initialized new in-memory state store"
Jun 03 06:08:42 kind-worker3 systemd[1]: run-rf3bcebb2164148a3be5ad8bf12ab44aa.scope: Deactivated successfully.
Jun 03 06:08:42 kind-worker3 kubelet[295]: I0603 06:08:42.213937     295 kubelet.go:376] "Attempting to sync node with API server"
Jun 03 06:08:42 kind-worker3 kubelet[295]: I0603 06:08:42.213966     295 kubelet.go:267] "Adding static pod path" path="/etc/kubernetes/manifests"
Jun 03 06:08:42 kind-worker3 kubelet[295]: I0603 06:08:42.213986     295 kubelet.go:278] "Adding apiserver pod source"
Jun 03 06:08:42 kind-worker3 kubelet[295]: I0603 06:08:42.213998     295 apiserver.go:42] "Waiting for node sync before watching apiserver pods"
Jun 03 06:08:42 kind-worker3 kubelet[295]: I0603 06:08:42.215736     295 kuberuntime_manager.go:239] "Container runtime initialized" containerRuntime="containerd" version="v1.6.4" apiVersion="v1"
Jun 03 06:08:42 kind-worker3 kubelet[295]: W0603 06:08:42.216473     295 probe.go:268] Flexvolume plugin directory at /usr/libexec/kubernetes/kubelet-plugins/volume/exec/ does not exist. Recreating.
Jun 03 06:08:42 kind-worker3 kubelet[295]: I0603 06:08:42.217194     295 server.go:1181] "Started kubelet"
Jun 03 06:08:42 kind-worker3 kubelet[295]: I0603 06:08:42.217790     295 server.go:150] "Starting to listen" address="0.0.0.0" port=10250
Jun 03 06:08:42 kind-worker3 kubelet[295]: I0603 06:08:42.218687     295 server.go:410] "Adding debug handlers to kubelet server"
Jun 03 06:08:42 kind-worker3 kubelet[295]: I0603 06:08:42.219451     295 fs_resource_analyzer.go:67] "Starting FS ResourceAnalyzer"
Jun 03 06:08:42 kind-worker3 kubelet[295]: I0603 06:08:42.219627     295 volume_manager.go:289] "Starting Kubelet Volume Manager"
Jun 03 06:08:42 kind-worker3 kubelet[295]: I0603 06:08:42.219720     295 desired_state_of_world_populator.go:145] "Desired state populator starts to run"
Jun 03 06:08:42 kind-worker3 kubelet[295]: E0603 06:08:42.220840     295 kubelet.go:2344] "Container runtime network not ready" networkReady="NetworkReady=false reason:NetworkPluginNotReady message:Network plugin returns error: cni plugin not initialized"
Jun 03 06:08:42 kind-worker3 kubelet[295]: E0603 06:08:42.237661     295 nodelease.go:49] "Failed to get node when trying to set owner ref to the node lease" err="nodes \"kind-worker3\" not found" node="kind-worker3"
Jun 03 06:08:42 kind-worker3 kubelet[295]: I0603 06:08:42.273726     295 kubelet_network_linux.go:76] "Initialized protocol iptables rules." protocol=IPv4
Jun 03 06:08:42 kind-worker3 kubelet[295]: I0603 06:08:42.279715     295 cpu_manager.go:213] "Starting CPU manager" policy="none"
Jun 03 06:08:42 kind-worker3 kubelet[295]: I0603 06:08:42.279742     295 cpu_manager.go:214] "Reconciling" reconcilePeriod="10s"
Jun 03 06:08:42 kind-worker3 kubelet[295]: I0603 06:08:42.279763     295 state_mem.go:36] "Initialized new in-memory state store"
Jun 03 06:08:42 kind-worker3 kubelet[295]: I0603 06:08:42.283920     295 policy_none.go:49] "None policy: Start"
Jun 03 06:08:42 kind-worker3 kubelet[295]: I0603 06:08:42.284519     295 memory_manager.go:168] "Starting memorymanager" policy="None"
Jun 03 06:08:42 kind-worker3 kubelet[295]: I0603 06:08:42.284548     295 state_mem.go:35] "Initializing new in-memory state store"
Jun 03 06:08:42 kind-worker3 systemd[1]: Created slice libcontainer container kubelet-kubepods.slice.
Jun 03 06:08:42 kind-worker3 kubelet[295]: I0603 06:08:42.306039     295 kubelet_network_linux.go:76] "Initialized protocol iptables rules." protocol=IPv6
Jun 03 06:08:42 kind-worker3 kubelet[295]: I0603 06:08:42.306071     295 status_manager.go:161] "Starting to sync pod status with apiserver"
Jun 03 06:08:42 kind-worker3 kubelet[295]: I0603 06:08:42.306087     295 kubelet.go:1974] "Starting kubelet main sync loop"
Jun 03 06:08:42 kind-worker3 kubelet[295]: E0603 06:08:42.306127     295 kubelet.go:1998] "Skipping pod synchronization" err="[container runtime status check may not have completed yet, PLEG is not healthy: pleg has yet to be successful]"
Jun 03 06:08:42 kind-worker3 systemd[1]: Created slice libcontainer container kubelet-kubepods-burstable.slice.
Jun 03 06:08:42 kind-worker3 kubelet[295]: E0603 06:08:42.320321     295 kubelet.go:2419] "Error getting node" err="node \"kind-worker3\" not found"
Jun 03 06:08:42 kind-worker3 kubelet[295]: I0603 06:08:42.320976     295 kubelet_node_status.go:70] "Attempting to register node" node="kind-worker3"
Jun 03 06:08:42 kind-worker3 systemd[1]: Created slice libcontainer container kubelet-kubepods-besteffort.slice.
Jun 03 06:08:42 kind-worker3 kubelet[295]: W0603 06:08:42.325818     295 watcher.go:93] Error while processing event ("/sys/fs/cgroup/devices/kubelet.slice/kubelet-kubepods.slice/kubelet-kubepods-besteffort.slice": 0x40000100 == IN_CREATE|IN_ISDIR): readdirent /sys/fs/cgroup/devices/kubelet.slice/kubelet-kubepods.slice/kubelet-kubepods-besteffort.slice: no such file or directory
Jun 03 06:08:42 kind-worker3 kubelet[295]: I0603 06:08:42.326005     295 manager.go:610] "Failed to read data from checkpoint" checkpoint="kubelet_internal_checkpoint" err="checkpoint is not found"
Jun 03 06:08:42 kind-worker3 kubelet[295]: I0603 06:08:42.326222     295 plugin_manager.go:114] "Starting Kubelet Plugin Manager"
Jun 03 06:08:42 kind-worker3 kubelet[295]: E0603 06:08:42.326911     295 eviction_manager.go:254] "Eviction manager: failed to get summary stats" err="failed to get node info: node \"kind-worker3\" not found"
Jun 03 06:08:42 kind-worker3 kubelet[295]: E0603 06:08:42.420898     295 kubelet.go:2419] "Error getting node" err="node \"kind-worker3\" not found"
Jun 03 06:08:42 kind-worker3 kubelet[295]: E0603 06:08:42.521342     295 kubelet.go:2419] "Error getting node" err="node \"kind-worker3\" not found"
Jun 03 06:08:42 kind-worker3 kubelet[295]: E0603 06:08:42.621700     295 kubelet.go:2419] "Error getting node" err="node \"kind-worker3\" not found"
Jun 03 06:08:42 kind-worker3 kubelet[295]: I0603 06:08:42.626736     295 kubelet_node_status.go:73] "Successfully registered node" node="kind-worker3"
Jun 03 06:08:42 kind-worker3 kubelet[295]: I0603 06:08:42.722507     295 kuberuntime_manager.go:1095] "Updating runtime config through cri with podcidr" CIDR="10.244.1.0/24"
Jun 03 06:08:42 kind-worker3 containerd[214]: time="2022-06-03T06:08:42.722885300Z" level=info msg="No cni config template is specified, wait for other system components to drop the config."
Jun 03 06:08:42 kind-worker3 kubelet[295]: I0603 06:08:42.723081     295 kubelet_network.go:60] "Updating Pod CIDR" originalPodCIDR="" newPodCIDR="10.244.1.0/24"
Jun 03 06:08:42 kind-worker3 kubelet[295]: E0603 06:08:42.723412     295 kubelet.go:2344] "Container runtime network not ready" networkReady="NetworkReady=false reason:NetworkPluginNotReady message:Network plugin returns error: cni plugin not initialized"
Jun 03 06:08:43 kind-worker3 kubelet[295]: I0603 06:08:43.216305     295 apiserver.go:52] "Watching apiserver"
Jun 03 06:08:43 kind-worker3 kubelet[295]: I0603 06:08:43.418079     295 topology_manager.go:200] "Topology Admit Handler"
Jun 03 06:08:43 kind-worker3 kubelet[295]: I0603 06:08:43.418192     295 topology_manager.go:200] "Topology Admit Handler"
Jun 03 06:08:43 kind-worker3 systemd[1]: Created slice libcontainer container kubelet-kubepods-besteffort-podd83f4657_47cf_492d_8c1b_4a635aa95ca0.slice.
Jun 03 06:08:43 kind-worker3 kubelet[295]: I0603 06:08:43.426338     295 reconciler.go:270] "operationExecutor.VerifyControllerAttachedVolume started for volume \"kube-proxy\" (UniqueName: \"kubernetes.io/configmap/d83f4657-47cf-492d-8c1b-4a635aa95ca0-kube-proxy\") pod \"kube-proxy-l226c\" (UID: \"d83f4657-47cf-492d-8c1b-4a635aa95ca0\") " pod="kube-system/kube-proxy-l226c"
Jun 03 06:08:43 kind-worker3 kubelet[295]: I0603 06:08:43.426401     295 reconciler.go:270] "operationExecutor.VerifyControllerAttachedVolume started for volume \"xtables-lock\" (UniqueName: \"kubernetes.io/host-path/d83f4657-47cf-492d-8c1b-4a635aa95ca0-xtables-lock\") pod \"kube-proxy-l226c\" (UID: \"d83f4657-47cf-492d-8c1b-4a635aa95ca0\") " pod="kube-system/kube-proxy-l226c"
Jun 03 06:08:43 kind-worker3 kubelet[295]: I0603 06:08:43.426447     295 reconciler.go:270] "operationExecutor.VerifyControllerAttachedVolume started for volume \"lib-modules\" (UniqueName: \"kubernetes.io/host-path/d83f4657-47cf-492d-8c1b-4a635aa95ca0-lib-modules\") pod \"kube-proxy-l226c\" (UID: \"d83f4657-47cf-492d-8c1b-4a635aa95ca0\") " pod="kube-system/kube-proxy-l226c"
Jun 03 06:08:43 kind-worker3 kubelet[295]: I0603 06:08:43.426491     295 reconciler.go:270] "operationExecutor.VerifyControllerAttachedVolume started for volume \"kube-api-access-jpmcm\" (UniqueName: \"kubernetes.io/projected/d83f4657-47cf-492d-8c1b-4a635aa95ca0-kube-api-access-jpmcm\") pod \"kube-proxy-l226c\" (UID: \"d83f4657-47cf-492d-8c1b-4a635aa95ca0\") " pod="kube-system/kube-proxy-l226c"
Jun 03 06:08:43 kind-worker3 kubelet[295]: I0603 06:08:43.426539     295 reconciler.go:270] "operationExecutor.VerifyControllerAttachedVolume started for volume \"cni-cfg\" (UniqueName: \"kubernetes.io/host-path/7a662417-4327-47e0-b7cf-4ac2793fb09b-cni-cfg\") pod \"kindnet-hrv9c\" (UID: \"7a662417-4327-47e0-b7cf-4ac2793fb09b\") " pod="kube-system/kindnet-hrv9c"
Jun 03 06:08:43 kind-worker3 kubelet[295]: I0603 06:08:43.426604     295 reconciler.go:270] "operationExecutor.VerifyControllerAttachedVolume started for volume \"xtables-lock\" (UniqueName: \"kubernetes.io/host-path/7a662417-4327-47e0-b7cf-4ac2793fb09b-xtables-lock\") pod \"kindnet-hrv9c\" (UID: \"7a662417-4327-47e0-b7cf-4ac2793fb09b\") " pod="kube-system/kindnet-hrv9c"
Jun 03 06:08:43 kind-worker3 kubelet[295]: I0603 06:08:43.426643     295 reconciler.go:270] "operationExecutor.VerifyControllerAttachedVolume started for volume \"lib-modules\" (UniqueName: \"kubernetes.io/host-path/7a662417-4327-47e0-b7cf-4ac2793fb09b-lib-modules\") pod \"kindnet-hrv9c\" (UID: \"7a662417-4327-47e0-b7cf-4ac2793fb09b\") " pod="kube-system/kindnet-hrv9c"
Jun 03 06:08:43 kind-worker3 kubelet[295]: I0603 06:08:43.426685     295 reconciler.go:270] "operationExecutor.VerifyControllerAttachedVolume started for volume \"kube-api-access-rgtlp\" (UniqueName: \"kubernetes.io/projected/7a662417-4327-47e0-b7cf-4ac2793fb09b-kube-api-access-rgtlp\") pod \"kindnet-hrv9c\" (UID: \"7a662417-4327-47e0-b7cf-4ac2793fb09b\") " pod="kube-system/kindnet-hrv9c"
Jun 03 06:08:43 kind-worker3 kubelet[295]: I0603 06:08:43.426698     295 reconciler.go:157] "Reconciler: start to sync state"
Jun 03 06:08:43 kind-worker3 systemd[1]: Created slice libcontainer container kubelet-kubepods-pod7a662417_4327_47e0_b7cf_4ac2793fb09b.slice.
Jun 03 06:08:44 kind-worker3 containerd[214]: time="2022-06-03T06:08:44.354476573Z" level=info msg="RunPodSandbox for &PodSandboxMetadata{Name:kindnet-hrv9c,Uid:7a662417-4327-47e0-b7cf-4ac2793fb09b,Namespace:kube-system,Attempt:0,}"
Jun 03 06:08:44 kind-worker3 systemd[1]: var-lib-containerd-tmpmounts-containerd\x2dmount965356313.mount: Deactivated successfully.
Jun 03 06:08:44 kind-worker3 containerd[214]: time="2022-06-03T06:08:44.390333915Z" level=info msg="loading plugin \"io.containerd.event.v1.publisher\"..." runtime=io.containerd.runc.v2 type=io.containerd.event.v1
Jun 03 06:08:44 kind-worker3 containerd[214]: time="2022-06-03T06:08:44.390423396Z" level=info msg="loading plugin \"io.containerd.internal.v1.shutdown\"..." runtime=io.containerd.runc.v2 type=io.containerd.internal.v1
Jun 03 06:08:44 kind-worker3 containerd[214]: time="2022-06-03T06:08:44.390446150Z" level=info msg="loading plugin \"io.containerd.ttrpc.v1.task\"..." runtime=io.containerd.runc.v2 type=io.containerd.ttrpc.v1
Jun 03 06:08:44 kind-worker3 containerd[214]: time="2022-06-03T06:08:44.390750151Z" level=info msg="starting signal loop" namespace=k8s.io path=/run/containerd/io.containerd.runtime.v2.task/k8s.io/8fbda2dc95bf9fe909a6acd5a878c3f342e32dff54a4bfbc52a263390f50829f pid=383 runtime=io.containerd.runc.v2
Jun 03 06:08:44 kind-worker3 systemd[1]: Started libcontainer container 8fbda2dc95bf9fe909a6acd5a878c3f342e32dff54a4bfbc52a263390f50829f.
Jun 03 06:08:44 kind-worker3 containerd[214]: time="2022-06-03T06:08:44.650958638Z" level=info msg="RunPodSandbox for &PodSandboxMetadata{Name:kube-proxy-l226c,Uid:d83f4657-47cf-492d-8c1b-4a635aa95ca0,Namespace:kube-system,Attempt:0,}"
Jun 03 06:08:44 kind-worker3 containerd[214]: time="2022-06-03T06:08:44.665988420Z" level=info msg="loading plugin \"io.containerd.event.v1.publisher\"..." runtime=io.containerd.runc.v2 type=io.containerd.event.v1
Jun 03 06:08:44 kind-worker3 containerd[214]: time="2022-06-03T06:08:44.666055953Z" level=info msg="loading plugin \"io.containerd.internal.v1.shutdown\"..." runtime=io.containerd.runc.v2 type=io.containerd.internal.v1
Jun 03 06:08:44 kind-worker3 containerd[214]: time="2022-06-03T06:08:44.666069461Z" level=info msg="loading plugin \"io.containerd.ttrpc.v1.task\"..." runtime=io.containerd.runc.v2 type=io.containerd.ttrpc.v1
Jun 03 06:08:44 kind-worker3 containerd[214]: time="2022-06-03T06:08:44.666397637Z" level=info msg="starting signal loop" namespace=k8s.io path=/run/containerd/io.containerd.runtime.v2.task/k8s.io/df04a0918e9b526823ac19706db9376ed5285ccb1678a1fc9cf4d0c369bb58fc pid=417 runtime=io.containerd.runc.v2
Jun 03 06:08:44 kind-worker3 systemd[1]: Started libcontainer container df04a0918e9b526823ac19706db9376ed5285ccb1678a1fc9cf4d0c369bb58fc.
Jun 03 06:08:44 kind-worker3 containerd[214]: time="2022-06-03T06:08:44.713663800Z" level=info msg="RunPodSandbox for &PodSandboxMetadata{Name:kindnet-hrv9c,Uid:7a662417-4327-47e0-b7cf-4ac2793fb09b,Namespace:kube-system,Attempt:0,} returns sandbox id \"8fbda2dc95bf9fe909a6acd5a878c3f342e32dff54a4bfbc52a263390f50829f\""
Jun 03 06:08:44 kind-worker3 containerd[214]: time="2022-06-03T06:08:44.718425177Z" level=info msg="CreateContainer within sandbox \"8fbda2dc95bf9fe909a6acd5a878c3f342e32dff54a4bfbc52a263390f50829f\" for container &ContainerMetadata{Name:kindnet-cni,Attempt:0,}"
Jun 03 06:08:44 kind-worker3 containerd[214]: time="2022-06-03T06:08:44.727955162Z" level=info msg="RunPodSandbox for &PodSandboxMetadata{Name:kube-proxy-l226c,Uid:d83f4657-47cf-492d-8c1b-4a635aa95ca0,Namespace:kube-system,Attempt:0,} returns sandbox id \"df04a0918e9b526823ac19706db9376ed5285ccb1678a1fc9cf4d0c369bb58fc\""
Jun 03 06:08:44 kind-worker3 containerd[214]: time="2022-06-03T06:08:44.730440481Z" level=info msg="CreateContainer within sandbox \"df04a0918e9b526823ac19706db9376ed5285ccb1678a1fc9cf4d0c369bb58fc\" for container &ContainerMetadata{Name:kube-proxy,Attempt:0,}"
Jun 03 06:08:45 kind-worker3 containerd[214]: time="2022-06-03T06:08:45.944037800Z" level=info msg="CreateContainer within sandbox \"df04a0918e9b526823ac19706db9376ed5285ccb1678a1fc9cf4d0c369bb58fc\" for &ContainerMetadata{Name:kube-proxy,Attempt:0,} returns container id \"958750b4992cefcdcfa3e4e9b8f58ceb9c5ecba0e26508eead3b5d4f99a1055f\""
Jun 03 06:08:45 kind-worker3 containerd[214]: time="2022-06-03T06:08:45.945122262Z" level=info msg="StartContainer for \"958750b4992cefcdcfa3e4e9b8f58ceb9c5ecba0e26508eead3b5d4f99a1055f\""
Jun 03 06:08:45 kind-worker3 systemd[1]: Started libcontainer container 958750b4992cefcdcfa3e4e9b8f58ceb9c5ecba0e26508eead3b5d4f99a1055f.
Jun 03 06:08:46 kind-worker3 containerd[214]: time="2022-06-03T06:08:46.070716644Z" level=info msg="StartContainer for \"958750b4992cefcdcfa3e4e9b8f58ceb9c5ecba0e26508eead3b5d4f99a1055f\" returns successfully"
Jun 03 06:08:46 kind-worker3 containerd[214]: time="2022-06-03T06:08:46.127212278Z" level=info msg="CreateContainer within sandbox \"8fbda2dc95bf9fe909a6acd5a878c3f342e32dff54a4bfbc52a263390f50829f\" for &ContainerMetadata{Name:kindnet-cni,Attempt:0,} returns container id \"8a0c2663f94d829eb21ff206b639f1d297701436fef54c3f9c0c447802e7f244\""
Jun 03 06:08:46 kind-worker3 containerd[214]: time="2022-06-03T06:08:46.127795426Z" level=info msg="StartContainer for \"8a0c2663f94d829eb21ff206b639f1d297701436fef54c3f9c0c447802e7f244\""
Jun 03 06:08:46 kind-worker3 systemd[1]: Started libcontainer container 8a0c2663f94d829eb21ff206b639f1d297701436fef54c3f9c0c447802e7f244.
Jun 03 06:08:46 kind-worker3 containerd[214]: time="2022-06-03T06:08:46.701161390Z" level=info msg="StartContainer for \"8a0c2663f94d829eb21ff206b639f1d297701436fef54c3f9c0c447802e7f244\" returns successfully"
Jun 03 06:08:47 kind-worker3 containerd[214]: time="2022-06-03T06:08:47.199720629Z" level=error msg="failed to reload cni configuration after receiving fs change event(\"/etc/cni/net.d/10-kindnet.conflist.temp\": WRITE)" error="cni config load failed: no network config found in /etc/cni/net.d: cni plugin not initialized: failed to load cni config"
Jun 03 06:08:47 kind-worker3 containerd[214]: time="2022-06-03T06:08:47.200327483Z" level=error msg="failed to reload cni configuration after receiving fs change event(\"/etc/cni/net.d/10-kindnet.conflist.temp\": WRITE)" error="cni config load failed: no network config found in /etc/cni/net.d: cni plugin not initialized: failed to load cni config"
Jun 03 06:08:47 kind-worker3 containerd[214]: time="2022-06-03T06:08:47.200422834Z" level=error msg="failed to reload cni configuration after receiving fs change event(\"/etc/cni/net.d/10-kindnet.conflist.temp\": WRITE)" error="cni config load failed: no network config found in /etc/cni/net.d: cni plugin not initialized: failed to load cni config"
Jun 03 06:08:52 kind-worker3 kubelet[295]: I0603 06:08:52.193319     295 transport.go:135] "Certificate rotation detected, shutting down client connections to start using new credentials"
