-- Journal begins at Fri 2022-06-03 06:08:08 UTC, ends at Fri 2022-06-03 06:08:52 UTC. --
Jun 03 06:08:08 kind-worker3 systemd[1]: Condition check resulted in kubelet: The Kubernetes Node Agent being skipped.
Jun 03 06:08:41 kind-worker3 systemd[1]: Starting kubelet: The Kubernetes Node Agent...
Jun 03 06:08:41 kind-worker3 systemd[1]: Started kubelet: The Kubernetes Node Agent.
Jun 03 06:08:41 kind-worker3 kubelet[295]: Flag --container-runtime has been deprecated, will be removed in 1.27 as the only valid value is 'remote'
Jun 03 06:08:41 kind-worker3 kubelet[295]: Flag --pod-infra-container-image has been deprecated, will be removed in 1.27. Image garbage collector will get sandbox image information from CRI.
Jun 03 06:08:41 kind-worker3 kubelet[295]: Flag --provider-id has been deprecated, This parameter should be set via the config file specified by the Kubelet's --config flag. See https://kubernetes.io/docs/tasks/administer-cluster/kubelet-config-file/ for more information.
Jun 03 06:08:41 kind-worker3 kubelet[295]: Flag --fail-swap-on has been deprecated, This parameter should be set via the config file specified by the Kubelet's --config flag. See https://kubernetes.io/docs/tasks/administer-cluster/kubelet-config-file/ for more information.
Jun 03 06:08:41 kind-worker3 kubelet[295]: Flag --cgroup-root has been deprecated, This parameter should be set via the config file specified by the Kubelet's --config flag. See https://kubernetes.io/docs/tasks/administer-cluster/kubelet-config-file/ for more information.
Jun 03 06:08:41 kind-worker3 kubelet[295]: I0603 06:08:41.494365     295 server.go:193] "--pod-infra-container-image will not be pruned by the image garbage collector in kubelet and should also be set in the remote runtime"
Jun 03 06:08:41 kind-worker3 kubelet[295]: Flag --container-runtime has been deprecated, will be removed in 1.27 as the only valid value is 'remote'
Jun 03 06:08:41 kind-worker3 kubelet[295]: Flag --pod-infra-container-image has been deprecated, will be removed in 1.27. Image garbage collector will get sandbox image information from CRI.
Jun 03 06:08:41 kind-worker3 kubelet[295]: Flag --provider-id has been deprecated, This parameter should be set via the config file specified by the Kubelet's --config flag. See https://kubernetes.io/docs/tasks/administer-cluster/kubelet-config-file/ for more information.
Jun 03 06:08:41 kind-worker3 kubelet[295]: Flag --fail-swap-on has been deprecated, This parameter should be set via the config file specified by the Kubelet's --config flag. See https://kubernetes.io/docs/tasks/administer-cluster/kubelet-config-file/ for more information.
Jun 03 06:08:41 kind-worker3 kubelet[295]: Flag --cgroup-root has been deprecated, This parameter should be set via the config file specified by the Kubelet's --config flag. See https://kubernetes.io/docs/tasks/administer-cluster/kubelet-config-file/ for more information.
Jun 03 06:08:42 kind-worker3 kubelet[295]: I0603 06:08:42.191011     295 server.go:399] "Kubelet version" kubeletVersion="v1.24.0"
Jun 03 06:08:42 kind-worker3 kubelet[295]: I0603 06:08:42.191039     295 server.go:401] "Golang settings" GOGC="" GOMAXPROCS="" GOTRACEBACK=""
Jun 03 06:08:42 kind-worker3 kubelet[295]: I0603 06:08:42.191289     295 server.go:813] "Client rotation is on, will bootstrap in background"
Jun 03 06:08:42 kind-worker3 kubelet[295]: I0603 06:08:42.194571     295 dynamic_cafile_content.go:157] "Starting controller" name="client-ca-bundle::/etc/kubernetes/pki/ca.crt"
Jun 03 06:08:42 kind-worker3 kubelet[295]: I0603 06:08:42.202822     295 container_manager_linux.go:262] "Container manager verified user specified cgroup-root exists" cgroupRoot=[kubelet]
Jun 03 06:08:42 kind-worker3 kubelet[295]: I0603 06:08:42.202898     295 container_manager_linux.go:267] "Creating Container Manager object based on Node Config" nodeConfig={RuntimeCgroupsName: SystemCgroupsName: KubeletCgroupsName: KubeletOOMScoreAdj:-999 ContainerRuntime: CgroupsPerQOS:true CgroupRoot:/kubelet CgroupDriver:systemd KubeletRootDir:/var/lib/kubelet ProtectKernelDefaults:false NodeAllocatableConfig:{KubeReservedCgroupName: SystemReservedCgroupName: ReservedSystemCPUs: EnforceNodeAllocatable:map[pods:{}] KubeReserved:map[] SystemReserved:map[] HardEvictionThresholds:[]} QOSReserved:map[] ExperimentalCPUManagerPolicy:none ExperimentalCPUManagerPolicyOptions:map[] ExperimentalTopologyManagerScope:container ExperimentalCPUManagerReconcilePeriod:10s ExperimentalMemoryManagerPolicy:None ExperimentalMemoryManagerReservedMemory:[] ExperimentalPodPidsLimit:-1 EnforceCPULimits:true CPUCFSQuotaPeriod:100ms ExperimentalTopologyManagerPolicy:none}
Jun 03 06:08:42 kind-worker3 kubelet[295]: I0603 06:08:42.202936     295 topology_manager.go:133] "Creating topology manager with policy per scope" topologyPolicyName="none" topologyScopeName="container"
Jun 03 06:08:42 kind-worker3 kubelet[295]: I0603 06:08:42.202959     295 container_manager_linux.go:302] "Creating device plugin manager" devicePluginEnabled=true
Jun 03 06:08:42 kind-worker3 kubelet[295]: I0603 06:08:42.203065     295 state_mem.go:36] "Initialized new in-memory state store"
Jun 03 06:08:42 kind-worker3 kubelet[295]: I0603 06:08:42.213937     295 kubelet.go:376] "Attempting to sync node with API server"
Jun 03 06:08:42 kind-worker3 kubelet[295]: I0603 06:08:42.213966     295 kubelet.go:267] "Adding static pod path" path="/etc/kubernetes/manifests"
Jun 03 06:08:42 kind-worker3 kubelet[295]: I0603 06:08:42.213986     295 kubelet.go:278] "Adding apiserver pod source"
Jun 03 06:08:42 kind-worker3 kubelet[295]: I0603 06:08:42.213998     295 apiserver.go:42] "Waiting for node sync before watching apiserver pods"
Jun 03 06:08:42 kind-worker3 kubelet[295]: I0603 06:08:42.215736     295 kuberuntime_manager.go:239] "Container runtime initialized" containerRuntime="containerd" version="v1.6.4" apiVersion="v1"
Jun 03 06:08:42 kind-worker3 kubelet[295]: W0603 06:08:42.216473     295 probe.go:268] Flexvolume plugin directory at /usr/libexec/kubernetes/kubelet-plugins/volume/exec/ does not exist. Recreating.
Jun 03 06:08:42 kind-worker3 kubelet[295]: I0603 06:08:42.217194     295 server.go:1181] "Started kubelet"
Jun 03 06:08:42 kind-worker3 kubelet[295]: I0603 06:08:42.217790     295 server.go:150] "Starting to listen" address="0.0.0.0" port=10250
Jun 03 06:08:42 kind-worker3 kubelet[295]: I0603 06:08:42.218687     295 server.go:410] "Adding debug handlers to kubelet server"
Jun 03 06:08:42 kind-worker3 kubelet[295]: I0603 06:08:42.219451     295 fs_resource_analyzer.go:67] "Starting FS ResourceAnalyzer"
Jun 03 06:08:42 kind-worker3 kubelet[295]: I0603 06:08:42.219627     295 volume_manager.go:289] "Starting Kubelet Volume Manager"
Jun 03 06:08:42 kind-worker3 kubelet[295]: I0603 06:08:42.219720     295 desired_state_of_world_populator.go:145] "Desired state populator starts to run"
Jun 03 06:08:42 kind-worker3 kubelet[295]: E0603 06:08:42.220840     295 kubelet.go:2344] "Container runtime network not ready" networkReady="NetworkReady=false reason:NetworkPluginNotReady message:Network plugin returns error: cni plugin not initialized"
Jun 03 06:08:42 kind-worker3 kubelet[295]: E0603 06:08:42.237661     295 nodelease.go:49] "Failed to get node when trying to set owner ref to the node lease" err="nodes \"kind-worker3\" not found" node="kind-worker3"
Jun 03 06:08:42 kind-worker3 kubelet[295]: I0603 06:08:42.273726     295 kubelet_network_linux.go:76] "Initialized protocol iptables rules." protocol=IPv4
Jun 03 06:08:42 kind-worker3 kubelet[295]: I0603 06:08:42.279715     295 cpu_manager.go:213] "Starting CPU manager" policy="none"
Jun 03 06:08:42 kind-worker3 kubelet[295]: I0603 06:08:42.279742     295 cpu_manager.go:214] "Reconciling" reconcilePeriod="10s"
Jun 03 06:08:42 kind-worker3 kubelet[295]: I0603 06:08:42.279763     295 state_mem.go:36] "Initialized new in-memory state store"
Jun 03 06:08:42 kind-worker3 kubelet[295]: I0603 06:08:42.283920     295 policy_none.go:49] "None policy: Start"
Jun 03 06:08:42 kind-worker3 kubelet[295]: I0603 06:08:42.284519     295 memory_manager.go:168] "Starting memorymanager" policy="None"
Jun 03 06:08:42 kind-worker3 kubelet[295]: I0603 06:08:42.284548     295 state_mem.go:35] "Initializing new in-memory state store"
Jun 03 06:08:42 kind-worker3 kubelet[295]: I0603 06:08:42.306039     295 kubelet_network_linux.go:76] "Initialized protocol iptables rules." protocol=IPv6
Jun 03 06:08:42 kind-worker3 kubelet[295]: I0603 06:08:42.306071     295 status_manager.go:161] "Starting to sync pod status with apiserver"
Jun 03 06:08:42 kind-worker3 kubelet[295]: I0603 06:08:42.306087     295 kubelet.go:1974] "Starting kubelet main sync loop"
Jun 03 06:08:42 kind-worker3 kubelet[295]: E0603 06:08:42.306127     295 kubelet.go:1998] "Skipping pod synchronization" err="[container runtime status check may not have completed yet, PLEG is not healthy: pleg has yet to be successful]"
Jun 03 06:08:42 kind-worker3 kubelet[295]: E0603 06:08:42.320321     295 kubelet.go:2419] "Error getting node" err="node \"kind-worker3\" not found"
Jun 03 06:08:42 kind-worker3 kubelet[295]: I0603 06:08:42.320976     295 kubelet_node_status.go:70] "Attempting to register node" node="kind-worker3"
Jun 03 06:08:42 kind-worker3 kubelet[295]: W0603 06:08:42.325818     295 watcher.go:93] Error while processing event ("/sys/fs/cgroup/devices/kubelet.slice/kubelet-kubepods.slice/kubelet-kubepods-besteffort.slice": 0x40000100 == IN_CREATE|IN_ISDIR): readdirent /sys/fs/cgroup/devices/kubelet.slice/kubelet-kubepods.slice/kubelet-kubepods-besteffort.slice: no such file or directory
Jun 03 06:08:42 kind-worker3 kubelet[295]: I0603 06:08:42.326005     295 manager.go:610] "Failed to read data from checkpoint" checkpoint="kubelet_internal_checkpoint" err="checkpoint is not found"
Jun 03 06:08:42 kind-worker3 kubelet[295]: I0603 06:08:42.326222     295 plugin_manager.go:114] "Starting Kubelet Plugin Manager"
Jun 03 06:08:42 kind-worker3 kubelet[295]: E0603 06:08:42.326911     295 eviction_manager.go:254] "Eviction manager: failed to get summary stats" err="failed to get node info: node \"kind-worker3\" not found"
Jun 03 06:08:42 kind-worker3 kubelet[295]: E0603 06:08:42.420898     295 kubelet.go:2419] "Error getting node" err="node \"kind-worker3\" not found"
Jun 03 06:08:42 kind-worker3 kubelet[295]: E0603 06:08:42.521342     295 kubelet.go:2419] "Error getting node" err="node \"kind-worker3\" not found"
Jun 03 06:08:42 kind-worker3 kubelet[295]: E0603 06:08:42.621700     295 kubelet.go:2419] "Error getting node" err="node \"kind-worker3\" not found"
Jun 03 06:08:42 kind-worker3 kubelet[295]: I0603 06:08:42.626736     295 kubelet_node_status.go:73] "Successfully registered node" node="kind-worker3"
Jun 03 06:08:42 kind-worker3 kubelet[295]: I0603 06:08:42.722507     295 kuberuntime_manager.go:1095] "Updating runtime config through cri with podcidr" CIDR="10.244.1.0/24"
Jun 03 06:08:42 kind-worker3 kubelet[295]: I0603 06:08:42.723081     295 kubelet_network.go:60] "Updating Pod CIDR" originalPodCIDR="" newPodCIDR="10.244.1.0/24"
Jun 03 06:08:42 kind-worker3 kubelet[295]: E0603 06:08:42.723412     295 kubelet.go:2344] "Container runtime network not ready" networkReady="NetworkReady=false reason:NetworkPluginNotReady message:Network plugin returns error: cni plugin not initialized"
Jun 03 06:08:43 kind-worker3 kubelet[295]: I0603 06:08:43.216305     295 apiserver.go:52] "Watching apiserver"
Jun 03 06:08:43 kind-worker3 kubelet[295]: I0603 06:08:43.418079     295 topology_manager.go:200] "Topology Admit Handler"
Jun 03 06:08:43 kind-worker3 kubelet[295]: I0603 06:08:43.418192     295 topology_manager.go:200] "Topology Admit Handler"
Jun 03 06:08:43 kind-worker3 kubelet[295]: I0603 06:08:43.426338     295 reconciler.go:270] "operationExecutor.VerifyControllerAttachedVolume started for volume \"kube-proxy\" (UniqueName: \"kubernetes.io/configmap/d83f4657-47cf-492d-8c1b-4a635aa95ca0-kube-proxy\") pod \"kube-proxy-l226c\" (UID: \"d83f4657-47cf-492d-8c1b-4a635aa95ca0\") " pod="kube-system/kube-proxy-l226c"
Jun 03 06:08:43 kind-worker3 kubelet[295]: I0603 06:08:43.426401     295 reconciler.go:270] "operationExecutor.VerifyControllerAttachedVolume started for volume \"xtables-lock\" (UniqueName: \"kubernetes.io/host-path/d83f4657-47cf-492d-8c1b-4a635aa95ca0-xtables-lock\") pod \"kube-proxy-l226c\" (UID: \"d83f4657-47cf-492d-8c1b-4a635aa95ca0\") " pod="kube-system/kube-proxy-l226c"
Jun 03 06:08:43 kind-worker3 kubelet[295]: I0603 06:08:43.426447     295 reconciler.go:270] "operationExecutor.VerifyControllerAttachedVolume started for volume \"lib-modules\" (UniqueName: \"kubernetes.io/host-path/d83f4657-47cf-492d-8c1b-4a635aa95ca0-lib-modules\") pod \"kube-proxy-l226c\" (UID: \"d83f4657-47cf-492d-8c1b-4a635aa95ca0\") " pod="kube-system/kube-proxy-l226c"
Jun 03 06:08:43 kind-worker3 kubelet[295]: I0603 06:08:43.426491     295 reconciler.go:270] "operationExecutor.VerifyControllerAttachedVolume started for volume \"kube-api-access-jpmcm\" (UniqueName: \"kubernetes.io/projected/d83f4657-47cf-492d-8c1b-4a635aa95ca0-kube-api-access-jpmcm\") pod \"kube-proxy-l226c\" (UID: \"d83f4657-47cf-492d-8c1b-4a635aa95ca0\") " pod="kube-system/kube-proxy-l226c"
Jun 03 06:08:43 kind-worker3 kubelet[295]: I0603 06:08:43.426539     295 reconciler.go:270] "operationExecutor.VerifyControllerAttachedVolume started for volume \"cni-cfg\" (UniqueName: \"kubernetes.io/host-path/7a662417-4327-47e0-b7cf-4ac2793fb09b-cni-cfg\") pod \"kindnet-hrv9c\" (UID: \"7a662417-4327-47e0-b7cf-4ac2793fb09b\") " pod="kube-system/kindnet-hrv9c"
Jun 03 06:08:43 kind-worker3 kubelet[295]: I0603 06:08:43.426604     295 reconciler.go:270] "operationExecutor.VerifyControllerAttachedVolume started for volume \"xtables-lock\" (UniqueName: \"kubernetes.io/host-path/7a662417-4327-47e0-b7cf-4ac2793fb09b-xtables-lock\") pod \"kindnet-hrv9c\" (UID: \"7a662417-4327-47e0-b7cf-4ac2793fb09b\") " pod="kube-system/kindnet-hrv9c"
Jun 03 06:08:43 kind-worker3 kubelet[295]: I0603 06:08:43.426643     295 reconciler.go:270] "operationExecutor.VerifyControllerAttachedVolume started for volume \"lib-modules\" (UniqueName: \"kubernetes.io/host-path/7a662417-4327-47e0-b7cf-4ac2793fb09b-lib-modules\") pod \"kindnet-hrv9c\" (UID: \"7a662417-4327-47e0-b7cf-4ac2793fb09b\") " pod="kube-system/kindnet-hrv9c"
Jun 03 06:08:43 kind-worker3 kubelet[295]: I0603 06:08:43.426685     295 reconciler.go:270] "operationExecutor.VerifyControllerAttachedVolume started for volume \"kube-api-access-rgtlp\" (UniqueName: \"kubernetes.io/projected/7a662417-4327-47e0-b7cf-4ac2793fb09b-kube-api-access-rgtlp\") pod \"kindnet-hrv9c\" (UID: \"7a662417-4327-47e0-b7cf-4ac2793fb09b\") " pod="kube-system/kindnet-hrv9c"
Jun 03 06:08:43 kind-worker3 kubelet[295]: I0603 06:08:43.426698     295 reconciler.go:157] "Reconciler: start to sync state"
Jun 03 06:08:52 kind-worker3 kubelet[295]: I0603 06:08:52.193319     295 transport.go:135] "Certificate rotation detected, shutting down client connections to start using new credentials"
